
synpwrap -msg -prj "osc00_osc0_synplify.tcl" -log "osc00_osc0.srf"
Copyright (C) 1992-2020 Lattice Semiconductor Corporation. All rights reserved.
Lattice Diamond Version 3.12.1.454
    <postMsg mid="2011000" type="Info"    dynamic="0" navigation="0"  />

==contents of osc00_osc0.srf
#Build: Synplify Pro (R) R-2021.03L-SP1, Build 093R, Aug 10 2021
#install: C:\lscc\diamond\3.12\synpbase
#OS: Windows 8 6.2
#Hostname: DESKTOP-EM0A4AG

# Wed Mar  9 11:03:53 2022

#Implementation: osc0


Copyright (C) 1994-2021 Synopsys, Inc.
This Synopsys software and all associated documentation are proprietary to Synopsys, Inc.
and may only be used pursuant to the terms and conditions of a written license agreement
with Synopsys, Inc. All other use, reproduction, modification, or distribution of the
Synopsys software or the associated documentation is strictly prohibited.
Tool: Synplify Pro (R)
Build: R-2021.03L-SP1
Install: C:\lscc\diamond\3.12\synpbase
OS: Windows 6.2

Hostname: DESKTOP-EM0A4AG

Implementation : osc0
Synopsys HDL Compiler, Version comp202103synp2, Build 093R, Built Aug 10 2021 09:15:36, @

@N|Running in 64-bit mode
###########################################################[

Copyright (C) 1994-2021 Synopsys, Inc.
This Synopsys software and all associated documentation are proprietary to Synopsys, Inc.
and may only be used pursuant to the terms and conditions of a written license agreement
with Synopsys, Inc. All other use, reproduction, modification, or distribution of the
Synopsys software or the associated documentation is strictly prohibited.
Tool: Synplify Pro (R)
Build: R-2021.03L-SP1
Install: C:\lscc\diamond\3.12\synpbase
OS: Windows 6.2

Hostname: DESKTOP-EM0A4AG

Implementation : osc0
Synopsys VHDL Compiler, Version comp202103synp2, Build 093R, Built Aug 10 2021 09:15:36, @

@N|Running in 64-bit mode
@N:"C:\Users\Mau\Documents\Arqui\practicas\09-osc00\osc00.vhdl":7:7:7:11|Top entity is set to osc00.
File C:\Users\Mau\Documents\Arqui\practicas\09-osc00\div00.vhdl changed - recompiling
@N: CD140 :	| Using the VHDL 1993 Standard for file 'C:\lscc\diamond\3.12\cae_library\synthesis\vhdl\machxo2.vhd'.
@N: CD140 :	| Using the VHDL 1993 Standard for file 'C:\Users\Mau\Documents\Arqui\practicas\09-osc00\oscint00.vhdl'.
@W: CD645 :"C:\Users\Mau\Documents\Arqui\practicas\09-osc00\oscint00.vhdl":3:8:3:14|Ignoring undefined library lattice
@W: CD642 :"C:\Users\Mau\Documents\Arqui\practicas\09-osc00\oscint00.vhdl":4:15:4:15|Ignoring use clause - library lattice not found ...
@N: CD140 :	| Using the VHDL 1993 Standard for file 'C:\Users\Mau\Documents\Arqui\practicas\09-osc00\div00.vhdl'.
@W: CD645 :"C:\Users\Mau\Documents\Arqui\practicas\09-osc00\div00.vhdl":5:8:5:14|Ignoring undefined library lattice
@W: CD642 :"C:\Users\Mau\Documents\Arqui\practicas\09-osc00\div00.vhdl":6:15:6:15|Ignoring use clause - library lattice not found ...
@N: CD140 :	| Using the VHDL 1993 Standard for file 'C:\Users\Mau\Documents\Arqui\practicas\09-osc00\packageosc00.vhdl'.
@W: CD645 :"C:\Users\Mau\Documents\Arqui\practicas\09-osc00\packageosc00.vhdl":3:8:3:14|Ignoring undefined library lattice
@W: CD642 :"C:\Users\Mau\Documents\Arqui\practicas\09-osc00\packageosc00.vhdl":4:15:4:15|Ignoring use clause - library lattice not found ...
@N: CD140 :	| Using the VHDL 1993 Standard for file 'C:\Users\Mau\Documents\Arqui\practicas\09-osc00\osc00.vhdl'.
@W: CD645 :"C:\Users\Mau\Documents\Arqui\practicas\09-osc00\osc00.vhdl":4:8:4:14|Ignoring undefined library lattice
@W: CD642 :"C:\Users\Mau\Documents\Arqui\practicas\09-osc00\osc00.vhdl":5:15:5:15|Ignoring use clause - library lattice not found ...
VHDL syntax check successful!
File C:\Users\Mau\Documents\Arqui\practicas\09-osc00\div00.vhdl changed - recompiling
@N: CD630 :"C:\Users\Mau\Documents\Arqui\practicas\09-osc00\osc00.vhdl":7:7:7:11|Synthesizing work.osc00.osc0.
@N: CD630 :"C:\Users\Mau\Documents\Arqui\practicas\09-osc00\div00.vhdl":8:7:8:11|Synthesizing work.div00.div0.
@N: CD364 :"C:\Users\Mau\Documents\Arqui\practicas\09-osc00\div00.vhdl":29:6:29:11|Removing redundant assignment.
@N: CD364 :"C:\Users\Mau\Documents\Arqui\practicas\09-osc00\div00.vhdl":38:6:38:11|Removing redundant assignment.
@N: CD364 :"C:\Users\Mau\Documents\Arqui\practicas\09-osc00\div00.vhdl":46:6:46:11|Removing redundant assignment.
@N: CD364 :"C:\Users\Mau\Documents\Arqui\practicas\09-osc00\div00.vhdl":54:6:54:11|Removing redundant assignment.
@N: CD364 :"C:\Users\Mau\Documents\Arqui\practicas\09-osc00\div00.vhdl":62:6:62:11|Removing redundant assignment.
@N: CD364 :"C:\Users\Mau\Documents\Arqui\practicas\09-osc00\div00.vhdl":70:6:70:11|Removing redundant assignment.
@N: CD364 :"C:\Users\Mau\Documents\Arqui\practicas\09-osc00\div00.vhdl":78:6:78:11|Removing redundant assignment.
Post processing for work.div00.div0
Running optimization stage 1 on div00 .......
Finished optimization stage 1 on div00 (CPU Time 0h:00m:00s, Memory Used current: 92MB peak: 94MB)
@N: CD630 :"C:\Users\Mau\Documents\Arqui\practicas\09-osc00\oscint00.vhdl":6:7:6:14|Synthesizing work.oscint00.oscint0.
@W: CD276 :"C:\lscc\diamond\3.12\cae_library\synthesis\vhdl\machxo2.vhd":2297:8:2297:15|Map for port sedstdby of component osch not found
@N: CD630 :"C:\lscc\diamond\3.12\cae_library\synthesis\vhdl\machxo2.vhd":2291:10:2291:13|Synthesizing work.osch.syn_black_box.
Post processing for work.osch.syn_black_box
Post processing for work.oscint00.oscint0
Running optimization stage 1 on oscint00 .......
Finished optimization stage 1 on oscint00 (CPU Time 0h:00m:00s, Memory Used current: 92MB peak: 94MB)
Post processing for work.osc00.osc0
Running optimization stage 1 on osc00 .......
Finished optimization stage 1 on osc00 (CPU Time 0h:00m:00s, Memory Used current: 92MB peak: 94MB)
Running optimization stage 2 on oscint00 .......
Finished optimization stage 2 on oscint00 (CPU Time 0h:00m:00s, Memory Used current: 91MB peak: 94MB)
Running optimization stage 2 on div00 .......
Finished optimization stage 2 on div00 (CPU Time 0h:00m:00s, Memory Used current: 92MB peak: 94MB)
Running optimization stage 2 on osc00 .......
Finished optimization stage 2 on osc00 (CPU Time 0h:00m:00s, Memory Used current: 92MB peak: 94MB)

For a summary of runtime and memory usage per design unit, please see file:
==========================================================
@L: C:\Users\Mau\Documents\Arqui\practicas\09-osc00\osc0\synwork\layer0.rt.csv


At c_vhdl Exit (Real Time elapsed 0h:00m:00s; CPU Time elapsed 0h:00m:00s; Memory used current: 92MB peak: 94MB)

Process took 0h:00m:01s realtime, 0h:00m:01s cputime

Process completed successfully.
# Wed Mar  9 11:03:54 2022

###########################################################]
###########################################################[

Copyright (C) 1994-2021 Synopsys, Inc.
This Synopsys software and all associated documentation are proprietary to Synopsys, Inc.
and may only be used pursuant to the terms and conditions of a written license agreement
with Synopsys, Inc. All other use, reproduction, modification, or distribution of the
Synopsys software or the associated documentation is strictly prohibited.
Tool: Synplify Pro (R)
Build: R-2021.03L-SP1
Install: C:\lscc\diamond\3.12\synpbase
OS: Windows 6.2

Hostname: DESKTOP-EM0A4AG

Implementation : osc0
Synopsys Synopsys Netlist Linker, Version comp202103synp2, Build 093R, Built Aug 10 2021 09:15:36, @

@N|Running in 64-bit mode
File C:\Users\Mau\Documents\Arqui\practicas\09-osc00\osc0\synwork\layer0.srs changed - recompiling

At syn_nfilter Exit (Real Time elapsed 0h:00m:00s; CPU Time elapsed 0h:00m:00s; Memory used current: 90MB peak: 90MB)

Process took 0h:00m:01s realtime, 0h:00m:01s cputime

Process completed successfully.
# Wed Mar  9 11:03:54 2022

###########################################################]

For a summary of runtime and memory usage for all design units, please see file:
==========================================================
@L: C:\Users\Mau\Documents\Arqui\practicas\09-osc00\osc0\synwork\osc00_osc0_comp.rt.csv

@END

At c_hdl Exit (Real Time elapsed 0h:00m:01s; CPU Time elapsed 0h:00m:01s; Memory used current: 22MB peak: 23MB)

Process took 0h:00m:01s realtime, 0h:00m:01s cputime

Process completed successfully.
# Wed Mar  9 11:03:54 2022

###########################################################]
###########################################################[

Copyright (C) 1994-2021 Synopsys, Inc.
This Synopsys software and all associated documentation are proprietary to Synopsys, Inc.
and may only be used pursuant to the terms and conditions of a written license agreement
with Synopsys, Inc. All other use, reproduction, modification, or distribution of the
Synopsys software or the associated documentation is strictly prohibited.
Tool: Synplify Pro (R)
Build: R-2021.03L-SP1
Install: C:\lscc\diamond\3.12\synpbase
OS: Windows 6.2

Hostname: DESKTOP-EM0A4AG

Implementation : osc0
Synopsys Synopsys Netlist Linker, Version comp202103synp2, Build 093R, Built Aug 10 2021 09:15:36, @

@N|Running in 64-bit mode
File C:\Users\Mau\Documents\Arqui\practicas\09-osc00\osc0\synwork\osc00_osc0_comp.srs changed - recompiling

At syn_nfilter Exit (Real Time elapsed 0h:00m:00s; CPU Time elapsed 0h:00m:00s; Memory used current: 90MB peak: 90MB)

Process took 0h:00m:01s realtime, 0h:00m:01s cputime

Process completed successfully.
# Wed Mar  9 11:03:55 2022

###########################################################]
# Wed Mar  9 11:03:56 2022


Copyright (C) 1994-2021 Synopsys, Inc.
This Synopsys software and all associated documentation are proprietary to Synopsys, Inc.
and may only be used pursuant to the terms and conditions of a written license agreement
with Synopsys, Inc. All other use, reproduction, modification, or distribution of the
Synopsys software or the associated documentation is strictly prohibited.
Tool: Synplify Pro (R)
Build: R-2021.03L-SP1
Install: C:\lscc\diamond\3.12\synpbase
OS: Windows 6.2

Hostname: DESKTOP-EM0A4AG

Implementation : osc0
Synopsys Lattice Technology Pre-mapping, Version map202103lat, Build 070R, Built Oct  6 2021 11:12:38, @


Mapper Startup Complete (Real Time elapsed 0h:00m:00s; CPU Time elapsed 0h:00m:00s; Memory used current: 117MB peak: 117MB)


Done reading skeleton netlist (Real Time elapsed 0h:00m:00s; CPU Time elapsed 0h:00m:00s; Memory used current: 121MB peak: 129MB)

@A: MF827 |No constraint file specified.
@L: C:\Users\Mau\Documents\Arqui\practicas\09-osc00\osc0\osc00_osc0_scck.rpt 
See clock summary report "C:\Users\Mau\Documents\Arqui\practicas\09-osc00\osc0\osc00_osc0_scck.rpt"
@N: MF916 |Option synthesis_strategy=base is enabled. 
@N: MF248 |Running in 64-bit mode.
@N: MF666 |Clock conversion enabled. (Command "set_option -fix_gated_and_generated_clocks 1" in the project file.)

Design Input Complete (Real Time elapsed 0h:00m:00s; CPU Time elapsed 0h:00m:00s; Memory used current: 125MB peak: 129MB)


Mapper Initialization Complete (Real Time elapsed 0h:00m:00s; CPU Time elapsed 0h:00m:00s; Memory used current: 125MB peak: 129MB)


Start loading timing files (Real Time elapsed 0h:00m:00s; CPU Time elapsed 0h:00m:00s; Memory used current: 137MB peak: 137MB)


Finished loading timing files (Real Time elapsed 0h:00m:00s; CPU Time elapsed 0h:00m:00s; Memory used current: 137MB peak: 139MB)


Starting clock optimization phase (Real Time elapsed 0h:00m:01s; CPU Time elapsed 0h:00m:00s; Memory used current: 169MB peak: 169MB)


Finished clock optimization phase (Real Time elapsed 0h:00m:01s; CPU Time elapsed 0h:00m:01s; Memory used current: 169MB peak: 169MB)


Starting clock optimization report phase (Real Time elapsed 0h:00m:01s; CPU Time elapsed 0h:00m:01s; Memory used current: 169MB peak: 169MB)


Finished clock optimization report phase (Real Time elapsed 0h:00m:01s; CPU Time elapsed 0h:00m:01s; Memory used current: 169MB peak: 170MB)

@N: FX1184 |Applying syn_allowed_resources blockrams=26 on top level netlist osc00 

Finished netlist restructuring (Real Time elapsed 0h:00m:01s; CPU Time elapsed 0h:00m:01s; Memory used current: 169MB peak: 170MB)



Clock Summary
******************

          Start                               Requested     Requested     Clock        Clock                   Clock
Level     Clock                               Frequency     Period        Type         Group                   Load 
--------------------------------------------------------------------------------------------------------------------
0 -       oscint00|osc_int_inferred_clock     2.6 MHz       390.625       inferred     Inferred_clkgroup_0     23   
====================================================================================================================



Clock Load Summary
***********************

                                    Clock     Source                      Clock Pin         Non-clock Pin     Non-clock Pin
Clock                               Load      Pin                         Seq Example       Seq Example       Comb Example 
---------------------------------------------------------------------------------------------------------------------------
oscint00|osc_int_inferred_clock     23        OS00.OSCInst0.OSC(OSCH)     OS01.oscout.C     -                 -            
===========================================================================================================================

@W: MT529 :"c:\users\mau\documents\arqui\practicas\09-osc00\div00.vhdl":22:2:22:3|Found inferred clock oscint00|osc_int_inferred_clock which controls 23 sequential elements including OS01.sdiv[21:0]. This clock has no specified timing constraint which may prevent conversion of gated or generated clocks and may adversely impact design performance. 

ICG Latch Removal Summary:
Number of ICG latches removed: 0
Number of ICG latches not removed:	0
For details review file gcc_ICG_report.rpt


@S |Clock Optimization Summary



#### START OF PREMAP CLOCK OPTIMIZATION REPORT #####[

0 non-gated/non-generated clock tree(s) driving 0 clock pin(s) of sequential element(s)
1 gated/generated clock tree(s) driving 23 clock pin(s) of sequential element(s)
0 instances converted, 23 sequential instances remain driven by gated/generated clocks

======================================================== Gated/Generated Clocks =========================================================
Clock Tree ID     Driving Element       Drive Element Type     Unconverted Fanout     Sample Instance     Explanation                    
-----------------------------------------------------------------------------------------------------------------------------------------
@KP:ckid0_0       OS00.OSCInst0.OSC     OSCH                   23                     OS01.sdiv[21:0]     Clock source is invalid for GCC
=========================================================================================================================================


##### END OF CLOCK OPTIMIZATION REPORT ######

@N: FX1143 |Skipping assigning INTERNAL_VREF to iobanks, because the table of mapping from pin to iobank is not initialized.
Finished Pre Mapping Phase.

Starting constraint checker (Real Time elapsed 0h:00m:01s; CPU Time elapsed 0h:00m:01s; Memory used current: 170MB peak: 170MB)


Finished constraint checker preprocessing (Real Time elapsed 0h:00m:01s; CPU Time elapsed 0h:00m:01s; Memory used current: 170MB peak: 170MB)


Finished constraint checker (Real Time elapsed 0h:00m:01s; CPU Time elapsed 0h:00m:01s; Memory used current: 171MB peak: 171MB)

Pre-mapping successful!

At Mapper Exit (Real Time elapsed 0h:00m:01s; CPU Time elapsed 0h:00m:01s; Memory used current: 91MB peak: 172MB)

Process took 0h:00m:01s realtime, 0h:00m:01s cputime
# Wed Mar  9 11:03:58 2022

###########################################################]
# Wed Mar  9 11:03:58 2022


Copyright (C) 1994-2021 Synopsys, Inc.
This Synopsys software and all associated documentation are proprietary to Synopsys, Inc.
and may only be used pursuant to the terms and conditions of a written license agreement
with Synopsys, Inc. All other use, reproduction, modification, or distribution of the
Synopsys software or the associated documentation is strictly prohibited.
Tool: Synplify Pro (R)
Build: R-2021.03L-SP1
Install: C:\lscc\diamond\3.12\synpbase
OS: Windows 6.2

Hostname: DESKTOP-EM0A4AG

Implementation : osc0
Synopsys Lattice Technology Mapper, Version map202103lat, Build 070R, Built Oct  6 2021 11:12:38, @


Mapper Startup Complete (Real Time elapsed 0h:00m:00s; CPU Time elapsed 0h:00m:00s; Memory used current: 117MB peak: 117MB)

@N: MF916 |Option synthesis_strategy=base is enabled. 
@N: MF248 |Running in 64-bit mode.
@N: MF666 |Clock conversion enabled. (Command "set_option -fix_gated_and_generated_clocks 1" in the project file.)

Design Input Complete (Real Time elapsed 0h:00m:00s; CPU Time elapsed 0h:00m:00s; Memory used current: 119MB peak: 129MB)


Mapper Initialization Complete (Real Time elapsed 0h:00m:00s; CPU Time elapsed 0h:00m:00s; Memory used current: 119MB peak: 129MB)


Start loading timing files (Real Time elapsed 0h:00m:00s; CPU Time elapsed 0h:00m:00s; Memory used current: 133MB peak: 133MB)


Finished loading timing files (Real Time elapsed 0h:00m:00s; CPU Time elapsed 0h:00m:00s; Memory used current: 134MB peak: 136MB)



Starting Optimization and Mapping (Real Time elapsed 0h:00m:00s; CPU Time elapsed 0h:00m:00s; Memory used current: 167MB peak: 167MB)


Finished RTL optimizations (Real Time elapsed 0h:00m:00s; CPU Time elapsed 0h:00m:00s; Memory used current: 170MB peak: 170MB)


Starting factoring (Real Time elapsed 0h:00m:00s; CPU Time elapsed 0h:00m:01s; Memory used current: 172MB peak: 172MB)


Finished factoring (Real Time elapsed 0h:00m:01s; CPU Time elapsed 0h:00m:01s; Memory used current: 172MB peak: 172MB)


Available hyper_sources - for debug and ip models
	None Found


Finished generic timing optimizations - Pass 1 (Real Time elapsed 0h:00m:01s; CPU Time elapsed 0h:00m:01s; Memory used current: 173MB peak: 173MB)


Starting Early Timing Optimization (Real Time elapsed 0h:00m:01s; CPU Time elapsed 0h:00m:01s; Memory used current: 174MB peak: 174MB)


Finished Early Timing Optimization (Real Time elapsed 0h:00m:01s; CPU Time elapsed 0h:00m:01s; Memory used current: 174MB peak: 174MB)


Finished generic timing optimizations - Pass 2 (Real Time elapsed 0h:00m:01s; CPU Time elapsed 0h:00m:01s; Memory used current: 174MB peak: 174MB)


Finished preparing to map (Real Time elapsed 0h:00m:01s; CPU Time elapsed 0h:00m:01s; Memory used current: 174MB peak: 174MB)


Finished technology mapping (Real Time elapsed 0h:00m:01s; CPU Time elapsed 0h:00m:01s; Memory used current: 179MB peak: 179MB)

Pass		 CPU time		Worst Slack		Luts / Registers
------------------------------------------------------------
   1		0h:00m:01s		   378.09ns		  45 /        23

Finished technology timing optimizations and critical path resynthesis (Real Time elapsed 0h:00m:01s; CPU Time elapsed 0h:00m:01s; Memory used current: 179MB peak: 179MB)

@N: FX164 |The option to pack registers in the IOB has not been specified. Please set syn_useioff attribute.  

Finished restoring hierarchy (Real Time elapsed 0h:00m:02s; CPU Time elapsed 0h:00m:02s; Memory used current: 179MB peak: 179MB)


Start Writing Netlists (Real Time elapsed 0h:00m:02s; CPU Time elapsed 0h:00m:02s; Memory used current: 143MB peak: 180MB)

Writing Analyst data base C:\Users\Mau\Documents\Arqui\practicas\09-osc00\osc0\synwork\osc00_osc0_m.srm

Finished Writing Netlist Databases (Real Time elapsed 0h:00m:02s; CPU Time elapsed 0h:00m:02s; Memory used current: 180MB peak: 180MB)

Writing EDIF Netlist and constraint files
@N: FX1056 |Writing EDF file: C:\Users\Mau\Documents\Arqui\practicas\09-osc00\osc0\osc00_osc0.edi
@N: BW106 |Synplicity Constraint File capacitance units using default value of 1pF 

Finished Writing EDIF Netlist and constraint files (Real Time elapsed 0h:00m:03s; CPU Time elapsed 0h:00m:02s; Memory used current: 184MB peak: 184MB)


Finished Writing Netlists (Real Time elapsed 0h:00m:03s; CPU Time elapsed 0h:00m:03s; Memory used current: 184MB peak: 184MB)


Start final timing analysis (Real Time elapsed 0h:00m:03s; CPU Time elapsed 0h:00m:03s; Memory used current: 183MB peak: 184MB)

@W: MT420 |Found inferred clock oscint00|osc_int_inferred_clock with period 390.63ns. Please declare a user-defined clock on net OS00.sclk.


##### START OF TIMING REPORT #####[
# Timing report written on Wed Mar  9 11:04:01 2022
#


Top view:               osc00
Requested Frequency:    2.6 MHz
Wire load mode:         top
Paths requested:        5
Constraint File(s):    
@N: MT320 |This timing report is an estimate of place and route data. For final timing results, use the FPGA vendor place and route report.

@N: MT322 |Clock constraints include only register-to-register paths associated with each individual clock.



Performance Summary
*******************


Worst slack in design: 377.485

                                    Requested     Estimated     Requested     Estimated                 Clock        Clock              
Starting Clock                      Frequency     Frequency     Period        Period        Slack       Type         Group              
----------------------------------------------------------------------------------------------------------------------------------------
oscint00|osc_int_inferred_clock     2.6 MHz       76.1 MHz      390.625       13.140        377.485     inferred     Inferred_clkgroup_0
========================================================================================================================================





Clock Relationships
*******************

Clocks                                                            |    rise  to  rise     |    fall  to  fall   |    rise  to  fall   |    fall  to  rise 
----------------------------------------------------------------------------------------------------------------------------------------------------------
Starting                         Ending                           |  constraint  slack    |  constraint  slack  |  constraint  slack  |  constraint  slack
----------------------------------------------------------------------------------------------------------------------------------------------------------
oscint00|osc_int_inferred_clock  oscint00|osc_int_inferred_clock  |  390.625     377.485  |  No paths    -      |  No paths    -      |  No paths    -    
==========================================================================================================================================================
 Note: 'No paths' indicates there are no paths in the design for that pair of clock edges.
       'Diff grp' indicates that paths exist but the starting clock and ending clock are in different clock groups.



Interface Information 
*********************

No IO constraint found



====================================
Detailed Report for Clock: oscint00|osc_int_inferred_clock
====================================



Starting Points with Worst Slack
********************************

                 Starting                                                            Arrival            
Instance         Reference                           Type        Pin     Net         Time        Slack  
                 Clock                                                                                  
--------------------------------------------------------------------------------------------------------
OS01.sdiv[0]     oscint00|osc_int_inferred_clock     FD1S3IX     Q       sdiv[0]     1.044       377.485
OS01.sdiv[1]     oscint00|osc_int_inferred_clock     FD1S3IX     Q       sdiv[1]     1.044       377.485
OS01.sdiv[2]     oscint00|osc_int_inferred_clock     FD1S3IX     Q       sdiv[2]     1.044       377.485
OS01.sdiv[3]     oscint00|osc_int_inferred_clock     FD1S3IX     Q       sdiv[3]     1.044       377.485
OS01.sdiv[4]     oscint00|osc_int_inferred_clock     FD1S3IX     Q       sdiv[4]     1.044       377.485
OS01.sdiv[5]     oscint00|osc_int_inferred_clock     FD1S3IX     Q       sdiv[5]     1.044       377.485
OS01.sdiv[6]     oscint00|osc_int_inferred_clock     FD1S3IX     Q       sdiv[6]     1.044       377.485
OS01.sdiv[7]     oscint00|osc_int_inferred_clock     FD1S3IX     Q       sdiv[7]     1.044       377.485
OS01.sdiv[8]     oscint00|osc_int_inferred_clock     FD1S3IX     Q       sdiv[8]     1.044       377.517
OS01.sdiv[9]     oscint00|osc_int_inferred_clock     FD1S3IX     Q       sdiv[9]     1.044       377.517
========================================================================================================


Ending Points with Worst Slack
******************************

                  Starting                                                                Required            
Instance          Reference                           Type        Pin     Net             Time         Slack  
                  Clock                                                                                       
--------------------------------------------------------------------------------------------------------------
OS01.sdiv[21]     oscint00|osc_int_inferred_clock     FD1S3IX     D       sdiv_10[21]     390.519      377.485
OS01.sdiv[19]     oscint00|osc_int_inferred_clock     FD1S3IX     D       sdiv_10[19]     390.519      377.627
OS01.sdiv[20]     oscint00|osc_int_inferred_clock     FD1S3IX     D       sdiv_10[20]     390.519      377.627
OS01.sdiv[17]     oscint00|osc_int_inferred_clock     FD1S3IX     D       sdiv_10[17]     390.519      377.770
OS01.sdiv[18]     oscint00|osc_int_inferred_clock     FD1S3IX     D       sdiv_10[18]     390.519      377.770
OS01.sdiv[15]     oscint00|osc_int_inferred_clock     FD1S3IX     D       sdiv_10[15]     390.519      377.913
OS01.sdiv[16]     oscint00|osc_int_inferred_clock     FD1S3IX     D       sdiv_10[16]     390.519      377.913
OS01.sdiv[13]     oscint00|osc_int_inferred_clock     FD1S3IX     D       sdiv_10[13]     390.519      378.056
OS01.sdiv[14]     oscint00|osc_int_inferred_clock     FD1S3IX     D       sdiv_10[14]     390.519      378.056
OS01.sdiv[11]     oscint00|osc_int_inferred_clock     FD1S3IX     D       sdiv_10[11]     390.519      378.199
==============================================================================================================



Worst Path Information
***********************


Path information for path number 1: 
      Requested Period:                      390.625
    - Setup time:                            0.106
    + Clock delay at ending point:           0.000 (ideal)
    = Required time:                         390.519

    - Propagation time:                      13.035
    - Clock delay at starting point:         0.000 (ideal)
    = Slack (critical) :                     377.485

    Number of logic level(s):                19
    Starting point:                          OS01.sdiv[0] / Q
    Ending point:                            OS01.sdiv[21] / D
    The start point is clocked by            oscint00|osc_int_inferred_clock [rising] (rise=0.000 fall=195.313 period=390.625) on pin CK
    The end   point is clocked by            oscint00|osc_int_inferred_clock [rising] (rise=0.000 fall=195.313 period=390.625) on pin CK

Instance / Net                                     Pin      Pin               Arrival      No. of    
Name                                  Type         Name     Dir     Delay     Time         Fan Out(s)
-----------------------------------------------------------------------------------------------------
OS01.sdiv[0]                          FD1S3IX      Q        Out     1.044     1.044 r      -         
sdiv[0]                               Net          -        -       -         -            2         
OS01.pdiv\.oscout3lto20_i_a2_16_5     ORCALUT4     A        In      0.000     1.044 r      -         
OS01.pdiv\.oscout3lto20_i_a2_16_5     ORCALUT4     Z        Out     1.153     2.197 f      -         
oscout3lto20_i_a2_16_5                Net          -        -       -         -            3         
OS01.pdiv\.oscout3lto20_i_a2_16       ORCALUT4     B        In      0.000     2.197 f      -         
OS01.pdiv\.oscout3lto20_i_a2_16       ORCALUT4     Z        Out     1.089     3.285 f      -         
N_3_16                                Net          -        -       -         -            2         
OS01.pdiv\.oscout23lto15              ORCALUT4     A        In      0.000     3.285 f      -         
OS01.pdiv\.oscout23lto15              ORCALUT4     Z        Out     1.017     4.302 r      -         
oscout23lt21                          Net          -        -       -         -            1         
OS01.pdiv\.oscout23lto21              ORCALUT4     A        In      0.000     4.302 r      -         
OS01.pdiv\.oscout23lto21              ORCALUT4     Z        Out     1.017     5.319 r      -         
oscout23                              Net          -        -       -         -            1         
OS01.oscout_0_sqmuxa_4                ORCALUT4     A        In      0.000     5.319 r      -         
OS01.oscout_0_sqmuxa_4                ORCALUT4     Z        Out     1.089     6.408 r      -         
oscout_0_sqmuxa_4                     Net          -        -       -         -            2         
OS01.un1_oscout44_1_0                 ORCALUT4     A        In      0.000     6.408 r      -         
OS01.un1_oscout44_1_0                 ORCALUT4     Z        Out     1.089     7.497 r      -         
un1_oscout44_1_0                      Net          -        -       -         -            2         
OS01.un1_sdiv_cry_0_0_RNO             ORCALUT4     B        In      0.000     7.497 r      -         
OS01.un1_sdiv_cry_0_0_RNO             ORCALUT4     Z        Out     1.017     8.513 f      -         
un1_oscout44_i                        Net          -        -       -         -            1         
OS01.un1_sdiv_cry_0_0                 CCU2D        B0       In      0.000     8.513 f      -         
OS01.un1_sdiv_cry_0_0                 CCU2D        COUT     Out     1.544     10.058 r     -         
un1_sdiv_cry_0                        Net          -        -       -         -            1         
OS01.un1_sdiv_cry_1_0                 CCU2D        CIN      In      0.000     10.058 r     -         
OS01.un1_sdiv_cry_1_0                 CCU2D        COUT     Out     0.143     10.201 r     -         
un1_sdiv_cry_2                        Net          -        -       -         -            1         
OS01.un1_sdiv_cry_3_0                 CCU2D        CIN      In      0.000     10.201 r     -         
OS01.un1_sdiv_cry_3_0                 CCU2D        COUT     Out     0.143     10.344 r     -         
un1_sdiv_cry_4                        Net          -        -       -         -            1         
OS01.un1_sdiv_cry_5_0                 CCU2D        CIN      In      0.000     10.344 r     -         
OS01.un1_sdiv_cry_5_0                 CCU2D        COUT     Out     0.143     10.486 r     -         
un1_sdiv_cry_6                        Net          -        -       -         -            1         
OS01.un1_sdiv_cry_7_0                 CCU2D        CIN      In      0.000     10.486 r     -         
OS01.un1_sdiv_cry_7_0                 CCU2D        COUT     Out     0.143     10.629 r     -         
un1_sdiv_cry_8                        Net          -        -       -         -            1         
OS01.un1_sdiv_cry_9_0                 CCU2D        CIN      In      0.000     10.629 r     -         
OS01.un1_sdiv_cry_9_0                 CCU2D        COUT     Out     0.143     10.772 r     -         
un1_sdiv_cry_10                       Net          -        -       -         -            1         
OS01.un1_sdiv_cry_11_0                CCU2D        CIN      In      0.000     10.772 r     -         
OS01.un1_sdiv_cry_11_0                CCU2D        COUT     Out     0.143     10.915 r     -         
un1_sdiv_cry_12                       Net          -        -       -         -            1         
OS01.un1_sdiv_cry_13_0                CCU2D        CIN      In      0.000     10.915 r     -         
OS01.un1_sdiv_cry_13_0                CCU2D        COUT     Out     0.143     11.057 r     -         
un1_sdiv_cry_14                       Net          -        -       -         -            1         
OS01.un1_sdiv_cry_15_0                CCU2D        CIN      In      0.000     11.057 r     -         
OS01.un1_sdiv_cry_15_0                CCU2D        COUT     Out     0.143     11.200 r     -         
un1_sdiv_cry_16                       Net          -        -       -         -            1         
OS01.un1_sdiv_cry_17_0                CCU2D        CIN      In      0.000     11.200 r     -         
OS01.un1_sdiv_cry_17_0                CCU2D        COUT     Out     0.143     11.343 r     -         
un1_sdiv_cry_18                       Net          -        -       -         -            1         
OS01.un1_sdiv_cry_19_0                CCU2D        CIN      In      0.000     11.343 r     -         
OS01.un1_sdiv_cry_19_0                CCU2D        COUT     Out     0.143     11.486 r     -         
un1_sdiv_cry_20                       Net          -        -       -         -            1         
OS01.un1_sdiv_s_21_0                  CCU2D        CIN      In      0.000     11.486 r     -         
OS01.un1_sdiv_s_21_0                  CCU2D        S0       Out     1.549     13.035 r     -         
sdiv_10[21]                           Net          -        -       -         -            1         
OS01.sdiv[21]                         FD1S3IX      D        In      0.000     13.035 r     -         
=====================================================================================================



##### END OF TIMING REPORT #####]

Timing exceptions that could not be applied

Finished final timing analysis (Real Time elapsed 0h:00m:03s; CPU Time elapsed 0h:00m:03s; Memory used current: 184MB peak: 184MB)


Finished timing report (Real Time elapsed 0h:00m:03s; CPU Time elapsed 0h:00m:03s; Memory used current: 184MB peak: 184MB)

---------------------------------------
Resource Usage Report
Part: lcmxo2_7000he-5

Register bits: 23 of 6864 (0%)
PIC Latch:       0
I/O cells:       6


Details:
CCU2D:          12
FD1S3AX:        1
FD1S3IX:        22
GSR:            1
IB:             5
OB:             1
ORCALUT4:       45
OSCH:           1
PUR:            1
VHI:            3
VLO:            3
Mapper successful!

At Mapper Exit (Real Time elapsed 0h:00m:03s; CPU Time elapsed 0h:00m:03s; Memory used current: 64MB peak: 184MB)

Process took 0h:00m:03s realtime, 0h:00m:03s cputime
# Wed Mar  9 11:04:01 2022

###########################################################]


Synthesis exit by 0.

edif2ngd  -l "MachXO2" -d LCMXO2-7000HE -path "C:/Users/Mau/Documents/Arqui/practicas/09-osc00/osc0" -path "C:/Users/Mau/Documents/Arqui/practicas/09-osc00"   "C:/Users/Mau/Documents/Arqui/practicas/09-osc00/osc0/osc00_osc0.edi" "osc00_osc0.ngo"   
edif2ngd:  version Diamond (64-bit) 3.12.1.454

Copyright (c) 1991-1994 by NeoCAD Inc. All rights reserved.
Copyright (c) 1995 AT&T Corp.   All rights reserved.
Copyright (c) 1995-2001 Lucent Technologies Inc.  All rights reserved.
Copyright (c) 2001 Agere Systems   All rights reserved.
Copyright (c) 2002-2020 Lattice Semiconductor Corporation,  All rights reserved.
Writing the design to osc00_osc0.ngo...

Total CPU Time: 0 secs  
Total REAL Time: 0 secs  
Peak Memory Usage: 10 MB


ngdbuild  -a "MachXO2" -d LCMXO2-7000HE  -p "C:/lscc/diamond/3.12/ispfpga/xo2c00/data"  -p "C:/Users/Mau/Documents/Arqui/practicas/09-osc00/osc0" -p "C:/Users/Mau/Documents/Arqui/practicas/09-osc00"  "osc00_osc0.ngo" "osc00_osc0.ngd"  	
ngdbuild:  version Diamond (64-bit) 3.12.1.454

Copyright (c) 1991-1994 by NeoCAD Inc. All rights reserved.
Copyright (c) 1995 AT&T Corp.   All rights reserved.
Copyright (c) 1995-2001 Lucent Technologies Inc.  All rights reserved.
Copyright (c) 2001 Agere Systems   All rights reserved.
Copyright (c) 2002-2020 Lattice Semiconductor Corporation,  All rights reserved.
Reading 'osc00_osc0.ngo' ...
Loading NGL library 'C:/lscc/diamond/3.12/ispfpga/xo2c00a/data/xo2alib.ngl'...
Loading NGL library 'C:/lscc/diamond/3.12/ispfpga/xo2c00/data/xo2clib.ngl'...
Loading NGL library 'C:/lscc/diamond/3.12/ispfpga/mg5g00/data/mg5glib.ngl'...
Loading NGL library 'C:/lscc/diamond/3.12/ispfpga/or5g00/data/orc5glib.ngl'...


Running DRC...

    <postMsg mid="1166052" type="Warning" dynamic="2" navigation="1" arg0="logical" arg1="OS00/OSCInst0_SEDSTDBY" arg2="OS00/OSCInst0_SEDSTDBY"  />
    <postMsg mid="1163101" type="Warning" dynamic="1" navigation="0" arg0="1"  />

Design Results:
     94 blocks expanded
Complete the first expansion.
Writing 'osc00_osc0.ngd' ...
Total CPU Time: 0 secs 
Total REAL Time: 0 secs 
Peak Memory Usage: 17 MB


map -a "MachXO2" -p LCMXO2-7000HE -t TQFP144 -s 5 -oc Commercial   "osc00_osc0.ngd" -o "osc00_osc0_map.ncd" -pr "osc00_osc0.prf" -mp "osc00_osc0.mrp" -lpf "C:/Users/Mau/Documents/Arqui/practicas/09-osc00/osc0/osc00_osc0_synplify.lpf" -lpf "C:/Users/Mau/Documents/Arqui/practicas/09-osc00/osc00.lpf"  -c 0           
map:  version Diamond (64-bit) 3.12.1.454

Copyright (c) 1991-1994 by NeoCAD Inc. All rights reserved.
Copyright (c) 1995 AT&T Corp.   All rights reserved.
Copyright (c) 1995-2001 Lucent Technologies Inc.  All rights reserved.
Copyright (c) 2001 Agere Systems   All rights reserved.
Copyright (c) 2002-2020 Lattice Semiconductor Corporation,  All rights reserved.
   Process the file: osc00_osc0.ngd
   Picdevice="LCMXO2-7000HE"

   Pictype="TQFP144"

   Picspeed=5

   Remove unused logic

   Do not produce over sized NCDs.

Part used: LCMXO2-7000HETQFP144, Performance used: 5.

Loading device for application map from file 'xo2c7000.nph' in environment: C:/lscc/diamond/3.12/ispfpga.
Package Status:                     Final          Version 1.39.

Running general design DRC...

Removing unused logic...

Optimizing...




Design Summary:
   Number of registers:     23 out of  7209 (0%)
      PFU registers:           23 out of  6864 (0%)
      PIO registers:            0 out of   345 (0%)
   Number of SLICEs:        35 out of  3432 (1%)
      SLICEs as Logic/ROM:     35 out of  3432 (1%)
      SLICEs as RAM:            0 out of  2574 (0%)
      SLICEs as Carry:         12 out of  3432 (0%)
   Number of LUT4s:         69 out of  6864 (1%)
      Number used as logic LUTs:         45
      Number used as distributed RAM:     0
      Number used as ripple logic:       24
      Number used as shift registers:     0
   Number of PIO sites used: 6 + 4(JTAG) out of 115 (9%)
   Number of block RAMs:  0 out of 26 (0%)
   Number of GSRs:        0 out of 1 (0%)
   EFB used :        No
   JTAG used :       No
   Readback used :   No
   Oscillator used : Yes
   Startup used :    No
   POR :             On
   Bandgap :         On
   Number of Power Controller:  0 out of 1 (0%)
   Number of Dynamic Bank Controller (BCINRD):  0 out of 6 (0%)
   Number of Dynamic Bank Controller (BCLVDSO):  0 out of 1 (0%)
   Number of DCCA:  0 out of 8 (0%)
   Number of DCMA:  0 out of 2 (0%)
   Number of PLLs:  0 out of 2 (0%)
   Number of DQSDLLs:  0 out of 2 (0%)
   Number of CLKDIVC:  0 out of 4 (0%)
   Number of ECLKSYNCA:  0 out of 4 (0%)
   Number of ECLKBRIDGECS:  0 out of 2 (0%)
   Notes:-
      1. Total number of LUT4s = (Number of logic LUT4s) + 2*(Number of distributed RAMs) + 2*(Number of ripple logic)
      2. Number of logic LUT4s does not include count of distributed RAM and ripple logic.
   Number of clocks:  1
     Net sclk: 13 loads, 13 rising, 0 falling (Driver: OS00/OSCInst0 )
   Number of Clock Enables:  0
   Number of LSRs:  1
     Net OS01/un1_oscout44_RNIGDFU: 12 loads, 12 LSLICEs
   Number of nets driven by tri-state buffers:  0
   Top 10 highest fanout non-clock nets:
     Net OS01/un1_oscout44_RNIGDFU: 12 loads
     Net OS01/sdiv[20]: 8 loads
     Net OS01/sdiv[21]: 8 loads
     Net cdiv0_c[2]: 6 loads
     Net cdiv0_c[3]: 6 loads
     Net OS01/sdiv[16]: 6 loads
     Net OS01/sdiv[17]: 6 loads
     Net OS01/sdiv[18]: 6 loads
     Net OS01/sdiv[19]: 6 loads
     Net OS01/sdiv[12]: 5 loads
 

   Number of warnings:  0
   Number of errors:    0



Total CPU Time: 0 secs  
Total REAL Time: 0 secs  
Peak Memory Usage: 57 MB

Dumping design to file osc00_osc0_map.ncd.

mpartrce -p "osc00_osc0.p2t" -f "osc00_osc0.p3t" -tf "osc00_osc0.pt" "osc00_osc0_map.ncd" "osc00_osc0.ncd"

---- MParTrce Tool ----
Removing old design directory at request of -rem command line option to this program.
Running par. Please wait . . .

Lattice Place and Route Report for Design "osc00_osc0_map.ncd"
Wed Mar 09 11:04:04 2022

PAR: Place And Route Diamond (64-bit) 3.12.1.454.
Command Line: par -w -l 5 -i 6 -t 1 -c 0 -e 0 -gui -msgset C:/Users/Mau/Documents/Arqui/practicas/09-osc00/promote.xml -exp parUseNBR=1:parCDP=0:parCDR=0:parPathBased=OFF:parASE=1 osc00_osc0_map.ncd osc00_osc0.dir/5_1.ncd osc00_osc0.prf
Preference file: osc00_osc0.prf.
Placement level-cost: 5-1.
Routing Iterations: 6

Loading design for application par from file osc00_osc0_map.ncd.
Design name: osc00
NCD version: 3.3
Vendor:      LATTICE
Device:      LCMXO2-7000HE
Package:     TQFP144
Performance: 5
Loading device for application par from file 'xo2c7000.nph' in environment: C:/lscc/diamond/3.12/ispfpga.
Package Status:                     Final          Version 1.39.
Performance Hardware Data Status:   Final          Version 34.4.
License checked out.


Ignore Preference Error(s):  True
Device utilization summary:

   PIO (prelim)    6+4(JTAG)/336     3% used
                   6+4(JTAG)/115     9% bonded

   SLICE             35/3432          1% used

   OSC                1/1           100% used


Number of Signals: 107
Number of Connections: 247

Pin Constraint Summary:
   6 out of 6 pins locked (100% locked).

The following 1 signal is selected to use the primary clock routing resources:
    sclk (driver: OS00/OSCInst0, clk load #: 13)


The following 1 signal is selected to use the secondary clock routing resources:
    OS01/un1_oscout44_RNIGDFU (driver: OS01/SLICE_16, clk load #: 0, sr load #: 12, ce load #: 0)

No signal is selected as Global Set/Reset.
Starting Placer Phase 0.

Finished Placer Phase 0.  REAL time: 0 secs 

Starting Placer Phase 1.
.................
Placer score = 12280.
Finished Placer Phase 1.  REAL time: 5 secs 

Starting Placer Phase 2.
.
Placer score =  12280
Finished Placer Phase 2.  REAL time: 5 secs 


------------------ Clock Report ------------------

Global Clock Resources:
  CLK_PIN    : 0 out of 8 (0%)
  PLL        : 0 out of 2 (0%)
  DCM        : 0 out of 2 (0%)
  DCC        : 0 out of 8 (0%)

Global Clocks:
  PRIMARY "sclk" from OSC on comp "OS00/OSCInst0" on site "OSC", clk load = 13
  SECONDARY "OS01/un1_oscout44_RNIGDFU" from F0 on comp "OS01/SLICE_16" on site "R14C18B", clk load = 0, ce load = 0, sr load = 12

  PRIMARY  : 1 out of 8 (12%)
  SECONDARY: 1 out of 8 (12%)

Edge Clocks:
  No edge clock selected.

--------------- End of Clock Report ---------------


I/O Usage Summary (final):
   6 + 4(JTAG) out of 336 (3.0%) PIO sites used.
   6 + 4(JTAG) out of 115 (8.7%) bonded PIO sites used.
   Number of PIO comps: 6; differential: 0.
   Number of Vref pins used: 0.

I/O Bank Usage Summary:
+----------+---------------+------------+-----------+
| I/O Bank | Usage         | Bank Vccio | Bank Vref |
+----------+---------------+------------+-----------+
| 0        | 0 / 28 (  0%) | -          | -         |
| 1        | 0 / 29 (  0%) | -          | -         |
| 2        | 1 / 29 (  3%) | 2.5V       | -         |
| 3        | 0 / 9 (  0%)  | -          | -         |
| 4        | 2 / 10 ( 20%) | 2.5V       | -         |
| 5        | 3 / 10 ( 30%) | 2.5V       | -         |
+----------+---------------+------------+-----------+

Total placer CPU time: 4 secs 

Dumping design to file osc00_osc0.dir/5_1.ncd.

0 connections routed; 247 unrouted.
Starting router resource preassignment

Completed router resource preassignment. Real time: 6 secs 

Start NBR router at 11:04:10 03/09/22

*****************************************************************
Info: NBR allows conflicts(one node used by more than one signal)
      in the earlier iterations. In each iteration, it tries to  
      solve the conflicts while keeping the critical connections 
      routed as short as possible. The routing process is said to
      be completed when no conflicts exist and all connections   
      are routed.                                                
Note: NBR uses a different method to calculate timing slacks. The
      worst slack and total negative slack may not be the same as
      that in TRCE report. You should always run TRCE to verify  
      your design.                                               
*****************************************************************

Start NBR special constraint process at 11:04:10 03/09/22

Start NBR section for initial routing at 11:04:10 03/09/22
Level 4, iteration 1
7(0.00%) conflicts; 0(0.00%) untouched conn; 0 (nbr) score; 
Estimated worst slack/total negative slack<setup>: 378.222ns/0.000ns; real time: 6 secs 

Info: Initial congestion level at 75% usage is 0
Info: Initial congestion area  at 75% usage is 0 (0.00%)

Start NBR section for normal routing at 11:04:10 03/09/22
Level 4, iteration 1
3(0.00%) conflicts; 0(0.00%) untouched conn; 0 (nbr) score; 
Estimated worst slack/total negative slack<setup>: 378.222ns/0.000ns; real time: 6 secs 
Level 4, iteration 2
1(0.00%) conflict; 0(0.00%) untouched conn; 0 (nbr) score; 
Estimated worst slack/total negative slack<setup>: 378.222ns/0.000ns; real time: 6 secs 
Level 4, iteration 3
1(0.00%) conflict; 0(0.00%) untouched conn; 0 (nbr) score; 
Estimated worst slack/total negative slack<setup>: 378.222ns/0.000ns; real time: 6 secs 
Level 4, iteration 4
0(0.00%) conflict; 0(0.00%) untouched conn; 0 (nbr) score; 
Estimated worst slack/total negative slack<setup>: 378.222ns/0.000ns; real time: 6 secs 

Start NBR section for setup/hold timing optimization with effort level 3 at 11:04:10 03/09/22

Start NBR section for re-routing at 11:04:11 03/09/22
Level 4, iteration 1
0(0.00%) conflict; 0(0.00%) untouched conn; 0 (nbr) score; 
Estimated worst slack/total negative slack<setup>: 378.222ns/0.000ns; real time: 7 secs 

Start NBR section for post-routing at 11:04:11 03/09/22

End NBR router with 0 unrouted connection

NBR Summary
-----------
  Number of unrouted connections : 0 (0.00%)
  Number of connections with timing violations : 0 (0.00%)
  Estimated worst slack<setup> : 378.222ns
  Timing score<setup> : 0
-----------
Notes: The timing info is calculated for SETUP only and all PAR_ADJs are ignored.



Total CPU time 7 secs 
Total REAL time: 7 secs 
Completely routed.
End of route.  247 routed (100.00%); 0 unrouted.

Hold time timing score: 0, hold timing errors: 0

Timing score: 0 

Dumping design to file osc00_osc0.dir/5_1.ncd.


PAR_SUMMARY::Run status = Completed
PAR_SUMMARY::Number of unrouted conns = 0
PAR_SUMMARY::Worst  slack<setup/<ns>> = 378.222
PAR_SUMMARY::Timing score<setup/<ns>> = 0.000
PAR_SUMMARY::Worst  slack<hold /<ns>> = 0.379
PAR_SUMMARY::Timing score<hold /<ns>> = 0.000
PAR_SUMMARY::Number of errors = 0

Total CPU  time to completion: 7 secs 
Total REAL time to completion: 7 secs 

par done!

Note: user must run 'Trace' for timing closure signoff.

Copyright (c) 1991-1994 by NeoCAD Inc. All rights reserved.
Copyright (c) 1995 AT&T Corp.   All rights reserved.
Copyright (c) 1995-2001 Lucent Technologies Inc.  All rights reserved.
Copyright (c) 2001 Agere Systems   All rights reserved.
Copyright (c) 2002-2020 Lattice Semiconductor Corporation,  All rights reserved.
Exiting par with exit code 0
Exiting mpartrce with exit code 0

trce -f "osc00_osc0.pt" -o "osc00_osc0.twr" "osc00_osc0.ncd" "osc00_osc0.prf"
trce:  version Diamond (64-bit) 3.12.1.454

Copyright (c) 1991-1994 by NeoCAD Inc. All rights reserved.
Copyright (c) 1995 AT&T Corp.   All rights reserved.
Copyright (c) 1995-2001 Lucent Technologies Inc.  All rights reserved.
Copyright (c) 2001 Agere Systems   All rights reserved.
Copyright (c) 2002-2020 Lattice Semiconductor Corporation,  All rights reserved.

Loading design for application trce from file osc00_osc0.ncd.
Design name: osc00
NCD version: 3.3
Vendor:      LATTICE
Device:      LCMXO2-7000HE
Package:     TQFP144
Performance: 5
Loading device for application trce from file 'xo2c7000.nph' in environment: C:/lscc/diamond/3.12/ispfpga.
Package Status:                     Final          Version 1.39.
Performance Hardware Data Status:   Final          Version 34.4.
Setup and Hold Report

--------------------------------------------------------------------------------
Lattice TRACE Report - Setup, Version Diamond (64-bit) 3.12.1.454
Wed Mar 09 11:04:12 2022

Copyright (c) 1991-1994 by NeoCAD Inc. All rights reserved.
Copyright (c) 1995 AT&T Corp.   All rights reserved.
Copyright (c) 1995-2001 Lucent Technologies Inc.  All rights reserved.
Copyright (c) 2001 Agere Systems   All rights reserved.
Copyright (c) 2002-2020 Lattice Semiconductor Corporation,  All rights reserved.

Report Information
------------------
Command line:    trce -v 10 -gt -sethld -sp 5 -sphld m -o osc00_osc0.twr -gui -msgset C:/Users/Mau/Documents/Arqui/practicas/09-osc00/promote.xml osc00_osc0.ncd osc00_osc0.prf 
Design file:     osc00_osc0.ncd
Preference file: osc00_osc0.prf
Device,speed:    LCMXO2-7000HE,5
Report level:    verbose report, limited to 10 items per preference
--------------------------------------------------------------------------------

BLOCK ASYNCPATHS
BLOCK RESETPATHS
--------------------------------------------------------------------------------



Timing summary (Setup):
---------------

Timing errors: 0  Score: 0
Cumulative negative slack: 0

Constraints cover 5160 paths, 1 nets, and 200 connections (80.97% coverage)

--------------------------------------------------------------------------------
Lattice TRACE Report - Hold, Version Diamond (64-bit) 3.12.1.454
Wed Mar 09 11:04:12 2022

Copyright (c) 1991-1994 by NeoCAD Inc. All rights reserved.
Copyright (c) 1995 AT&T Corp.   All rights reserved.
Copyright (c) 1995-2001 Lucent Technologies Inc.  All rights reserved.
Copyright (c) 2001 Agere Systems   All rights reserved.
Copyright (c) 2002-2020 Lattice Semiconductor Corporation,  All rights reserved.

Report Information
------------------
Command line:    trce -v 10 -gt -sethld -sp 5 -sphld m -o osc00_osc0.twr -gui -msgset C:/Users/Mau/Documents/Arqui/practicas/09-osc00/promote.xml osc00_osc0.ncd osc00_osc0.prf 
Design file:     osc00_osc0.ncd
Preference file: osc00_osc0.prf
Device,speed:    LCMXO2-7000HE,m
Report level:    verbose report, limited to 10 items per preference
--------------------------------------------------------------------------------

BLOCK ASYNCPATHS
BLOCK RESETPATHS
--------------------------------------------------------------------------------



Timing summary (Hold):
---------------

Timing errors: 0  Score: 0
Cumulative negative slack: 0

Constraints cover 5160 paths, 1 nets, and 200 connections (80.97% coverage)



Timing summary (Setup and Hold):
---------------

Timing errors: 0 (setup), 0 (hold)
Score: 0 (setup), 0 (hold)
Cumulative negative slack: 0 (0+0)
--------------------------------------------------------------------------------

--------------------------------------------------------------------------------

Total CPU Time: 0 secs 
Total REAL Time: 0 secs 
Peak Memory Usage: 66 MB


tmcheck -par "osc00_osc0.par" 

bitgen -f "osc00_osc0.t2b" -w "osc00_osc0.ncd"  -jedec "osc00_osc0.prf"


BITGEN: Bitstream Generator Diamond (64-bit) 3.12.1.454
Copyright (c) 1991-1994 by NeoCAD Inc. All rights reserved.
Copyright (c) 1995 AT&T Corp.   All rights reserved.
Copyright (c) 1995-2001 Lucent Technologies Inc.  All rights reserved.
Copyright (c) 2001 Agere Systems   All rights reserved.
Copyright (c) 2002-2020 Lattice Semiconductor Corporation,  All rights reserved.


Loading design for application Bitgen from file osc00_osc0.ncd.
Design name: osc00
NCD version: 3.3
Vendor:      LATTICE
Device:      LCMXO2-7000HE
Package:     TQFP144
Performance: 5
Loading device for application Bitgen from file 'xo2c7000.nph' in environment: C:/lscc/diamond/3.12/ispfpga.
Package Status:                     Final          Version 1.39.
Performance Hardware Data Status:   Final          Version 34.4.

Running DRC.
DRC detected 0 errors and 0 warnings.
Reading Preference File from osc00_osc0.prf.

Preference Summary:
+---------------------------------+---------------------------------+
|  Preference                     |  Current Setting                |
+---------------------------------+---------------------------------+
|                         RamCfg  |                        Reset**  |
+---------------------------------+---------------------------------+
|                     MCCLK_FREQ  |                         2.08**  |
+---------------------------------+---------------------------------+
|                  CONFIG_SECURE  |                          OFF**  |
+---------------------------------+---------------------------------+
|                          INBUF  |                           ON**  |
+---------------------------------+---------------------------------+
|                      JTAG_PORT  |                       ENABLE**  |
+---------------------------------+---------------------------------+
|                       SDM_PORT  |                      DISABLE**  |
+---------------------------------+---------------------------------+
|                 SLAVE_SPI_PORT  |                      DISABLE**  |
+---------------------------------+---------------------------------+
|                MASTER_SPI_PORT  |                      DISABLE**  |
+---------------------------------+---------------------------------+
|                       I2C_PORT  |                      DISABLE**  |
+---------------------------------+---------------------------------+
|        MUX_CONFIGURATION_PORTS  |                      DISABLE**  |
+---------------------------------+---------------------------------+
|                  CONFIGURATION  |                          CFG**  |
+---------------------------------+---------------------------------+
|                COMPRESS_CONFIG  |                           ON**  |
+---------------------------------+---------------------------------+
|                        MY_ASSP  |                          OFF**  |
+---------------------------------+---------------------------------+
|               ONE_TIME_PROGRAM  |                          OFF**  |
+---------------------------------+---------------------------------+
|                 ENABLE_TRANSFR  |                      DISABLE**  |
+---------------------------------+---------------------------------+
|                  SHAREDEBRINIT  |                      DISABLE**  |
+---------------------------------+---------------------------------+
|            BACKGROUND_RECONFIG  |                          OFF**  |
+---------------------------------+---------------------------------+
 *  Default setting.
 ** The specified setting matches the default setting.


Creating bit map...
 
Bitstream Status: Final           Version 1.95.
 
Saving bit stream in "osc00_osc0.jed".
 
===========
UFM Summary.
===========
UFM Size:        2046 Pages (128*2046 Bits).
UFM Utilization: General Purpose Flash Memory.
 
Available General Purpose Flash Memory: 2046 Pages (Page 0 to Page 2045).
Initialized UFM Pages:                     0 Page.
 
Total CPU Time: 3 secs 
Total REAL Time: 4 secs 
Peak Memory Usage: 289 MB
