Running in Lattice mode

                               Synplify Pro (R) 

                Version R-2021.03L-SP1 for win64 - Aug 10, 2021 

                    Copyright (c) 1988 - 2021 Synopsys, Inc.
   This software and the associated documentation are proprietary to Synopsys,
 Inc. This software may only be used in accordance with the terms and conditions
 of a written license agreement with Synopsys, Inc. All other use, reproduction,
            or distribution of this software is strictly prohibited.

Starting:    C:\lscc\diamond\3.12\synpbase\bin64\mbin\synbatch.exe
Install:     C:\lscc\diamond\3.12\synpbase
Hostname:    DESKTOP-EM0A4AG
Date:        Wed Mar  9 11:03:52 2022
Version:     R-2021.03L-SP1

Arguments:   -product synplify_pro -batch osc00_osc0_synplify.tcl
ProductType: synplify_pro




log file: "C:\Users\Mau\Documents\Arqui\practicas\09-osc00\osc0\osc00_osc0.srr"
Running: hdl_info_gen in foreground

Generating HDL info...
Copied C:\Users\Mau\Documents\Arqui\practicas\09-osc00\osc0\osc00_osc0.srr to C:\Users\Mau\Documents\Arqui\practicas\09-osc00\osc0\osc00_osc0.srf

hdl_info_gen completed
# Wed Mar  9 11:03:53 2022

Return Code: 0
Run Time:00h:00m:01s
log file: "C:\Users\Mau\Documents\Arqui\practicas\09-osc00\osc0\osc00_osc0.srr"
Running: osc0 in foreground

Running proj_1|osc0

Running Flow: compile (Compile) on proj_1|osc0
# Wed Mar  9 11:03:53 2022

Running Flow: compile_flow (Compile Process) on proj_1|osc0
# Wed Mar  9 11:03:53 2022

Running: compiler (Compile Input) on proj_1|osc0
# Wed Mar  9 11:03:53 2022
Copied C:\Users\Mau\Documents\Arqui\practicas\09-osc00\osc0\synwork\osc00_osc0_comp.srs to C:\Users\Mau\Documents\Arqui\practicas\09-osc00\osc0\osc00_osc0.srs

compiler completed
# Wed Mar  9 11:03:55 2022

Return Code: 0
Run Time:00h:00m:02s

Running: multi_srs_gen (Multi-srs Generator) on proj_1|osc0
# Wed Mar  9 11:03:55 2022

multi_srs_gen completed
# Wed Mar  9 11:03:55 2022

Return Code: 0
Run Time:00h:00m:00s
Copied C:\Users\Mau\Documents\Arqui\practicas\09-osc00\osc0\synwork\osc00_osc0_mult.srs to C:\Users\Mau\Documents\Arqui\practicas\09-osc00\osc0\osc00_osc0.srs
Copied C:\Users\Mau\Documents\Arqui\practicas\09-osc00\osc0\osc00_osc0.srr to C:\Users\Mau\Documents\Arqui\practicas\09-osc00\osc0\osc00_osc0.srf
Complete: Compile Process on proj_1|osc0

Running: premap (Premap) on proj_1|osc0
# Wed Mar  9 11:03:55 2022

premap completed with warnings
# Wed Mar  9 11:03:58 2022

Return Code: 1
Run Time:00h:00m:03s
Complete: Compile on proj_1|osc0

Running Flow: map (Map) on proj_1|osc0
# Wed Mar  9 11:03:58 2022
License granted for 4 parallel jobs

Running: fpga_mapper (Map & Optimize) on proj_1|osc0
# Wed Mar  9 11:03:58 2022
Copied C:\Users\Mau\Documents\Arqui\practicas\09-osc00\osc0\synwork\osc00_osc0_m.srm to C:\Users\Mau\Documents\Arqui\practicas\09-osc00\osc0\osc00_osc0.srm

fpga_mapper completed with warnings
# Wed Mar  9 11:04:02 2022

Return Code: 1
Run Time:00h:00m:04s
Complete: Map on proj_1|osc0
Copied C:\Users\Mau\Documents\Arqui\practicas\09-osc00\osc0\osc00_osc0.srr to C:\Users\Mau\Documents\Arqui\practicas\09-osc00\osc0\osc00_osc0.srf
Complete: Logic Synthesis on proj_1|osc0
TCL script complete: "osc00_osc0_synplify.tcl"
exit status=0
exit status=0
Save changes for project:
C:\Users\Mau\Documents\Arqui\practicas\09-osc00\osc0\proj_1.prj
batch mode default:no
