
Copyright (C) 1994-2020 Synopsys, Inc.
This Synopsys software and all associated documentation are proprietary to Synopsys, Inc.
and may only be used pursuant to the terms and conditions of a written license agreement
with Synopsys, Inc. All other use, reproduction, modification, or distribution of the
Synopsys software or the associated documentation is strictly prohibited.
Tool: Synplify Pro (R)
Build: Q-2020.03L-SP1
Install: C:\lscc\diamond\3.12\synpbase
OS: Windows 6.2

Hostname: DESKTOP-H3MRSE6

Implementation : ramEBR0
Synopsys HDL compiler and linker, Version comp202003synp2, Build 182R, Built Oct 29 2020 10:49:53, @

Modified Files: 1
FID:  path (prevtimestamp, timestamp)
2        C:\Users\Angela\Desktop\Respaldo\OneDrive\Documentos\Arquitectura de Computadoras\07-DiamondProyects\03-ramEBR00\ramEBR00.vhdl (2022-05-24 12:00:03, 2022-05-26 16:35:22)

*******************************************************************
Modules that may have changed as a result of file changes: 0
MID:  lib.cell.view

*******************************************************************
Unmodified files: 18
FID:  path (timestamp)
0        C:\Users\Angela\Desktop\Respaldo\OneDrive\Documentos\Arquitectura de Computadoras\07-DiamondProyects\03-ramEBR00\contRead00.vhdl (2022-05-24 12:06:26)
1        C:\Users\Angela\Desktop\Respaldo\OneDrive\Documentos\Arquitectura de Computadoras\07-DiamondProyects\03-ramEBR00\packageramEBR00.vhdl (2022-05-24 12:15:27)
3        C:\Users\Angela\Desktop\Respaldo\OneDrive\Documentos\Arquitectura de Computadoras\07-DiamondProyects\03-ramEBR00\ramEBR0\source\div00.vhdl (2022-03-04 12:03:42)
4        C:\Users\Angela\Desktop\Respaldo\OneDrive\Documentos\Arquitectura de Computadoras\07-DiamondProyects\03-ramEBR00\ramEBR0\source\osc00.vhdl (2022-03-09 10:58:36)
5        C:\Users\Angela\Desktop\Respaldo\OneDrive\Documentos\Arquitectura de Computadoras\07-DiamondProyects\03-ramEBR00\ramEBR0\source\oscint00.vhdl (2022-03-04 10:56:51)
6        C:\Users\Angela\Desktop\Respaldo\OneDrive\Documentos\Arquitectura de Computadoras\07-DiamondProyects\03-ramEBR00\ramEBR0\source\packageaosc00.vhdl (2022-03-04 11:42:18)
7        C:\Users\Angela\Desktop\Respaldo\OneDrive\Documentos\Arquitectura de Computadoras\07-DiamondProyects\03-ramEBR00\ram_EBR_00.vhd (2022-05-24 11:12:23)
8        C:\lscc\diamond\3.12\cae_library\synthesis\vhdl\machxo2.vhd (2018-11-14 23:32:12)
9        C:\lscc\diamond\3.12\synpbase\lib\cpld\lattice.vhd (2020-10-29 09:20:44)
10       C:\lscc\diamond\3.12\synpbase\lib\vhd\arith.vhd (2020-10-29 09:23:10)
11       C:\lscc\diamond\3.12\synpbase\lib\vhd\hyperents.vhd (2020-10-29 09:23:10)
12       C:\lscc\diamond\3.12\synpbase\lib\vhd\location.map (2020-11-02 16:26:20)
13       C:\lscc\diamond\3.12\synpbase\lib\vhd\numeric.vhd (2020-10-29 09:23:10)
14       C:\lscc\diamond\3.12\synpbase\lib\vhd\snps_haps_pkg.vhd (2020-10-29 09:23:10)
15       C:\lscc\diamond\3.12\synpbase\lib\vhd\std.vhd (2020-10-29 09:23:10)
16       C:\lscc\diamond\3.12\synpbase\lib\vhd\std1164.vhd (2020-10-29 09:23:10)
17       C:\lscc\diamond\3.12\synpbase\lib\vhd\umr_capim.vhd (2020-10-29 09:23:10)
18       C:\lscc\diamond\3.12\synpbase\lib\vhd\unsigned.vhd (2020-10-29 09:23:10)

*******************************************************************
Unchanged modules: 0
MID:  lib.cell.view
