
Copyright (C) 1994-2020 Synopsys, Inc.
This Synopsys software and all associated documentation are proprietary to Synopsys, Inc.
and may only be used pursuant to the terms and conditions of a written license agreement
with Synopsys, Inc. All other use, reproduction, modification, or distribution of the
Synopsys software or the associated documentation is strictly prohibited.
Tool: Synplify Pro (R)
Build: Q-2020.03L-SP1
Install: C:\lscc\diamond\3.12\synpbase
OS: Windows 6.2

Hostname: UNKNOWN

Implementation : ram0
Synopsys HDL compiler and linker, Version comp202003synp2, Build 182R, Built Oct 29 2020 10:49:53, @

Modified Files: 1
FID:  path (prevtimestamp, timestamp)
0        C:\Users\Mau\Documents\Arqui\practicas\Segundo Parcial\02-ram00\coder00.vhdl (2022-05-13 11:19:32, 2022-05-13 11:26:22)

*******************************************************************
Modules that may have changed as a result of file changes: 1
MID:  lib.cell.view
0        work.coder00.coder0 may have changed because the following files changed:
                        C:\Users\Mau\Documents\Arqui\practicas\Segundo Parcial\02-ram00\coder00.vhdl (2022-05-13 11:19:32, 2022-05-13 11:26:22) <-- (architecture and entity definition)

*******************************************************************
Unmodified files: 21
FID:  path (timestamp)
1        C:\Users\Mau\Documents\Arqui\practicas\Segundo Parcial\02-ram00\contRead00.vhdl (2022-05-13 11:19:22)
2        C:\Users\Mau\Documents\Arqui\practicas\Segundo Parcial\02-ram00\contring00.vhdl (2022-05-11 20:10:53)
3        C:\Users\Mau\Documents\Arqui\practicas\Segundo Parcial\02-ram00\memram.vhdl (2022-05-13 11:19:37)
4        C:\Users\Mau\Documents\Arqui\practicas\Segundo Parcial\02-ram00\muxram00.vhdl (2022-05-13 11:19:50)
5        C:\Users\Mau\Documents\Arqui\practicas\Segundo Parcial\02-ram00\packageram00.vhdl (2022-05-11 21:45:21)
6        C:\Users\Mau\Documents\Arqui\practicas\Segundo Parcial\02-ram00\ram00.vhdl (2022-05-13 10:27:55)
7        C:\Users\Mau\Documents\Arqui\practicas\Segundo Parcial\02-ram00\ram0\source\div00.vhdl (2022-04-15 04:42:32)
8        C:\Users\Mau\Documents\Arqui\practicas\Segundo Parcial\02-ram00\ram0\source\osc00.vhdl (2022-05-04 00:21:55)
9        C:\Users\Mau\Documents\Arqui\practicas\Segundo Parcial\02-ram00\ram0\source\oscint00.vhdl (2022-05-04 00:20:55)
10       C:\Users\Mau\Documents\Arqui\practicas\Segundo Parcial\02-ram00\ram0\source\packageosc00.vhdl (2022-05-04 00:20:55)
11       C:\lscc\diamond\3.12\cae_library\synthesis\vhdl\machxo2.vhd (2018-11-14 23:32:12)
12       C:\lscc\diamond\3.12\synpbase\lib\cpld\lattice.vhd (2020-10-29 09:20:44)
13       C:\lscc\diamond\3.12\synpbase\lib\vhd\arith.vhd (2020-10-29 09:23:10)
14       C:\lscc\diamond\3.12\synpbase\lib\vhd\hyperents.vhd (2020-10-29 09:23:10)
15       C:\lscc\diamond\3.12\synpbase\lib\vhd\location.map (2020-11-02 16:26:20)
16       C:\lscc\diamond\3.12\synpbase\lib\vhd\numeric.vhd (2020-10-29 09:23:10)
17       C:\lscc\diamond\3.12\synpbase\lib\vhd\snps_haps_pkg.vhd (2020-10-29 09:23:10)
18       C:\lscc\diamond\3.12\synpbase\lib\vhd\std.vhd (2020-10-29 09:23:10)
19       C:\lscc\diamond\3.12\synpbase\lib\vhd\std1164.vhd (2020-10-29 09:23:10)
20       C:\lscc\diamond\3.12\synpbase\lib\vhd\umr_capim.vhd (2020-10-29 09:23:10)
21       C:\lscc\diamond\3.12\synpbase\lib\vhd\unsigned.vhd (2020-10-29 09:23:10)

*******************************************************************
Unchanged modules: 16
MID:  lib.cell.view
2        work.contread00.contread0
3        work.contread00.vhdl
4        work.contring00.contring0
5        work.contring00.vhdl
6        work.div00.div0
7        work.div00.vhdl
8        work.memram00.memram0
9        work.memram00.vhdl
10       work.muxram00.muxram0
11       work.muxram00.vhdl
12       work.osc00.osc0
13       work.osc00.vhdl
14       work.oscint00.oscint0
15       work.oscint00.vhdl
16       work.ram00.ram0
17       work.ram00.vhdl
