
synpwrap -msg -prj "ram00_ram0_synplify.tcl" -log "ram00_ram0.srf"
Copyright (C) 1992-2020 Lattice Semiconductor Corporation. All rights reserved.
Lattice Diamond Version 3.12.0.240.2
    <postMsg mid="2011000" type="Info"    dynamic="0" navigation="0"  />

==contents of ram00_ram0.srf
#Build: Synplify Pro (R) Q-2020.03L-SP1, Build 182R, Oct 29 2020
#install: C:\lscc\diamond\3.12\synpbase
#OS: Windows 8 6.2
#Hostname: UNKNOWN

# Fri May 13 11:26:29 2022

#Implementation: ram0


Copyright (C) 1994-2020 Synopsys, Inc.
This Synopsys software and all associated documentation are proprietary to Synopsys, Inc.
and may only be used pursuant to the terms and conditions of a written license agreement
with Synopsys, Inc. All other use, reproduction, modification, or distribution of the
Synopsys software or the associated documentation is strictly prohibited.
Tool: Synplify Pro (R)
Build: Q-2020.03L-SP1
Install: C:\lscc\diamond\3.12\synpbase
OS: Windows 6.2

Hostname: UNKNOWN

Implementation : ram0
Synopsys HDL Compiler, Version comp202003synp2, Build 182R, Built Oct 29 2020 10:49:53, @

@N|Running in 64-bit mode
###########################################################[

Copyright (C) 1994-2020 Synopsys, Inc.
This Synopsys software and all associated documentation are proprietary to Synopsys, Inc.
and may only be used pursuant to the terms and conditions of a written license agreement
with Synopsys, Inc. All other use, reproduction, modification, or distribution of the
Synopsys software or the associated documentation is strictly prohibited.
Tool: Synplify Pro (R)
Build: Q-2020.03L-SP1
Install: C:\lscc\diamond\3.12\synpbase
OS: Windows 6.2

Hostname: UNKNOWN

Implementation : ram0
Synopsys VHDL Compiler, Version comp202003synp2, Build 182R, Built Oct 29 2020 10:49:53, @

@N|Running in 64-bit mode
@N:"C:\Users\Mau\Documents\Arqui\practicas\Segundo Parcial\02-ram00\ram00.vhdl":7:7:7:11|Top entity is set to ram00.
File C:\lscc\diamond\3.12\synpbase\lib\cpld\lattice.vhd changed - recompiling
File C:\Users\Mau\Documents\Arqui\practicas\Segundo Parcial\02-ram00\ram0\source\oscint00.vhdl changed - recompiling
File C:\Users\Mau\Documents\Arqui\practicas\Segundo Parcial\02-ram00\ram0\source\packageosc00.vhdl changed - recompiling
File C:\Users\Mau\Documents\Arqui\practicas\Segundo Parcial\02-ram00\contring00.vhdl changed - recompiling
File C:\Users\Mau\Documents\Arqui\practicas\Segundo Parcial\02-ram00\coder00.vhdl changed - recompiling
File C:\Users\Mau\Documents\Arqui\practicas\Segundo Parcial\02-ram00\memram.vhdl changed - recompiling
File C:\Users\Mau\Documents\Arqui\practicas\Segundo Parcial\02-ram00\contRead00.vhdl changed - recompiling
File C:\Users\Mau\Documents\Arqui\practicas\Segundo Parcial\02-ram00\muxram00.vhdl changed - recompiling
File C:\Users\Mau\Documents\Arqui\practicas\Segundo Parcial\02-ram00\packageram00.vhdl changed - recompiling
File C:\Users\Mau\Documents\Arqui\practicas\Segundo Parcial\02-ram00\ram0\source\osc00.vhdl changed - recompiling
File C:\Users\Mau\Documents\Arqui\practicas\Segundo Parcial\02-ram00\ram00.vhdl changed - recompiling
VHDL syntax check successful!
File C:\Users\Mau\Documents\Arqui\practicas\Segundo Parcial\02-ram00\coder00.vhdl changed - recompiling
@N: CD630 :"C:\Users\Mau\Documents\Arqui\practicas\Segundo Parcial\02-ram00\ram00.vhdl":7:7:7:11|Synthesizing work.ram00.ram0.
@N: CD630 :"C:\Users\Mau\Documents\Arqui\practicas\Segundo Parcial\02-ram00\muxram00.vhdl":8:7:8:14|Synthesizing work.muxram00.muxram0.
Post processing for work.muxram00.muxram0
Running optimization stage 1 on muxram00 .......
@N: CD630 :"C:\Users\Mau\Documents\Arqui\practicas\Segundo Parcial\02-ram00\contRead00.vhdl":8:7:8:16|Synthesizing work.contread00.contread0.
Post processing for work.contread00.contread0
Running optimization stage 1 on contRead00 .......
@N: CD630 :"C:\Users\Mau\Documents\Arqui\practicas\Segundo Parcial\02-ram00\memram.vhdl":8:7:8:14|Synthesizing work.memram00.memram0.
Post processing for work.memram00.memram0
Running optimization stage 1 on memram00 .......
@N: CL134 :"C:\Users\Mau\Documents\Arqui\practicas\Segundo Parcial\02-ram00\memram.vhdl":21:7:21:13|Found RAM wordram, depth=64, width=7
@N: CD630 :"C:\Users\Mau\Documents\Arqui\practicas\Segundo Parcial\02-ram00\coder00.vhdl":8:7:8:13|Synthesizing work.coder00.coder0.
@W: CG296 :"C:\Users\Mau\Documents\Arqui\practicas\Segundo Parcial\02-ram00\coder00.vhdl":23:9:23:15|Incomplete sensitivity list; assuming completeness. Make sure all referenced variables in message CG290 are included in the sensitivity list.
@W: CG290 :"C:\Users\Mau\Documents\Arqui\practicas\Segundo Parcial\02-ram00\coder00.vhdl":30:6:30:14|Referenced variable scontrolc is not in sensitivity list.
@W: CG290 :"C:\Users\Mau\Documents\Arqui\practicas\Segundo Parcial\02-ram00\coder00.vhdl":38:5:38:8|Referenced variable clkc is not in sensitivity list.
Post processing for work.coder00.coder0
Running optimization stage 1 on coder00 .......
@A: CL282 :"C:\Users\Mau\Documents\Arqui\practicas\Segundo Parcial\02-ram00\coder00.vhdl":30:1:30:4|Feedback mux created for signal aux3. It is possible a set/reset assignment for this is signal missing. To improve timing and area, specify a set/reset value.
@A: CL282 :"C:\Users\Mau\Documents\Arqui\practicas\Segundo Parcial\02-ram00\coder00.vhdl":30:1:30:4|Feedback mux created for signal aux2. It is possible a set/reset assignment for this is signal missing. To improve timing and area, specify a set/reset value.
@A: CL282 :"C:\Users\Mau\Documents\Arqui\practicas\Segundo Parcial\02-ram00\coder00.vhdl":30:1:30:4|Feedback mux created for signal aux1. It is possible a set/reset assignment for this is signal missing. To improve timing and area, specify a set/reset value.
@A: CL282 :"C:\Users\Mau\Documents\Arqui\practicas\Segundo Parcial\02-ram00\coder00.vhdl":30:1:30:4|Feedback mux created for signal aux0. It is possible a set/reset assignment for this is signal missing. To improve timing and area, specify a set/reset value.
@W: CL113 :"C:\Users\Mau\Documents\Arqui\practicas\Segundo Parcial\02-ram00\coder00.vhdl":30:1:30:4|Feedback mux created for signal outcoderc[6:0]. To avoid the feedback mux, assign values explicitly under all conditions of conditional assignment statements.
@W: CL113 :"C:\Users\Mau\Documents\Arqui\practicas\Segundo Parcial\02-ram00\coder00.vhdl":30:1:30:4|Feedback mux created for signal outcontwritec[5:0]. To avoid the feedback mux, assign values explicitly under all conditions of conditional assignment statements.
@N: CD630 :"C:\Users\Mau\Documents\Arqui\practicas\Segundo Parcial\02-ram00\contring00.vhdl":6:7:6:16|Synthesizing work.contring00.contring0.
Post processing for work.contring00.contring0
Running optimization stage 1 on contring00 .......
@N: CD630 :"C:\Users\Mau\Documents\Arqui\practicas\Segundo Parcial\02-ram00\ram0\source\osc00.vhdl":7:7:7:11|Synthesizing work.osc00.osc0.
@N: CD630 :"C:\Users\Mau\Documents\Arqui\practicas\Segundo Parcial\02-ram00\ram0\source\div00.vhdl":8:7:8:11|Synthesizing work.div00.div0.
@N: CD364 :"C:\Users\Mau\Documents\Arqui\practicas\Segundo Parcial\02-ram00\ram0\source\div00.vhdl":29:6:29:11|Removing redundant assignment.
@N: CD364 :"C:\Users\Mau\Documents\Arqui\practicas\Segundo Parcial\02-ram00\ram0\source\div00.vhdl":37:6:37:11|Removing redundant assignment.
@N: CD364 :"C:\Users\Mau\Documents\Arqui\practicas\Segundo Parcial\02-ram00\ram0\source\div00.vhdl":45:6:45:11|Removing redundant assignment.
@N: CD364 :"C:\Users\Mau\Documents\Arqui\practicas\Segundo Parcial\02-ram00\ram0\source\div00.vhdl":53:6:53:11|Removing redundant assignment.
@N: CD364 :"C:\Users\Mau\Documents\Arqui\practicas\Segundo Parcial\02-ram00\ram0\source\div00.vhdl":61:6:61:11|Removing redundant assignment.
@N: CD364 :"C:\Users\Mau\Documents\Arqui\practicas\Segundo Parcial\02-ram00\ram0\source\div00.vhdl":69:6:69:11|Removing redundant assignment.
@N: CD364 :"C:\Users\Mau\Documents\Arqui\practicas\Segundo Parcial\02-ram00\ram0\source\div00.vhdl":77:6:77:11|Removing redundant assignment.
@N: CD364 :"C:\Users\Mau\Documents\Arqui\practicas\Segundo Parcial\02-ram00\ram0\source\div00.vhdl":85:6:85:11|Removing redundant assignment.
Post processing for work.div00.div0
Running optimization stage 1 on div00 .......
@N: CD630 :"C:\Users\Mau\Documents\Arqui\practicas\Segundo Parcial\02-ram00\ram0\source\oscint00.vhdl":6:7:6:14|Synthesizing work.oscint00.oscint0.
@W: CD326 :"C:\Users\Mau\Documents\Arqui\practicas\Segundo Parcial\02-ram00\ram0\source\oscint00.vhdl":24:0:24:7|Port sedstdby of entity work.osch is unconnected. If a port needs to remain unconnected, use the keyword open.
@N: CD630 :"C:\lscc\diamond\3.12\cae_library\synthesis\vhdl\machxo2.vhd":2291:10:2291:13|Synthesizing work.osch.syn_black_box.
Post processing for work.osch.syn_black_box
Post processing for work.oscint00.oscint0
Running optimization stage 1 on oscint00 .......
Post processing for work.osc00.osc0
Running optimization stage 1 on osc00 .......
Post processing for work.ram00.ram0
Running optimization stage 1 on ram00 .......
Running optimization stage 2 on oscint00 .......
Running optimization stage 2 on div00 .......
Running optimization stage 2 on osc00 .......
Running optimization stage 2 on contring00 .......
Running optimization stage 2 on coder00 .......
Running optimization stage 2 on memram00 .......
Running optimization stage 2 on contRead00 .......
Running optimization stage 2 on muxram00 .......
Running optimization stage 2 on ram00 .......

For a summary of runtime and memory usage per design unit, please see file:
==========================================================
@L: C:\Users\Mau\Documents\Arqui\practicas\Segundo Parcial\02-ram00\ram0\synwork\layer0.rt.csv


At c_vhdl Exit (Real Time elapsed 0h:00m:01s; CPU Time elapsed 0h:00m:01s; Memory used current: 97MB peak: 99MB)

Process took 0h:00m:01s realtime, 0h:00m:01s cputime

Process completed successfully.
# Fri May 13 11:26:31 2022

###########################################################]
###########################################################[

Copyright (C) 1994-2020 Synopsys, Inc.
This Synopsys software and all associated documentation are proprietary to Synopsys, Inc.
and may only be used pursuant to the terms and conditions of a written license agreement
with Synopsys, Inc. All other use, reproduction, modification, or distribution of the
Synopsys software or the associated documentation is strictly prohibited.
Tool: Synplify Pro (R)
Build: Q-2020.03L-SP1
Install: C:\lscc\diamond\3.12\synpbase
OS: Windows 6.2

Hostname: UNKNOWN

Implementation : ram0
Synopsys Synopsys Netlist Linker, Version comp202003synp2, Build 182R, Built Oct 29 2020 10:49:53, @

@N|Running in 64-bit mode
File C:\Users\Mau\Documents\Arqui\practicas\Segundo Parcial\02-ram00\ram0\synwork\layer0.srs changed - recompiling

At syn_nfilter Exit (Real Time elapsed 0h:00m:00s; CPU Time elapsed 0h:00m:00s; Memory used current: 90MB peak: 91MB)

Process took 0h:00m:01s realtime, 0h:00m:01s cputime

Process completed successfully.
# Fri May 13 11:26:31 2022

###########################################################]

For a summary of runtime and memory usage for all design units, please see file:
==========================================================
@L: C:\Users\Mau\Documents\Arqui\practicas\Segundo Parcial\02-ram00\ram0\synwork\ram00_ram0_comp.rt.csv

@END

At c_hdl Exit (Real Time elapsed 0h:00m:01s; CPU Time elapsed 0h:00m:01s; Memory used current: 23MB peak: 23MB)

Process took 0h:00m:01s realtime, 0h:00m:01s cputime

Process completed successfully.
# Fri May 13 11:26:31 2022

###########################################################]
###########################################################[

Copyright (C) 1994-2020 Synopsys, Inc.
This Synopsys software and all associated documentation are proprietary to Synopsys, Inc.
and may only be used pursuant to the terms and conditions of a written license agreement
with Synopsys, Inc. All other use, reproduction, modification, or distribution of the
Synopsys software or the associated documentation is strictly prohibited.
Tool: Synplify Pro (R)
Build: Q-2020.03L-SP1
Install: C:\lscc\diamond\3.12\synpbase
OS: Windows 6.2

Hostname: UNKNOWN

Implementation : ram0
Synopsys Synopsys Netlist Linker, Version comp202003synp2, Build 182R, Built Oct 29 2020 10:49:53, @

@N|Running in 64-bit mode
File C:\Users\Mau\Documents\Arqui\practicas\Segundo Parcial\02-ram00\ram0\synwork\ram00_ram0_comp.srs changed - recompiling

At syn_nfilter Exit (Real Time elapsed 0h:00m:00s; CPU Time elapsed 0h:00m:00s; Memory used current: 90MB peak: 91MB)

Process took 0h:00m:01s realtime, 0h:00m:01s cputime

Process completed successfully.
# Fri May 13 11:26:32 2022

###########################################################]
Premap Report

# Fri May 13 11:26:33 2022


Copyright (C) 1994-2020 Synopsys, Inc.
This Synopsys software and all associated documentation are proprietary to Synopsys, Inc.
and may only be used pursuant to the terms and conditions of a written license agreement
with Synopsys, Inc. All other use, reproduction, modification, or distribution of the
Synopsys software or the associated documentation is strictly prohibited.
Tool: Synplify Pro (R)
Build: Q-2020.03L-SP1
Install: C:\lscc\diamond\3.12\synpbase
OS: Windows 6.2

Hostname: UNKNOWN

Implementation : ram0
Synopsys Lattice Technology Pre-mapping, Version map202003lat, Build 172R, Built Nov  2 2020 09:31:45, @


Mapper Startup Complete (Real Time elapsed 0h:00m:00s; CPU Time elapsed 0h:00m:00s; Memory used current: 117MB peak: 117MB)

@A: MF827 |No constraint file specified.
@L: C:\Users\Mau\Documents\Arqui\practicas\Segundo Parcial\02-ram00\ram0\ram00_ram0_scck.rpt 
See clock summary report "C:\Users\Mau\Documents\Arqui\practicas\Segundo Parcial\02-ram00\ram0\ram00_ram0_scck.rpt"
@N: MF916 |Option synthesis_strategy=base is enabled. 
@N: MF248 |Running in 64-bit mode.
@N: MF666 |Clock conversion enabled. (Command "set_option -fix_gated_and_generated_clocks 1" in the project file.)

Design Input Complete (Real Time elapsed 0h:00m:00s; CPU Time elapsed 0h:00m:00s; Memory used current: 124MB peak: 128MB)


Mapper Initialization Complete (Real Time elapsed 0h:00m:00s; CPU Time elapsed 0h:00m:00s; Memory used current: 124MB peak: 128MB)


Start loading timing files (Real Time elapsed 0h:00m:00s; CPU Time elapsed 0h:00m:00s; Memory used current: 137MB peak: 137MB)


Finished loading timing files (Real Time elapsed 0h:00m:00s; CPU Time elapsed 0h:00m:00s; Memory used current: 138MB peak: 139MB)

@N: FX493 |Applying initial value "0" on instance aux1.
@W: FX474 |User-specified initial value defined for some sequential elements which can prevent optimum synthesis results from being achieved. 
@N: FX493 |Applying initial value "0" on instance aux2.
@N: FX493 |Applying initial value "0" on instance aux3.
@N: FX493 |Applying initial value "0" on instance aux0.

Starting clock optimization phase (Real Time elapsed 0h:00m:00s; CPU Time elapsed 0h:00m:00s; Memory used current: 169MB peak: 169MB)


Finished clock optimization phase (Real Time elapsed 0h:00m:00s; CPU Time elapsed 0h:00m:00s; Memory used current: 170MB peak: 170MB)


Starting clock optimization report phase (Real Time elapsed 0h:00m:00s; CPU Time elapsed 0h:00m:00s; Memory used current: 170MB peak: 170MB)


Finished clock optimization report phase (Real Time elapsed 0h:00m:00s; CPU Time elapsed 0h:00m:01s; Memory used current: 170MB peak: 170MB)

@N: FX1184 |Applying syn_allowed_resources blockrams=26 on top level netlist ram00 

Finished netlist restructuring (Real Time elapsed 0h:00m:01s; CPU Time elapsed 0h:00m:01s; Memory used current: 170MB peak: 170MB)



Clock Summary
******************

          Start                               Requested     Requested     Clock                                              Clock                   Clock
Level     Clock                               Frequency     Period        Type                                               Group                   Load 
----------------------------------------------------------------------------------------------------------------------------------------------------------
0 -       oscint00|osc_int_inferred_clock     2.1 MHz       480.769       inferred                                           Inferred_clkgroup_0     22   
1 .         div00|outdiv_derived_clock        2.1 MHz       480.769       derived (from oscint00|osc_int_inferred_clock)     Inferred_clkgroup_0     41   
==========================================================================================================================================================



Clock Load Summary
***********************

                                    Clock     Source                          Clock Pin                 Non-clock Pin     Non-clock Pin
Clock                               Load      Pin                             Seq Example               Seq Example       Comb Example 
---------------------------------------------------------------------------------------------------------------------------------------
oscint00|osc_int_inferred_clock     22        RA00.D00.OSCInst0.OSC(OSCH)     RA00.D01.outdiv.C         -                 -            
div00|outdiv_derived_clock          41        RA00.D01.outdiv.Q[0](dffe)      RA04.outcontrd[5:0].C     -                 -            
=======================================================================================================================================

@W: MT529 :"c:\users\mau\documents\arqui\practicas\segundo parcial\02-ram00\ram0\source\div00.vhdl":21:2:21:3|Found inferred clock oscint00|osc_int_inferred_clock which controls 22 sequential elements including RA00.D01.sdiv[20:0]. This clock has no specified timing constraint which may prevent conversion of gated or generated clocks and may adversely impact design performance. 

ICG Latch Removal Summary:
Number of ICG latches removed: 0
Number of ICG latches not removed:	0


@S |Clock Optimization Summary



#### START OF PREMAP CLOCK OPTIMIZATION REPORT #####[

1 non-gated/non-generated clock tree(s) driving 22 clock pin(s) of sequential element(s)
1 gated/generated clock tree(s) driving 35 clock pin(s) of sequential element(s)
0 instances converted, 35 sequential instances remain driven by gated/generated clocks

================================ Non-Gated/Non-Generated Clocks =================================
Clock Tree ID     Driving Element           Drive Element Type     Fanout     Sample Instance    
-------------------------------------------------------------------------------------------------
@KP:ckid0_2       RA00.D00.OSCInst0.OSC     OSCH                   22         RA00.D01.sdiv[20:0]
=================================================================================================
================================================================= Gated/Generated Clocks ==================================================================
Clock Tree ID     Driving Element          Drive Element Type     Unconverted Fanout     Sample Instance         Explanation                               
-----------------------------------------------------------------------------------------------------------------------------------------------------------
@KP:ckid0_0       RA00.D01.outdiv.Q[0]     dffe                   35                     RA04.outcontrd[5:0]     Derived clock on input (not legal for GCC)
===========================================================================================================================================================


##### END OF CLOCK OPTIMIZATION REPORT ######

@N: FX1143 |Skipping assigning INTERNAL_VREF to iobanks, because the table of mapping from pin to iobank is not initialized.
Finished Pre Mapping Phase.

Starting constraint checker (Real Time elapsed 0h:00m:01s; CPU Time elapsed 0h:00m:01s; Memory used current: 170MB peak: 170MB)


Finished constraint checker preprocessing (Real Time elapsed 0h:00m:01s; CPU Time elapsed 0h:00m:01s; Memory used current: 170MB peak: 170MB)


Finished constraint checker (Real Time elapsed 0h:00m:01s; CPU Time elapsed 0h:00m:01s; Memory used current: 171MB peak: 171MB)

Pre-mapping successful!

At Mapper Exit (Real Time elapsed 0h:00m:01s; CPU Time elapsed 0h:00m:01s; Memory used current: 91MB peak: 173MB)

Process took 0h:00m:01s realtime, 0h:00m:01s cputime
# Fri May 13 11:26:34 2022

###########################################################]
Map & Optimize Report

# Fri May 13 11:26:34 2022


Copyright (C) 1994-2020 Synopsys, Inc.
This Synopsys software and all associated documentation are proprietary to Synopsys, Inc.
and may only be used pursuant to the terms and conditions of a written license agreement
with Synopsys, Inc. All other use, reproduction, modification, or distribution of the
Synopsys software or the associated documentation is strictly prohibited.
Tool: Synplify Pro (R)
Build: Q-2020.03L-SP1
Install: C:\lscc\diamond\3.12\synpbase
OS: Windows 6.2

Hostname: UNKNOWN

Implementation : ram0
Synopsys Lattice Technology Mapper, Version map202003lat, Build 172R, Built Nov  2 2020 09:31:45, @


Mapper Startup Complete (Real Time elapsed 0h:00m:00s; CPU Time elapsed 0h:00m:00s; Memory used current: 117MB peak: 117MB)

@N: MF916 |Option synthesis_strategy=base is enabled. 
@N: MF248 |Running in 64-bit mode.
@N: MF666 |Clock conversion enabled. (Command "set_option -fix_gated_and_generated_clocks 1" in the project file.)

Design Input Complete (Real Time elapsed 0h:00m:00s; CPU Time elapsed 0h:00m:00s; Memory used current: 118MB peak: 128MB)


Mapper Initialization Complete (Real Time elapsed 0h:00m:00s; CPU Time elapsed 0h:00m:00s; Memory used current: 119MB peak: 128MB)


Start loading timing files (Real Time elapsed 0h:00m:00s; CPU Time elapsed 0h:00m:00s; Memory used current: 132MB peak: 132MB)


Finished loading timing files (Real Time elapsed 0h:00m:00s; CPU Time elapsed 0h:00m:00s; Memory used current: 134MB peak: 136MB)



Starting Optimization and Mapping (Real Time elapsed 0h:00m:00s; CPU Time elapsed 0h:00m:00s; Memory used current: 167MB peak: 167MB)


Available hyper_sources - for debug and ip models
	None Found


Finished RTL optimizations (Real Time elapsed 0h:00m:00s; CPU Time elapsed 0h:00m:00s; Memory used current: 171MB peak: 171MB)

@N: MO231 :"c:\users\mau\documents\arqui\practicas\segundo parcial\02-ram00\coder00.vhdl":30:1:30:4|Found counter in view:work.coder00(coder0) instance outcontwritec[5:0] 

Starting factoring (Real Time elapsed 0h:00m:00s; CPU Time elapsed 0h:00m:01s; Memory used current: 173MB peak: 173MB)


Finished factoring (Real Time elapsed 0h:00m:01s; CPU Time elapsed 0h:00m:01s; Memory used current: 173MB peak: 173MB)


Finished generic timing optimizations - Pass 1 (Real Time elapsed 0h:00m:01s; CPU Time elapsed 0h:00m:01s; Memory used current: 174MB peak: 174MB)


Starting Early Timing Optimization (Real Time elapsed 0h:00m:01s; CPU Time elapsed 0h:00m:01s; Memory used current: 175MB peak: 175MB)


Finished Early Timing Optimization (Real Time elapsed 0h:00m:01s; CPU Time elapsed 0h:00m:01s; Memory used current: 175MB peak: 175MB)


Finished generic timing optimizations - Pass 2 (Real Time elapsed 0h:00m:01s; CPU Time elapsed 0h:00m:01s; Memory used current: 175MB peak: 175MB)


Finished preparing to map (Real Time elapsed 0h:00m:01s; CPU Time elapsed 0h:00m:01s; Memory used current: 175MB peak: 175MB)


Finished technology mapping (Real Time elapsed 0h:00m:01s; CPU Time elapsed 0h:00m:01s; Memory used current: 185MB peak: 185MB)

Pass		 CPU time		Worst Slack		Luts / Registers
------------------------------------------------------------
   1		0h:00m:01s		   467.06ns		  94 /        56

Finished technology timing optimizations and critical path resynthesis (Real Time elapsed 0h:00m:01s; CPU Time elapsed 0h:00m:01s; Memory used current: 185MB peak: 185MB)

@N: FX164 |The option to pack registers in the IOB has not been specified. Please set syn_useioff attribute.  
@N: FO126 :"c:\users\mau\documents\arqui\practicas\segundo parcial\02-ram00\memram.vhdl":21:7:21:13|Generating RAM RA03.wordram[6:0]
@A: BN291 :"c:\users\mau\documents\arqui\practicas\segundo parcial\02-ram00\contring00.vhdl":20:2:20:3|Boundary register RA01.outr_3_.fb (in view: work.ram00(ram0)) is packed into a complex cell. To disable register packing, set syn_keep=1 on the net between the register and the complex cell. 
@A: BN291 :"c:\users\mau\documents\arqui\practicas\segundo parcial\02-ram00\contring00.vhdl":20:2:20:3|Boundary register RA01.outr_2_.fb (in view: work.ram00(ram0)) is packed into a complex cell. To disable register packing, set syn_keep=1 on the net between the register and the complex cell. 
@A: BN291 :"c:\users\mau\documents\arqui\practicas\segundo parcial\02-ram00\contring00.vhdl":20:2:20:3|Boundary register RA01.outr_1_.fb (in view: work.ram00(ram0)) is packed into a complex cell. To disable register packing, set syn_keep=1 on the net between the register and the complex cell. 
@A: BN291 :"c:\users\mau\documents\arqui\practicas\segundo parcial\02-ram00\contring00.vhdl":20:2:20:3|Boundary register RA01.outr_0_.fb (in view: work.ram00(ram0)) is packed into a complex cell. To disable register packing, set syn_keep=1 on the net between the register and the complex cell. 

Finished restoring hierarchy (Real Time elapsed 0h:00m:02s; CPU Time elapsed 0h:00m:02s; Memory used current: 185MB peak: 185MB)


Start Writing Netlists (Real Time elapsed 0h:00m:02s; CPU Time elapsed 0h:00m:02s; Memory used current: 148MB peak: 185MB)

Writing Analyst data base C:\Users\Mau\Documents\Arqui\practicas\Segundo Parcial\02-ram00\ram0\synwork\ram00_ram0_m.srm

Finished Writing Netlist Databases (Real Time elapsed 0h:00m:02s; CPU Time elapsed 0h:00m:02s; Memory used current: 183MB peak: 185MB)

Writing EDIF Netlist and constraint files
@N: FX1056 |Writing EDF file: C:\Users\Mau\Documents\Arqui\practicas\Segundo Parcial\02-ram00\ram0\ram00_ram0.edi
@N: BW106 |Synplicity Constraint File capacitance units using default value of 1pF 

Finished Writing EDIF Netlist and constraint files (Real Time elapsed 0h:00m:03s; CPU Time elapsed 0h:00m:03s; Memory used current: 188MB peak: 188MB)


Start final timing analysis (Real Time elapsed 0h:00m:03s; CPU Time elapsed 0h:00m:03s; Memory used current: 187MB peak: 188MB)

@W: MT420 |Found inferred clock oscint00|osc_int_inferred_clock with period 480.77ns. Please declare a user-defined clock on net RA00.D00.sclk.
@N: MT615 |Found clock div00|outdiv_derived_clock with period 480.77ns 


##### START OF TIMING REPORT #####[
# Timing report written on Fri May 13 11:26:38 2022
#


Top view:               ram00
Requested Frequency:    2.1 MHz
Wire load mode:         top
Paths requested:        5
Constraint File(s):    
@N: MT320 |This timing report is an estimate of place and route data. For final timing results, use the FPGA vendor place and route report.

@N: MT322 |Clock constraints include only register-to-register paths associated with each individual clock.



Performance Summary
*******************


Worst slack in design: 465.602

                                    Requested     Estimated     Requested     Estimated                 Clock                                              Clock              
Starting Clock                      Frequency     Frequency     Period        Period        Slack       Type                                               Group              
------------------------------------------------------------------------------------------------------------------------------------------------------------------------------
div00|outdiv_derived_clock          2.1 MHz       313.7 MHz     480.769       3.187         955.164     derived (from oscint00|osc_int_inferred_clock)     Inferred_clkgroup_0
oscint00|osc_int_inferred_clock     2.1 MHz       65.9 MHz      480.769       15.167        465.602     inferred                                           Inferred_clkgroup_0
==============================================================================================================================================================================





Clock Relationships
*******************

Clocks                                                            |    rise  to  rise     |    fall  to  fall   |    rise  to  fall   |    fall  to  rise 
----------------------------------------------------------------------------------------------------------------------------------------------------------
Starting                         Ending                           |  constraint  slack    |  constraint  slack  |  constraint  slack  |  constraint  slack
----------------------------------------------------------------------------------------------------------------------------------------------------------
oscint00|osc_int_inferred_clock  oscint00|osc_int_inferred_clock  |  480.769     465.602  |  No paths    -      |  No paths    -      |  No paths    -    
div00|outdiv_derived_clock       div00|outdiv_derived_clock       |  480.769     955.164  |  No paths    -      |  No paths    -      |  No paths    -    
==========================================================================================================================================================
 Note: 'No paths' indicates there are no paths in the design for that pair of clock edges.
       'Diff grp' indicates that paths exist but the starting clock and ending clock are in different clock groups.



Interface Information 
*********************

No IO constraint found



====================================
Detailed Report for Clock: div00|outdiv_derived_clock
====================================



Starting Points with Worst Slack
********************************

                          Starting                                                           Arrival            
Instance                  Reference                      Type        Pin     Net             Time        Slack  
                          Clock                                                                                 
----------------------------------------------------------------------------------------------------------------
RA01.outr[3]              div00|outdiv_derived_clock     FD1P3JX     Q       aux_c[3]        1.204       955.164
RA01.outr[1]              div00|outdiv_derived_clock     FD1P3IX     Q       aux_c[1]        1.228       955.260
RA01.outr[2]              div00|outdiv_derived_clock     FD1P3IX     Q       aux_c[2]        1.228       955.260
RA01.outr[0]              div00|outdiv_derived_clock     FD1P3IX     Q       aux_c[0]        1.220       955.268
RA04.outcontrd[0]         div00|outdiv_derived_clock     FD1S3IX     Q       contR0_c[0]     1.236       956.389
RA02.outcontwritec[0]     div00|outdiv_derived_clock     FD1P3DX     Q       contW0_c[0]     1.236       956.389
RA04.outcontrd[1]         div00|outdiv_derived_clock     FD1S3IX     Q       contR0_c[1]     1.236       956.532
RA04.outcontrd[2]         div00|outdiv_derived_clock     FD1S3IX     Q       contR0_c[2]     1.236       956.532
RA02.outcontwritec[1]     div00|outdiv_derived_clock     FD1P3DX     Q       contW0_c[1]     1.236       956.532
RA02.outcontwritec[2]     div00|outdiv_derived_clock     FD1P3DX     Q       contW0_c[2]     1.236       956.532
================================================================================================================


Ending Points with Worst Slack
******************************

                          Starting                                                              Required            
Instance                  Reference                      Type        Pin     Net                Time         Slack  
                          Clock                                                                                     
--------------------------------------------------------------------------------------------------------------------
RA02.outcoderc[0]         div00|outdiv_derived_clock     FD1P3DX     SP      outcontwritece     961.067      955.164
RA02.outcoderc[1]         div00|outdiv_derived_clock     FD1P3DX     SP      outcontwritece     961.067      955.164
RA02.outcoderc[2]         div00|outdiv_derived_clock     FD1P3DX     SP      outcontwritece     961.067      955.164
RA02.outcoderc[3]         div00|outdiv_derived_clock     FD1P3DX     SP      outcontwritece     961.067      955.164
RA02.outcoderc[4]         div00|outdiv_derived_clock     FD1P3DX     SP      outcontwritece     961.067      955.164
RA02.outcoderc[5]         div00|outdiv_derived_clock     FD1P3DX     SP      outcontwritece     961.067      955.164
RA02.outcoderc[6]         div00|outdiv_derived_clock     FD1P3DX     SP      outcontwritece     961.067      955.164
RA02.outcontwritec[0]     div00|outdiv_derived_clock     FD1P3DX     SP      outcontwritece     961.067      955.164
RA02.outcontwritec[1]     div00|outdiv_derived_clock     FD1P3DX     SP      outcontwritece     961.067      955.164
RA02.outcontwritec[2]     div00|outdiv_derived_clock     FD1P3DX     SP      outcontwritece     961.067      955.164
====================================================================================================================



Worst Path Information
***********************


Path information for path number 1: 
      Requested Period:                      961.538
    - Setup time:                            0.472
    + Clock delay at ending point:           0.000 (ideal)
    = Required time:                         961.067

    - Propagation time:                      5.903
    - Clock delay at starting point:         0.000 (ideal)
    = Slack (non-critical) :                 955.164

    Number of logic level(s):                4
    Starting point:                          RA01.outr[3] / Q
    Ending point:                            RA02.outcoderc[0] / SP
    The start point is clocked by            div00|outdiv_derived_clock [rising] (rise=0.000 fall=240.385 period=480.769) on pin CK
    The end   point is clocked by            div00|outdiv_derived_clock [rising] (rise=0.000 fall=240.385 period=480.769) on pin CK
    -Timing constraint applied as multi cycle path with factor 2 (from c:div00|outdiv_derived_clock to c:div00|outdiv_derived_clock)

Instance / Net                                      Pin      Pin               Arrival     No. of    
Name                                   Type         Name     Dir     Delay     Time        Fan Out(s)
-----------------------------------------------------------------------------------------------------
RA01.outr[3]                           FD1P3JX      Q        Out     1.204     1.204 r     -         
aux_c[3]                               Net          -        -       -         -           7         
RA02.outcontwritec_3_sqmuxa_0_a2_0     ORCALUT4     A        In      0.000     1.204 r     -         
RA02.outcontwritec_3_sqmuxa_0_a2_0     ORCALUT4     Z        Out     1.153     2.357 f     -         
N_39                                   Net          -        -       -         -           3         
RA02.outcontwritec_3_sqmuxa_0_a2       ORCALUT4     A        In      0.000     2.357 f     -         
RA02.outcontwritec_3_sqmuxa_0_a2       ORCALUT4     Z        Out     1.233     3.589 f     -         
outcontwritec_3_sqmuxa                 Net          -        -       -         -           6         
RA02.un1_outcoderc_0_sqmuxa_1_1        ORCALUT4     D        In      0.000     3.589 f     -         
RA02.un1_outcoderc_0_sqmuxa_1_1        ORCALUT4     Z        Out     1.017     4.606 f     -         
un1_outcoderc_0_sqmuxa_1_1             Net          -        -       -         -           1         
RA02.un1_outcoderc_0_sqmuxa_1          ORCALUT4     C        In      0.000     4.606 f     -         
RA02.un1_outcoderc_0_sqmuxa_1          ORCALUT4     Z        Out     1.297     5.903 f     -         
outcontwritece                         Net          -        -       -         -           13        
RA02.outcoderc[0]                      FD1P3DX      SP       In      0.000     5.903 f     -         
=====================================================================================================




====================================
Detailed Report for Clock: oscint00|osc_int_inferred_clock
====================================



Starting Points with Worst Slack
********************************

                     Starting                                                            Arrival            
Instance             Reference                           Type        Pin     Net         Time        Slack  
                     Clock                                                                                  
------------------------------------------------------------------------------------------------------------
RA00.D01.sdiv[0]     oscint00|osc_int_inferred_clock     FD1S3IX     Q       sdiv[0]     1.044       465.602
RA00.D01.sdiv[1]     oscint00|osc_int_inferred_clock     FD1S3IX     Q       sdiv[1]     1.044       465.602
RA00.D01.sdiv[2]     oscint00|osc_int_inferred_clock     FD1S3IX     Q       sdiv[2]     1.044       465.602
RA00.D01.sdiv[3]     oscint00|osc_int_inferred_clock     FD1S3IX     Q       sdiv[3]     1.044       465.602
RA00.D01.sdiv[4]     oscint00|osc_int_inferred_clock     FD1S3IX     Q       sdiv[4]     1.044       465.602
RA00.D01.sdiv[5]     oscint00|osc_int_inferred_clock     FD1S3IX     Q       sdiv[5]     1.044       465.602
RA00.D01.sdiv[8]     oscint00|osc_int_inferred_clock     FD1S3IX     Q       sdiv[8]     1.044       465.602
RA00.D01.sdiv[9]     oscint00|osc_int_inferred_clock     FD1S3IX     Q       sdiv[9]     1.044       465.602
RA00.D01.sdiv[6]     oscint00|osc_int_inferred_clock     FD1S3IX     Q       sdiv[6]     1.044       466.619
RA00.D01.sdiv[7]     oscint00|osc_int_inferred_clock     FD1S3IX     Q       sdiv[7]     1.044       466.619
============================================================================================================


Ending Points with Worst Slack
******************************

                      Starting                                                                Required            
Instance              Reference                           Type        Pin     Net             Time         Slack  
                      Clock                                                                                       
------------------------------------------------------------------------------------------------------------------
RA00.D01.sdiv[19]     oscint00|osc_int_inferred_clock     FD1S3IX     D       sdiv_11[19]     480.664      465.602
RA00.D01.sdiv[20]     oscint00|osc_int_inferred_clock     FD1S3IX     D       sdiv_11[20]     480.664      465.602
RA00.D01.sdiv[17]     oscint00|osc_int_inferred_clock     FD1S3IX     D       sdiv_11[17]     480.664      465.745
RA00.D01.sdiv[18]     oscint00|osc_int_inferred_clock     FD1S3IX     D       sdiv_11[18]     480.664      465.745
RA00.D01.sdiv[15]     oscint00|osc_int_inferred_clock     FD1S3IX     D       sdiv_11[15]     480.664      465.887
RA00.D01.sdiv[16]     oscint00|osc_int_inferred_clock     FD1S3IX     D       sdiv_11[16]     480.664      465.887
RA00.D01.sdiv[13]     oscint00|osc_int_inferred_clock     FD1S3IX     D       sdiv_11[13]     480.664      466.030
RA00.D01.sdiv[14]     oscint00|osc_int_inferred_clock     FD1S3IX     D       sdiv_11[14]     480.664      466.030
RA00.D01.sdiv[11]     oscint00|osc_int_inferred_clock     FD1S3IX     D       sdiv_11[11]     480.664      466.173
RA00.D01.sdiv[12]     oscint00|osc_int_inferred_clock     FD1S3IX     D       sdiv_11[12]     480.664      466.173
==================================================================================================================



Worst Path Information
***********************


Path information for path number 1: 
      Requested Period:                      480.769
    - Setup time:                            0.106
    + Clock delay at ending point:           0.000 (ideal)
    = Required time:                         480.664

    - Propagation time:                      15.062
    - Clock delay at starting point:         0.000 (ideal)
    = Slack (critical) :                     465.602

    Number of logic level(s):                20
    Starting point:                          RA00.D01.sdiv[0] / Q
    Ending point:                            RA00.D01.sdiv[20] / D
    The start point is clocked by            oscint00|osc_int_inferred_clock [rising] (rise=0.000 fall=240.385 period=480.769) on pin CK
    The end   point is clocked by            oscint00|osc_int_inferred_clock [rising] (rise=0.000 fall=240.385 period=480.769) on pin CK

Instance / Net                                       Pin      Pin               Arrival      No. of    
Name                                    Type         Name     Dir     Delay     Time         Fan Out(s)
-------------------------------------------------------------------------------------------------------
RA00.D01.sdiv[0]                        FD1S3IX      Q        Out     1.044     1.044 r      -         
sdiv[0]                                 Net          -        -       -         -            2         
RA00.D01.outdiv_0_sqmuxa_7_i_a2_1_5     ORCALUT4     A        In      0.000     1.044 r      -         
RA00.D01.outdiv_0_sqmuxa_7_i_a2_1_5     ORCALUT4     Z        Out     1.017     2.061 f      -         
outdiv_0_sqmuxa_7_i_a2_1_5              Net          -        -       -         -            1         
RA00.D01.outdiv_0_sqmuxa_7_i_a2_1       ORCALUT4     A        In      0.000     2.061 f      -         
RA00.D01.outdiv_0_sqmuxa_7_i_a2_1       ORCALUT4     Z        Out     1.089     3.149 f      -         
outdiv_0_sqmuxa_7_i_a2_1                Net          -        -       -         -            2         
RA00.D01.outdiv_0_sqmuxa_6_i_a2         ORCALUT4     A        In      0.000     3.149 f      -         
RA00.D01.outdiv_0_sqmuxa_6_i_a2         ORCALUT4     Z        Out     1.153     4.302 f      -         
N_89                                    Net          -        -       -         -            3         
RA00.D01.outdiv_0_sqmuxa_4_i_a2_0       ORCALUT4     A        In      0.000     4.302 f      -         
RA00.D01.outdiv_0_sqmuxa_4_i_a2_0       ORCALUT4     Z        Out     1.153     5.455 f      -         
N_90                                    Net          -        -       -         -            3         
RA00.D01.outdiv_0_sqmuxa_3_i_a6         ORCALUT4     B        In      0.000     5.455 f      -         
RA00.D01.outdiv_0_sqmuxa_3_i_a6         ORCALUT4     Z        Out     1.017     6.472 f      -         
N_77                                    Net          -        -       -         -            1         
RA00.D01.outdiv_0_sqmuxa_3_i            ORCALUT4     A        In      0.000     6.472 f      -         
RA00.D01.outdiv_0_sqmuxa_3_i            ORCALUT4     Z        Out     1.017     7.489 f      -         
N_16                                    Net          -        -       -         -            1         
RA00.D01.un1_outdiv_0_sqmuxa_1_2        ORCALUT4     A        In      0.000     7.489 f      -         
RA00.D01.un1_outdiv_0_sqmuxa_1_2        ORCALUT4     Z        Out     1.089     8.577 r      -         
un1_sdiv69_3                            Net          -        -       -         -            2         
RA00.D01.un1_sdiv69_4                   ORCALUT4     C        In      0.000     8.577 r      -         
RA00.D01.un1_sdiv69_4                   ORCALUT4     Z        Out     1.089     9.666 r      -         
un1_sdiv69_4                            Net          -        -       -         -            2         
RA00.D01.un1_sdiv69_i                   ORCALUT4     B        In      0.000     9.666 r      -         
RA00.D01.un1_sdiv69_i                   ORCALUT4     Z        Out     1.017     10.683 f     -         
un1_sdiv69_i                            Net          -        -       -         -            1         
RA00.D01.un1_sdiv_cry_0_0               CCU2D        B0       In      0.000     10.683 f     -         
RA00.D01.un1_sdiv_cry_0_0               CCU2D        COUT     Out     1.544     12.227 r     -         
un1_sdiv_cry_0                          Net          -        -       -         -            1         
RA00.D01.un1_sdiv_cry_1_0               CCU2D        CIN      In      0.000     12.227 r     -         
RA00.D01.un1_sdiv_cry_1_0               CCU2D        COUT     Out     0.143     12.370 r     -         
un1_sdiv_cry_2                          Net          -        -       -         -            1         
RA00.D01.un1_sdiv_cry_3_0               CCU2D        CIN      In      0.000     12.370 r     -         
RA00.D01.un1_sdiv_cry_3_0               CCU2D        COUT     Out     0.143     12.513 r     -         
un1_sdiv_cry_4                          Net          -        -       -         -            1         
RA00.D01.un1_sdiv_cry_5_0               CCU2D        CIN      In      0.000     12.513 r     -         
RA00.D01.un1_sdiv_cry_5_0               CCU2D        COUT     Out     0.143     12.656 r     -         
un1_sdiv_cry_6                          Net          -        -       -         -            1         
RA00.D01.un1_sdiv_cry_7_0               CCU2D        CIN      In      0.000     12.656 r     -         
RA00.D01.un1_sdiv_cry_7_0               CCU2D        COUT     Out     0.143     12.799 r     -         
un1_sdiv_cry_8                          Net          -        -       -         -            1         
RA00.D01.un1_sdiv_cry_9_0               CCU2D        CIN      In      0.000     12.799 r     -         
RA00.D01.un1_sdiv_cry_9_0               CCU2D        COUT     Out     0.143     12.941 r     -         
un1_sdiv_cry_10                         Net          -        -       -         -            1         
RA00.D01.un1_sdiv_cry_11_0              CCU2D        CIN      In      0.000     12.941 r     -         
RA00.D01.un1_sdiv_cry_11_0              CCU2D        COUT     Out     0.143     13.084 r     -         
un1_sdiv_cry_12                         Net          -        -       -         -            1         
RA00.D01.un1_sdiv_cry_13_0              CCU2D        CIN      In      0.000     13.084 r     -         
RA00.D01.un1_sdiv_cry_13_0              CCU2D        COUT     Out     0.143     13.227 r     -         
un1_sdiv_cry_14                         Net          -        -       -         -            1         
RA00.D01.un1_sdiv_cry_15_0              CCU2D        CIN      In      0.000     13.227 r     -         
RA00.D01.un1_sdiv_cry_15_0              CCU2D        COUT     Out     0.143     13.370 r     -         
un1_sdiv_cry_16                         Net          -        -       -         -            1         
RA00.D01.un1_sdiv_cry_17_0              CCU2D        CIN      In      0.000     13.370 r     -         
RA00.D01.un1_sdiv_cry_17_0              CCU2D        COUT     Out     0.143     13.513 r     -         
un1_sdiv_cry_18                         Net          -        -       -         -            1         
RA00.D01.un1_sdiv_cry_19_0              CCU2D        CIN      In      0.000     13.513 r     -         
RA00.D01.un1_sdiv_cry_19_0              CCU2D        S1       Out     1.549     15.062 r     -         
sdiv_11[20]                             Net          -        -       -         -            1         
RA00.D01.sdiv[20]                       FD1S3IX      D        In      0.000     15.062 r     -         
=======================================================================================================



##### END OF TIMING REPORT #####]

Timing exceptions that could not be applied

Finished final timing analysis (Real Time elapsed 0h:00m:03s; CPU Time elapsed 0h:00m:03s; Memory used current: 187MB peak: 188MB)


Finished timing report (Real Time elapsed 0h:00m:03s; CPU Time elapsed 0h:00m:03s; Memory used current: 187MB peak: 188MB)

---------------------------------------
Resource Usage Report
Part: lcmxo2_7000he-5

Register bits: 56 of 6864 (1%)
PIC Latch:       0
I/O cells:       43


Details:
CCU2D:          22
DPR16X4C:       8
FD1P3AX:        4
FD1P3DX:        13
FD1P3IX:        10
FD1P3JX:        1
FD1S3AX:        1
FD1S3IX:        27
GSR:            1
IB:             11
INV:            1
OB:             32
ORCALUT4:       103
OSCH:           1
PFUMX:          7
PUR:            1
VHI:            6
VLO:            7
Mapper successful!

At Mapper Exit (Real Time elapsed 0h:00m:03s; CPU Time elapsed 0h:00m:03s; Memory used current: 65MB peak: 188MB)

Process took 0h:00m:03s realtime, 0h:00m:03s cputime
# Fri May 13 11:26:38 2022

###########################################################]


Synthesis exit by 0.

edif2ngd  -l "MachXO2" -d LCMXO2-7000HE -path "C:/Users/Mau/Documents/Arqui/practicas/Segundo Parcial/02-ram00/ram0" -path "C:/Users/Mau/Documents/Arqui/practicas/Segundo Parcial/02-ram00"   "C:/Users/Mau/Documents/Arqui/practicas/Segundo Parcial/02-ram00/ram0/ram00_ram0.edi" "ram00_ram0.ngo"   
edif2ngd:  version Diamond (64-bit) 3.12.0.240.2

Copyright (c) 1991-1994 by NeoCAD Inc. All rights reserved.
Copyright (c) 1995 AT&T Corp.   All rights reserved.
Copyright (c) 1995-2001 Lucent Technologies Inc.  All rights reserved.
Copyright (c) 2001 Agere Systems   All rights reserved.
Copyright (c) 2002-2020 Lattice Semiconductor Corporation,  All rights reserved.
Writing the design to ram00_ram0.ngo...

Total CPU Time: 0 secs  
Total REAL Time: 0 secs  
Peak Memory Usage: 11 MB


ngdbuild  -a "MachXO2" -d LCMXO2-7000HE  -p "C:/lscc/diamond/3.12/ispfpga/xo2c00/data"  -p "C:/Users/Mau/Documents/Arqui/practicas/Segundo Parcial/02-ram00/ram0" -p "C:/Users/Mau/Documents/Arqui/practicas/Segundo Parcial/02-ram00"  "ram00_ram0.ngo" "ram00_ram0.ngd"  	
ngdbuild:  version Diamond (64-bit) 3.12.0.240.2

Copyright (c) 1991-1994 by NeoCAD Inc. All rights reserved.
Copyright (c) 1995 AT&T Corp.   All rights reserved.
Copyright (c) 1995-2001 Lucent Technologies Inc.  All rights reserved.
Copyright (c) 2001 Agere Systems   All rights reserved.
Copyright (c) 2002-2020 Lattice Semiconductor Corporation,  All rights reserved.
Reading 'ram00_ram0.ngo' ...
Loading NGL library 'C:/lscc/diamond/3.12/ispfpga/xo2c00a/data/xo2alib.ngl'...
Loading NGL library 'C:/lscc/diamond/3.12/ispfpga/xo2c00/data/xo2clib.ngl'...
Loading NGL library 'C:/lscc/diamond/3.12/ispfpga/mg5g00/data/mg5glib.ngl'...
Loading NGL library 'C:/lscc/diamond/3.12/ispfpga/or5g00/data/orc5glib.ngl'...


Running DRC...

    <postMsg mid="1166052" type="Warning" dynamic="2" navigation="1" arg0="logical" arg1="RA00/D00/OSCInst0_SEDSTDBY" arg2="RA00/D00/OSCInst0_SEDSTDBY"  />
    <postMsg mid="1166052" type="Warning" dynamic="2" navigation="1" arg0="logical" arg1="RA03/wordram_ram_6_DO3" arg2="RA03/wordram_ram_6_DO3"  />
    <postMsg mid="1166052" type="Warning" dynamic="2" navigation="1" arg0="logical" arg1="RA03/wordram_ram_4_DO3" arg2="RA03/wordram_ram_4_DO3"  />
    <postMsg mid="1166052" type="Warning" dynamic="2" navigation="1" arg0="logical" arg1="RA03/wordram_ram_2_DO3" arg2="RA03/wordram_ram_2_DO3"  />
    <postMsg mid="1166052" type="Warning" dynamic="2" navigation="1" arg0="logical" arg1="RA03/wordram_ram_0_DO3" arg2="RA03/wordram_ram_0_DO3"  />
    <postMsg mid="1163101" type="Warning" dynamic="1" navigation="0" arg0="5"  />

Design Results:
    255 blocks expanded
Complete the first expansion.
Writing 'ram00_ram0.ngd' ...
Total CPU Time: 0 secs 
Total REAL Time: 0 secs 
Peak Memory Usage: 18 MB


map -a "MachXO2" -p LCMXO2-7000HE -t TQFP144 -s 5 -oc Commercial   "ram00_ram0.ngd" -o "ram00_ram0_map.ncd" -pr "ram00_ram0.prf" -mp "ram00_ram0.mrp" -lpf "C:/Users/Mau/Documents/Arqui/practicas/Segundo Parcial/02-ram00/ram0/ram00_ram0_synplify.lpf" -lpf "C:/Users/Mau/Documents/Arqui/practicas/Segundo Parcial/02-ram00/ram00.lpf"  -c 0           
map:  version Diamond (64-bit) 3.12.0.240.2

Copyright (c) 1991-1994 by NeoCAD Inc. All rights reserved.
Copyright (c) 1995 AT&T Corp.   All rights reserved.
Copyright (c) 1995-2001 Lucent Technologies Inc.  All rights reserved.
Copyright (c) 2001 Agere Systems   All rights reserved.
Copyright (c) 2002-2020 Lattice Semiconductor Corporation,  All rights reserved.
   Process the file: ram00_ram0.ngd
   Picdevice="LCMXO2-7000HE"

   Pictype="TQFP144"

   Picspeed=5

   Remove unused logic

   Do not produce over sized NCDs.

Part used: LCMXO2-7000HETQFP144, Performance used: 5.

Loading device for application map from file 'xo2c7000.nph' in environment: C:/lscc/diamond/3.12/ispfpga.
Package Status:                     Final          Version 1.39.

Running general design DRC...

Removing unused logic...

Optimizing...

1 CCU2 constant inputs absorbed.

    <postMsg mid="51001030" type="Warning" dynamic="1" navigation="0" arg0="re0_c"  />



Design Summary:
   Number of registers:     56 out of  7209 (1%)
      PFU registers:           56 out of  6864 (1%)
      PIO registers:            0 out of   345 (0%)
   Number of SLICEs:        99 out of  3432 (3%)
      SLICEs as Logic/ROM:     75 out of  3432 (2%)
      SLICEs as RAM:           24 out of  2574 (1%)
      SLICEs as Carry:         22 out of  3432 (1%)
   Number of LUT4s:        197 out of  6864 (3%)
      Number used as logic LUTs:        105
      Number used as distributed RAM:    48
      Number used as ripple logic:       44
      Number used as shift registers:     0
   Number of PIO sites used: 43 + 4(JTAG) out of 115 (41%)
   Number of block RAMs:  0 out of 26 (0%)
   Number of GSRs:        1 out of 1 (100%)
   EFB used :        No
   JTAG used :       No
   Readback used :   No
   Oscillator used : Yes
   Startup used :    No
   POR :             On
   Bandgap :         On
   Number of Power Controller:  0 out of 1 (0%)
   Number of Dynamic Bank Controller (BCINRD):  0 out of 6 (0%)
   Number of Dynamic Bank Controller (BCLVDSO):  0 out of 1 (0%)
   Number of DCCA:  0 out of 8 (0%)
   Number of DCMA:  0 out of 2 (0%)
   Number of PLLs:  0 out of 2 (0%)
   Number of DQSDLLs:  0 out of 2 (0%)
   Number of CLKDIVC:  0 out of 4 (0%)
   Number of ECLKSYNCA:  0 out of 4 (0%)
   Number of ECLKBRIDGECS:  0 out of 2 (0%)
   Notes:-
      1. Total number of LUT4s = (Number of logic LUT4s) + 2*(Number of distributed RAMs) + 2*(Number of ripple logic)
      2. Number of logic LUT4s does not include count of distributed RAM and ripple logic.
   Number of clocks:  2
     Net clk0_c: 41 loads, 41 rising, 0 falling (Driver: RA00/D01/outdiv )
     Net RA00/sclk: 12 loads, 12 rising, 0 falling (Driver: RA00/D00/OSCInst0 )
   Number of Clock Enables:  7
     Net RA03.pram.outwordra9_i: 7 loads, 7 LSLICEs
     Net RA01.pring.un1_rwr_1: 2 loads, 2 LSLICEs
     Net RA02/outcontwritece: 8 loads, 8 LSLICEs
     Net RA02/un1_rwc_i: 1 loads, 1 LSLICEs
     Net RA02/un1_aux027: 1 loads, 1 LSLICEs
     Net RA02/un1_aux026_0_a2: 1 loads, 1 LSLICEs
     Net RA02/un1_aux025_0_a2: 1 loads, 1 LSLICEs
   Number of local set/reset loads for net re0_c merged into GSR:  13
   Number of LSRs:  3
     Net re0_c: 9 loads, 9 LSLICEs
     Net RA04/N_8_1_i: 4 loads, 4 LSLICEs
     Net RA00/D01/outdiv_0_sqmuxa_i_RNIJBU41: 11 loads, 11 LSLICEs
   Number of nets driven by tri-state buffers:  0
   Top 10 highest fanout non-clock nets:
     Net contR0_c[0]: 31 loads
     Net contR0_c[1]: 31 loads
     Net contR0_c[2]: 31 loads
     Net contR0_c[3]: 31 loads
     Net re0_c: 28 loads
     Net rw0_c: 22 loads
     Net contR0_c[5]: 17 loads
     Net contW0_c[1]: 11 loads
     Net contW0_c[2]: 11 loads
     Net contW0_c[3]: 11 loads
 

   Number of warnings:  1
   Number of errors:    0



Total CPU Time: 0 secs  
Total REAL Time: 0 secs  
Peak Memory Usage: 60 MB

Dumping design to file ram00_ram0_map.ncd.

mpartrce -p "ram00_ram0.p2t" -f "ram00_ram0.p3t" -tf "ram00_ram0.pt" "ram00_ram0_map.ncd" "ram00_ram0.ncd"

---- MParTrce Tool ----
Removing old design directory at request of -rem command line option to this program.
Running par. Please wait . . .

Lattice Place and Route Report for Design "ram00_ram0_map.ncd"
Fri May 13 11:26:42 2022

PAR: Place And Route Diamond (64-bit) 3.12.0.240.2.
Command Line: par -w -l 5 -i 6 -t 1 -c 0 -e 0 -gui -msgset "C:/Users/Mau/Documents/Arqui/practicas/Segundo Parcial/02-ram00/promote.xml" -exp parUseNBR=1:parCDP=0:parCDR=0:parPathBased=OFF:parASE=1 ram00_ram0_map.ncd ram00_ram0.dir/5_1.ncd ram00_ram0.prf
Preference file: ram00_ram0.prf.
Placement level-cost: 5-1.
Routing Iterations: 6

Loading design for application par from file ram00_ram0_map.ncd.
Design name: ram00
NCD version: 3.3
Vendor:      LATTICE
Device:      LCMXO2-7000HE
Package:     TQFP144
Performance: 5
Loading device for application par from file 'xo2c7000.nph' in environment: C:/lscc/diamond/3.12/ispfpga.
Package Status:                     Final          Version 1.39.
Performance Hardware Data Status:   Final          Version 34.4.
License checked out.


Ignore Preference Error(s):  True
Device utilization summary:

   PIO (prelim)   43+4(JTAG)/336     14% used
                  43+4(JTAG)/115     41% bonded

   SLICE             99/3432          2% used

   GSR                1/1           100% used
   OSC                1/1           100% used


Number of Signals: 306
Number of Connections: 903

Pin Constraint Summary:
   43 out of 43 pins locked (100% locked).

The following 2 signals are selected to use the primary clock routing resources:
    clk0_c (driver: SLICE_52, clk load #: 41)
    RA00/sclk (driver: RA00/D00/OSCInst0, clk load #: 12)


The following 1 signal is selected to use the secondary clock routing resources:
    RA00/D01/outdiv_0_sqmuxa_i_RNIJBU41 (driver: RA00/D01/SLICE_74, clk load #: 0, sr load #: 11, ce load #: 0)

Signal re0_c is selected as Global Set/Reset.
Starting Placer Phase 0.
.........
Finished Placer Phase 0.  REAL time: 0 secs 

Starting Placer Phase 1.
...................
Placer score = 69458.
Finished Placer Phase 1.  REAL time: 7 secs 

Starting Placer Phase 2.
.
Placer score =  69336
Finished Placer Phase 2.  REAL time: 7 secs 


------------------ Clock Report ------------------

Global Clock Resources:
  CLK_PIN    : 0 out of 8 (0%)
  PLL        : 0 out of 2 (0%)
  DCM        : 0 out of 2 (0%)
  DCC        : 0 out of 8 (0%)

Global Clocks:
  PRIMARY "clk0_c" from Q0 on comp "SLICE_52" on site "R2C19C", clk load = 41
  PRIMARY "RA00/sclk" from OSC on comp "RA00/D00/OSCInst0" on site "OSC", clk load = 12
  SECONDARY "RA00/D01/outdiv_0_sqmuxa_i_RNIJBU41" from F0 on comp "RA00/D01/SLICE_74" on site "R14C18D", clk load = 0, ce load = 0, sr load = 11

  PRIMARY  : 2 out of 8 (25%)
  SECONDARY: 1 out of 8 (12%)

Edge Clocks:
  No edge clock selected.

--------------- End of Clock Report ---------------


I/O Usage Summary (final):
   43 + 4(JTAG) out of 336 (14.0%) PIO sites used.
   43 + 4(JTAG) out of 115 (40.9%) bonded PIO sites used.
   Number of PIO comps: 43; differential: 0.
   Number of Vref pins used: 0.

I/O Bank Usage Summary:
+----------+----------------+------------+-----------+
| I/O Bank | Usage          | Bank Vccio | Bank Vref |
+----------+----------------+------------+-----------+
| 0        | 0 / 28 (  0%)  | -          | -         |
| 1        | 23 / 29 ( 79%) | 2.5V       | -         |
| 2        | 13 / 29 ( 44%) | 2.5V       | -         |
| 3        | 0 / 9 (  0%)   | -          | -         |
| 4        | 2 / 10 ( 20%)  | 2.5V       | -         |
| 5        | 5 / 10 ( 50%)  | 2.5V       | -         |
+----------+----------------+------------+-----------+

Total placer CPU time: 7 secs 

Dumping design to file ram00_ram0.dir/5_1.ncd.

0 connections routed; 903 unrouted.
Starting router resource preassignment

Completed router resource preassignment. Real time: 9 secs 

Start NBR router at 11:26:52 05/13/22

*****************************************************************
Info: NBR allows conflicts(one node used by more than one signal)
      in the earlier iterations. In each iteration, it tries to  
      solve the conflicts while keeping the critical connections 
      routed as short as possible. The routing process is said to
      be completed when no conflicts exist and all connections   
      are routed.                                                
Note: NBR uses a different method to calculate timing slacks. The
      worst slack and total negative slack may not be the same as
      that in TRCE report. You should always run TRCE to verify  
      your design.                                               
*****************************************************************

Start NBR special constraint process at 11:26:52 05/13/22

Start NBR section for initial routing at 11:26:52 05/13/22
Level 4, iteration 1
14(0.00%) conflicts; 0(0.00%) untouched conn; 0 (nbr) score; 
Estimated worst slack/total negative slack<setup>: 464.702ns/0.000ns; real time: 10 secs 

Info: Initial congestion level at 75% usage is 0
Info: Initial congestion area  at 75% usage is 0 (0.00%)

Start NBR section for normal routing at 11:26:52 05/13/22
Level 4, iteration 1
5(0.00%) conflicts; 0(0.00%) untouched conn; 0 (nbr) score; 
Estimated worst slack/total negative slack<setup>: 464.702ns/0.000ns; real time: 10 secs 
Level 4, iteration 2
3(0.00%) conflicts; 0(0.00%) untouched conn; 0 (nbr) score; 
Estimated worst slack/total negative slack<setup>: 464.702ns/0.000ns; real time: 10 secs 
Level 4, iteration 3
1(0.00%) conflict; 0(0.00%) untouched conn; 0 (nbr) score; 
Estimated worst slack/total negative slack<setup>: 464.702ns/0.000ns; real time: 10 secs 
Level 4, iteration 4
0(0.00%) conflict; 0(0.00%) untouched conn; 0 (nbr) score; 
Estimated worst slack/total negative slack<setup>: 464.702ns/0.000ns; real time: 10 secs 

Start NBR section for setup/hold timing optimization with effort level 3 at 11:26:52 05/13/22

Start NBR section for re-routing at 11:26:52 05/13/22
Level 4, iteration 1
0(0.00%) conflict; 0(0.00%) untouched conn; 0 (nbr) score; 
Estimated worst slack/total negative slack<setup>: 464.702ns/0.000ns; real time: 10 secs 

Start NBR section for post-routing at 11:26:52 05/13/22

End NBR router with 0 unrouted connection

NBR Summary
-----------
  Number of unrouted connections : 0 (0.00%)
  Number of connections with timing violations : 0 (0.00%)
  Estimated worst slack<setup> : 464.702ns
  Timing score<setup> : 0
-----------
Notes: The timing info is calculated for SETUP only and all PAR_ADJs are ignored.



Total CPU time 11 secs 
Total REAL time: 11 secs 
Completely routed.
End of route.  903 routed (100.00%); 0 unrouted.

Hold time timing score: 0, hold timing errors: 0

Timing score: 0 

Dumping design to file ram00_ram0.dir/5_1.ncd.


PAR_SUMMARY::Run status = Completed
PAR_SUMMARY::Number of unrouted conns = 0
PAR_SUMMARY::Worst  slack<setup/<ns>> = 464.702
PAR_SUMMARY::Timing score<setup/<ns>> = 0.000
PAR_SUMMARY::Worst  slack<hold /<ns>> = 0.379
PAR_SUMMARY::Timing score<hold /<ns>> = 0.000
PAR_SUMMARY::Number of errors = 0

Total CPU  time to completion: 11 secs 
Total REAL time to completion: 11 secs 

par done!

Note: user must run 'Trace' for timing closure signoff.

Copyright (c) 1991-1994 by NeoCAD Inc. All rights reserved.
Copyright (c) 1995 AT&T Corp.   All rights reserved.
Copyright (c) 1995-2001 Lucent Technologies Inc.  All rights reserved.
Copyright (c) 2001 Agere Systems   All rights reserved.
Copyright (c) 2002-2020 Lattice Semiconductor Corporation,  All rights reserved.
Exiting par with exit code 0
Exiting mpartrce with exit code 0

trce -f "ram00_ram0.pt" -o "ram00_ram0.twr" "ram00_ram0.ncd" "ram00_ram0.prf"
trce:  version Diamond (64-bit) 3.12.0.240.2

Copyright (c) 1991-1994 by NeoCAD Inc. All rights reserved.
Copyright (c) 1995 AT&T Corp.   All rights reserved.
Copyright (c) 1995-2001 Lucent Technologies Inc.  All rights reserved.
Copyright (c) 2001 Agere Systems   All rights reserved.
Copyright (c) 2002-2020 Lattice Semiconductor Corporation,  All rights reserved.

Loading design for application trce from file ram00_ram0.ncd.
Design name: ram00
NCD version: 3.3
Vendor:      LATTICE
Device:      LCMXO2-7000HE
Package:     TQFP144
Performance: 5
Loading device for application trce from file 'xo2c7000.nph' in environment: C:/lscc/diamond/3.12/ispfpga.
Package Status:                     Final          Version 1.39.
Performance Hardware Data Status:   Final          Version 34.4.
Setup and Hold Report

--------------------------------------------------------------------------------
Lattice TRACE Report - Setup, Version Diamond (64-bit) 3.12.0.240.2
Fri May 13 11:26:54 2022

Copyright (c) 1991-1994 by NeoCAD Inc. All rights reserved.
Copyright (c) 1995 AT&T Corp.   All rights reserved.
Copyright (c) 1995-2001 Lucent Technologies Inc.  All rights reserved.
Copyright (c) 2001 Agere Systems   All rights reserved.
Copyright (c) 2002-2020 Lattice Semiconductor Corporation,  All rights reserved.

Report Information
------------------
Command line:    trce -v 10 -gt -sethld -sp 5 -sphld m -o ram00_ram0.twr -gui -msgset C:/Users/Mau/Documents/Arqui/practicas/Segundo Parcial/02-ram00/promote.xml ram00_ram0.ncd ram00_ram0.prf 
Design file:     ram00_ram0.ncd
Preference file: ram00_ram0.prf
Device,speed:    LCMXO2-7000HE,5
Report level:    verbose report, limited to 10 items per preference
--------------------------------------------------------------------------------

BLOCK ASYNCPATHS
BLOCK RESETPATHS
--------------------------------------------------------------------------------



Timing summary (Setup):
---------------

Timing errors: 0  Score: 0
Cumulative negative slack: 0

Constraints cover 6160 paths, 1 nets, and 673 connections (74.53% coverage)

--------------------------------------------------------------------------------
Lattice TRACE Report - Hold, Version Diamond (64-bit) 3.12.0.240.2
Fri May 13 11:26:54 2022

Copyright (c) 1991-1994 by NeoCAD Inc. All rights reserved.
Copyright (c) 1995 AT&T Corp.   All rights reserved.
Copyright (c) 1995-2001 Lucent Technologies Inc.  All rights reserved.
Copyright (c) 2001 Agere Systems   All rights reserved.
Copyright (c) 2002-2020 Lattice Semiconductor Corporation,  All rights reserved.

Report Information
------------------
Command line:    trce -v 10 -gt -sethld -sp 5 -sphld m -o ram00_ram0.twr -gui -msgset C:/Users/Mau/Documents/Arqui/practicas/Segundo Parcial/02-ram00/promote.xml ram00_ram0.ncd ram00_ram0.prf 
Design file:     ram00_ram0.ncd
Preference file: ram00_ram0.prf
Device,speed:    LCMXO2-7000HE,m
Report level:    verbose report, limited to 10 items per preference
--------------------------------------------------------------------------------

BLOCK ASYNCPATHS
BLOCK RESETPATHS
--------------------------------------------------------------------------------



Timing summary (Hold):
---------------

Timing errors: 0  Score: 0
Cumulative negative slack: 0

Constraints cover 6160 paths, 1 nets, and 673 connections (74.53% coverage)



Timing summary (Setup and Hold):
---------------

Timing errors: 0 (setup), 0 (hold)
Score: 0 (setup), 0 (hold)
Cumulative negative slack: 0 (0+0)
--------------------------------------------------------------------------------

--------------------------------------------------------------------------------

Total CPU Time: 0 secs 
Total REAL Time: 0 secs 
Peak Memory Usage: 67 MB


tmcheck -par "ram00_ram0.par" 

bitgen -f "ram00_ram0.t2b" -w "ram00_ram0.ncd"  -jedec "ram00_ram0.prf"


BITGEN: Bitstream Generator Diamond (64-bit) 3.12.0.240.2
Copyright (c) 1991-1994 by NeoCAD Inc. All rights reserved.
Copyright (c) 1995 AT&T Corp.   All rights reserved.
Copyright (c) 1995-2001 Lucent Technologies Inc.  All rights reserved.
Copyright (c) 2001 Agere Systems   All rights reserved.
Copyright (c) 2002-2020 Lattice Semiconductor Corporation,  All rights reserved.


Loading design for application Bitgen from file ram00_ram0.ncd.
Design name: ram00
NCD version: 3.3
Vendor:      LATTICE
Device:      LCMXO2-7000HE
Package:     TQFP144
Performance: 5
Loading device for application Bitgen from file 'xo2c7000.nph' in environment: C:/lscc/diamond/3.12/ispfpga.
Package Status:                     Final          Version 1.39.
Performance Hardware Data Status:   Final          Version 34.4.

Running DRC.
DRC detected 0 errors and 0 warnings.
Reading Preference File from ram00_ram0.prf.

Preference Summary:
+---------------------------------+---------------------------------+
|  Preference                     |  Current Setting                |
+---------------------------------+---------------------------------+
|                         RamCfg  |                        Reset**  |
+---------------------------------+---------------------------------+
|                     MCCLK_FREQ  |                         2.08**  |
+---------------------------------+---------------------------------+
|                  CONFIG_SECURE  |                          OFF**  |
+---------------------------------+---------------------------------+
|                          INBUF  |                           ON**  |
+---------------------------------+---------------------------------+
|                      JTAG_PORT  |                       ENABLE**  |
+---------------------------------+---------------------------------+
|                       SDM_PORT  |                      DISABLE**  |
+---------------------------------+---------------------------------+
|                 SLAVE_SPI_PORT  |                      DISABLE**  |
+---------------------------------+---------------------------------+
|                MASTER_SPI_PORT  |                      DISABLE**  |
+---------------------------------+---------------------------------+
|                       I2C_PORT  |                      DISABLE**  |
+---------------------------------+---------------------------------+
|        MUX_CONFIGURATION_PORTS  |                      DISABLE**  |
+---------------------------------+---------------------------------+
|                  CONFIGURATION  |                          CFG**  |
+---------------------------------+---------------------------------+
|                COMPRESS_CONFIG  |                           ON**  |
+---------------------------------+---------------------------------+
|                        MY_ASSP  |                          OFF**  |
+---------------------------------+---------------------------------+
|               ONE_TIME_PROGRAM  |                          OFF**  |
+---------------------------------+---------------------------------+
|                 ENABLE_TRANSFR  |                      DISABLE**  |
+---------------------------------+---------------------------------+
|                  SHAREDEBRINIT  |                      DISABLE**  |
+---------------------------------+---------------------------------+
|            BACKGROUND_RECONFIG  |                          OFF**  |
+---------------------------------+---------------------------------+
 *  Default setting.
 ** The specified setting matches the default setting.


Creating bit map...
 
Bitstream Status: Final           Version 1.95.
 
Saving bit stream in "ram00_ram0.jed".
 
===========
UFM Summary.
===========
UFM Size:        2046 Pages (128*2046 Bits).
UFM Utilization: General Purpose Flash Memory.
 
Available General Purpose Flash Memory: 2046 Pages (Page 0 to Page 2045).
Initialized UFM Pages:                     0 Page.
 
Total CPU Time: 3 secs 
Total REAL Time: 4 secs 
Peak Memory Usage: 289 MB
