
Copyright (C) 1994-2020 Synopsys, Inc.
This Synopsys software and all associated documentation are proprietary to Synopsys, Inc.
and may only be used pursuant to the terms and conditions of a written license agreement
with Synopsys, Inc. All other use, reproduction, modification, or distribution of the
Synopsys software or the associated documentation is strictly prohibited.
Tool: Synplify Pro (R)
Build: Q-2020.03L-SP1
Install: C:\lscc\diamond\3.12\synpbase
OS: Windows 6.2

Hostname: UNKNOWN

Implementation : key0
Synopsys HDL compiler and linker, Version comp202003synp2, Build 182R, Built Oct 29 2020 10:49:53, @

Modified Files: 0
FID:  path (prevtimestamp, timestamp)

*******************************************************************
Modules that may have changed as a result of file changes: 0
MID:  lib.cell.view

*******************************************************************
Unmodified files: 19
FID:  path (timestamp)
27       C:\Users\Mau\Documents\Arqui\practicas\Segundo Parcial\key00\coder00.vhdl (2022-04-15 00:24:28)
28       C:\Users\Mau\Documents\Arqui\practicas\Segundo Parcial\key00\contring00.vhdl (2022-04-15 04:40:32)
29       C:\Users\Mau\Documents\Arqui\practicas\Segundo Parcial\key00\packagekey00.vhdl (2022-04-15 04:40:32)
30       C:\Users\Mau\Documents\Arqui\practicas\Segundo Parcial\key00\topkey00.vhdl (2022-04-15 00:27:10)
31       C:\Users\Mau\Documents\Arqui\practicas\Segundo Parcial\topdiv00VHDL\div00.vhdl (2022-04-15 04:42:32)
32       C:\Users\Mau\Documents\Arqui\practicas\Segundo Parcial\topdiv00VHDL\osc00.vhdl (2022-04-15 04:42:32)
33       C:\Users\Mau\Documents\Arqui\practicas\Segundo Parcial\topdiv00VHDL\packagediv00.vhdl (2022-04-15 04:42:32)
34       C:\Users\Mau\Documents\Arqui\practicas\Segundo Parcial\topdiv00VHDL\topdiv00.vhdl (2022-04-15 04:42:32)
35       C:\lscc\diamond\3.12\cae_library\synthesis\vhdl\machxo2.vhd (2018-11-15 00:32:12)
36       C:\lscc\diamond\3.12\synpbase\lib\cpld\lattice.vhd (2020-10-29 10:20:44)
37       C:\lscc\diamond\3.12\synpbase\lib\vhd\arith.vhd (2020-10-29 10:23:10)
38       C:\lscc\diamond\3.12\synpbase\lib\vhd\hyperents.vhd (2020-10-29 10:23:10)
39       C:\lscc\diamond\3.12\synpbase\lib\vhd\location.map (2020-11-02 17:26:20)
40       C:\lscc\diamond\3.12\synpbase\lib\vhd\numeric.vhd (2020-10-29 10:23:10)
41       C:\lscc\diamond\3.12\synpbase\lib\vhd\snps_haps_pkg.vhd (2020-10-29 10:23:10)
42       C:\lscc\diamond\3.12\synpbase\lib\vhd\std.vhd (2020-10-29 10:23:10)
43       C:\lscc\diamond\3.12\synpbase\lib\vhd\std1164.vhd (2020-10-29 10:23:10)
44       C:\lscc\diamond\3.12\synpbase\lib\vhd\umr_capim.vhd (2020-10-29 10:23:10)
45       C:\lscc\diamond\3.12\synpbase\lib\vhd\unsigned.vhd (2020-10-29 10:23:10)

*******************************************************************
Unchanged modules: 12
MID:  lib.cell.view
0        work.coder00.coder0
1        work.coder00.vhdl
2        work.contring00.contring0
3        work.contring00.vhdl
4        work.div00.div0
5        work.div00.vhdl
6        work.osc00.osc0
7        work.osc00.vhdl
8        work.topdiv00.topdiv0
9        work.topdiv00.vhdl
10       work.topkey00.topkey0
11       work.topkey00.vhdl
