Running in Lattice mode

Starting:    C:\lscc\diamond\3.12\synpbase\bin64\mbin\synbatch.exe
Install:     C:\lscc\diamond\3.12\synpbase
Hostname:    DESKTOP-EM0A4AG
Date:        Fri Mar 25 19:14:54 2022
Version:     Q-2020.03L-SP1

Arguments:   -product synplify_pro -batch adder16bit00_adder16bit0_synplify.tcl
ProductType: synplify_pro




log file: "C:\Users\Mau\Documents\Arqui\practicas\06-adder16libbit00\adder16bit0\adder16bit00_adder16bit0.srr"
Running: hdl_info_gen in foreground

Generating HDL info...
Copied C:\Users\Mau\Documents\Arqui\practicas\06-adder16libbit00\adder16bit0\adder16bit00_adder16bit0.srr to C:\Users\Mau\Documents\Arqui\practicas\06-adder16libbit00\adder16bit0\adder16bit00_adder16bit0.srf

hdl_info_gen completed
# Fri Mar 25 19:14:54 2022

Return Code: 0
Run Time:00h:00m:00s
log file: "C:\Users\Mau\Documents\Arqui\practicas\06-adder16libbit00\adder16bit0\adder16bit00_adder16bit0.srr"
Running: adder16bit0 in foreground

Running proj_1|adder16bit0

Running Flow: compile (Compile) on proj_1|adder16bit0
# Fri Mar 25 19:14:55 2022

Running Flow: compile_flow (Compile Process) on proj_1|adder16bit0
# Fri Mar 25 19:14:55 2022

Running: compiler (Compile Input) on proj_1|adder16bit0
# Fri Mar 25 19:14:55 2022
Copied C:\Users\Mau\Documents\Arqui\practicas\06-adder16libbit00\adder16bit0\synwork\adder16bit00_adder16bit0_comp.srs to C:\Users\Mau\Documents\Arqui\practicas\06-adder16libbit00\adder16bit0\adder16bit00_adder16bit0.srs

compiler completed
# Fri Mar 25 19:14:56 2022

Return Code: 0
Run Time:00h:00m:01s

Running: multi_srs_gen (Multi-srs Generator) on proj_1|adder16bit0
# Fri Mar 25 19:14:56 2022

multi_srs_gen completed
# Fri Mar 25 19:14:57 2022

Return Code: 0
Run Time:00h:00m:01s
Copied C:\Users\Mau\Documents\Arqui\practicas\06-adder16libbit00\adder16bit0\synwork\adder16bit00_adder16bit0_mult.srs to C:\Users\Mau\Documents\Arqui\practicas\06-adder16libbit00\adder16bit0\adder16bit00_adder16bit0.srs
Copied C:\Users\Mau\Documents\Arqui\practicas\06-adder16libbit00\adder16bit0\adder16bit00_adder16bit0.srr to C:\Users\Mau\Documents\Arqui\practicas\06-adder16libbit00\adder16bit0\adder16bit00_adder16bit0.srf
Complete: Compile Process on proj_1|adder16bit0

Running: premap (Premap) on proj_1|adder16bit0
# Fri Mar 25 19:14:57 2022

premap completed
# Fri Mar 25 19:14:59 2022

Return Code: 0
Run Time:00h:00m:02s
Complete: Compile on proj_1|adder16bit0

Running Flow: map (Map) on proj_1|adder16bit0
# Fri Mar 25 19:14:59 2022

Running: fpga_mapper (Map & Optimize) on proj_1|adder16bit0
# Fri Mar 25 19:14:59 2022
Copied C:\Users\Mau\Documents\Arqui\practicas\06-adder16libbit00\adder16bit0\synwork\adder16bit00_adder16bit0_m.srm to C:\Users\Mau\Documents\Arqui\practicas\06-adder16libbit00\adder16bit0\adder16bit00_adder16bit0.srm

fpga_mapper completed
# Fri Mar 25 19:15:03 2022

Return Code: 0
Run Time:00h:00m:04s
Complete: Map on proj_1|adder16bit0
Copied C:\Users\Mau\Documents\Arqui\practicas\06-adder16libbit00\adder16bit0\adder16bit00_adder16bit0.srr to C:\Users\Mau\Documents\Arqui\practicas\06-adder16libbit00\adder16bit0\adder16bit00_adder16bit0.srf
Complete: Logic Synthesis on proj_1|adder16bit0
TCL script complete: "adder16bit00_adder16bit0_synplify.tcl"
exit status=0
exit status=0
Save changes for project:
C:\Users\Mau\Documents\Arqui\practicas\06-adder16libbit00\adder16bit0\proj_1.prj
batch mode default:no
