
Copyright (C) 1994-2021 Synopsys, Inc.
This Synopsys software and all associated documentation are proprietary to Synopsys, Inc.
and may only be used pursuant to the terms and conditions of a written license agreement
with Synopsys, Inc. All other use, reproduction, modification, or distribution of the
Synopsys software or the associated documentation is strictly prohibited.
Tool: Synplify Pro (R)
Build: R-2021.03L-SP1
Install: C:\lscc\diamond\3.12\synpbase
OS: Windows 6.2

Hostname: DESKTOP-EM0A4AG

Implementation : osc0
Synopsys HDL compiler and linker, Version comp202103synp2, Build 093R, Built Aug 10 2021 09:15:36, @

Modified Files: 1
FID:  path (prevtimestamp, timestamp)
0        C:\Users\Mau\Documents\Arqui\practicas\09-osc00\div00.vhdl (2022-03-04 13:22:49, 2022-03-09 11:03:46)

*******************************************************************
Modules that may have changed as a result of file changes: 1
MID:  lib.cell.view
0        work.div00.div0 may have changed because the following files changed:
                        C:\Users\Mau\Documents\Arqui\practicas\09-osc00\div00.vhdl (2022-03-04 13:22:49, 2022-03-09 11:03:46) <-- (architecture and entity definition)

*******************************************************************
Unmodified files: 13
FID:  path (timestamp)
1        C:\Users\Mau\Documents\Arqui\practicas\09-osc00\osc00.vhdl (2022-03-04 13:09:45)
2        C:\Users\Mau\Documents\Arqui\practicas\09-osc00\oscint00.vhdl (2022-03-04 11:05:10)
3        C:\Users\Mau\Documents\Arqui\practicas\09-osc00\packageosc00.vhdl (2022-03-04 11:36:05)
4        C:\lscc\diamond\3.12\cae_library\synthesis\vhdl\machxo2.vhd (2018-11-15 00:32:12)
5        C:\lscc\diamond\3.12\synpbase\lib\vhd\arith.vhd (2021-08-10 10:07:02)
6        C:\lscc\diamond\3.12\synpbase\lib\vhd\hyperents.vhd (2021-08-10 10:07:02)
7        C:\lscc\diamond\3.12\synpbase\lib\vhd\location.map (2021-08-10 10:07:02)
8        C:\lscc\diamond\3.12\synpbase\lib\vhd\numeric.vhd (2021-08-10 10:07:02)
9        C:\lscc\diamond\3.12\synpbase\lib\vhd\snps_haps_pkg.vhd (2021-08-10 10:07:02)
10       C:\lscc\diamond\3.12\synpbase\lib\vhd\std.vhd (2021-08-10 10:07:02)
11       C:\lscc\diamond\3.12\synpbase\lib\vhd\std1164.vhd (2021-08-10 10:07:02)
12       C:\lscc\diamond\3.12\synpbase\lib\vhd\umr_capim.vhd (2021-08-10 10:07:02)
13       C:\lscc\diamond\3.12\synpbase\lib\vhd\unsigned.vhd (2021-08-10 10:07:02)

*******************************************************************
Unchanged modules: 4
MID:  lib.cell.view
2        work.osc00.osc0
3        work.osc00.vhdl
4        work.oscint00.oscint0
5        work.oscint00.vhdl
