Running in Lattice mode

Starting:    C:\lscc\diamond\3.12\synpbase\bin64\mbin\synbatch.exe
Install:     C:\lscc\diamond\3.12\synpbase
Hostname:    LAPTOP-6SLHROD0
Date:        Thu Mar 17 23:34:05 2022
Version:     Q-2020.03L-SP1

Arguments:   -product synplify_pro -batch shiftRL00_shiftRL0_synplify.tcl
ProductType: synplify_pro




log file: "C:\Users\ftr_e\Documents\3CM13-ADC\06-DimondProjects\shiftRL00M\shiftRL0\shiftRL00_shiftRL0.srr"
Running: hdl_info_gen in foreground

Generating HDL info...

hdl_info_gen completed
# Thu Mar 17 23:34:08 2022

Return Code: 0
Run Time:00h:00m:02s
log file: "C:\Users\ftr_e\Documents\3CM13-ADC\06-DimondProjects\shiftRL00M\shiftRL0\shiftRL00_shiftRL0.srr"
Running: shiftRL0 in foreground

Running proj_1|shiftRL0

Running Flow: compile (Compile) on proj_1|shiftRL0
# Thu Mar 17 23:34:09 2022

Running Flow: compile_flow (Compile Process) on proj_1|shiftRL0
# Thu Mar 17 23:34:09 2022

Running: compiler (Compile Input) on proj_1|shiftRL0
# Thu Mar 17 23:34:09 2022
Copied C:\Users\ftr_e\Documents\3CM13-ADC\06-DimondProjects\shiftRL00M\shiftRL0\synwork\shiftRL00_shiftRL0_comp.srs to C:\Users\ftr_e\Documents\3CM13-ADC\06-DimondProjects\shiftRL00M\shiftRL0\shiftRL00_shiftRL0.srs

compiler completed
# Thu Mar 17 23:34:14 2022

Return Code: 0
Run Time:00h:00m:05s

Running: multi_srs_gen (Multi-srs Generator) on proj_1|shiftRL0
# Thu Mar 17 23:34:14 2022

multi_srs_gen completed
# Thu Mar 17 23:34:14 2022

Return Code: 0
Run Time:00h:00m:00s
Copied C:\Users\ftr_e\Documents\3CM13-ADC\06-DimondProjects\shiftRL00M\shiftRL0\synwork\shiftRL00_shiftRL0_mult.srs to C:\Users\ftr_e\Documents\3CM13-ADC\06-DimondProjects\shiftRL00M\shiftRL0\shiftRL00_shiftRL0.srs
Copied C:\Users\ftr_e\Documents\3CM13-ADC\06-DimondProjects\shiftRL00M\shiftRL0\shiftRL00_shiftRL0.srr to C:\Users\ftr_e\Documents\3CM13-ADC\06-DimondProjects\shiftRL00M\shiftRL0\shiftRL00_shiftRL0.srf
Complete: Compile Process on proj_1|shiftRL0

Running: premap (Premap) on proj_1|shiftRL0
# Thu Mar 17 23:34:14 2022

premap completed with warnings
# Thu Mar 17 23:34:19 2022

Return Code: 1
Run Time:00h:00m:05s
Complete: Compile on proj_1|shiftRL0

Running Flow: map (Map) on proj_1|shiftRL0
# Thu Mar 17 23:34:19 2022

Running: fpga_mapper (Map & Optimize) on proj_1|shiftRL0
# Thu Mar 17 23:34:19 2022
Copied C:\Users\ftr_e\Documents\3CM13-ADC\06-DimondProjects\shiftRL00M\shiftRL0\synwork\shiftRL00_shiftRL0_m.srm to C:\Users\ftr_e\Documents\3CM13-ADC\06-DimondProjects\shiftRL00M\shiftRL0\shiftRL00_shiftRL0.srm

fpga_mapper completed with warnings
# Thu Mar 17 23:34:30 2022

Return Code: 1
Run Time:00h:00m:11s
Complete: Map on proj_1|shiftRL0
Copied C:\Users\ftr_e\Documents\3CM13-ADC\06-DimondProjects\shiftRL00M\shiftRL0\shiftRL00_shiftRL0.srr to C:\Users\ftr_e\Documents\3CM13-ADC\06-DimondProjects\shiftRL00M\shiftRL0\shiftRL00_shiftRL0.srf
Complete: Logic Synthesis on proj_1|shiftRL0
TCL script complete: "shiftRL00_shiftRL0_synplify.tcl"
exit status=0
exit status=0
Save changes for project:
C:\Users\ftr_e\Documents\3CM13-ADC\06-DimondProjects\shiftRL00M\shiftRL0\proj_1.prj
batch mode default:no
