
synpwrap -msg -prj "key00_key0_synplify.tcl" -log "key00_key0.srf"
Copyright (C) 1992-2020 Lattice Semiconductor Corporation. All rights reserved.
Lattice Diamond Version 3.12.0.240.2
    <postMsg mid="2011000" type="Info"    dynamic="0" navigation="0"  />

==contents of key00_key0.srf
#Build: Synplify Pro (R) Q-2020.03L-SP1, Build 182R, Oct 29 2020
#install: C:\lscc\diamond\3.12\synpbase
#OS: Windows 8 6.2
#Hostname: UNKNOWN

# Thu Apr 14 23:33:09 2022

#Implementation: key0


Copyright (C) 1994-2020 Synopsys, Inc.
This Synopsys software and all associated documentation are proprietary to Synopsys, Inc.
and may only be used pursuant to the terms and conditions of a written license agreement
with Synopsys, Inc. All other use, reproduction, modification, or distribution of the
Synopsys software or the associated documentation is strictly prohibited.
Tool: Synplify Pro (R)
Build: Q-2020.03L-SP1
Install: C:\lscc\diamond\3.12\synpbase
OS: Windows 6.2

Hostname: UNKNOWN

Implementation : key0
Synopsys HDL Compiler, Version comp202003synp2, Build 182R, Built Oct 29 2020 10:49:53, @

@N|Running in 64-bit mode
###########################################################[

Copyright (C) 1994-2020 Synopsys, Inc.
This Synopsys software and all associated documentation are proprietary to Synopsys, Inc.
and may only be used pursuant to the terms and conditions of a written license agreement
with Synopsys, Inc. All other use, reproduction, modification, or distribution of the
Synopsys software or the associated documentation is strictly prohibited.
Tool: Synplify Pro (R)
Build: Q-2020.03L-SP1
Install: C:\lscc\diamond\3.12\synpbase
OS: Windows 6.2

Hostname: UNKNOWN

Implementation : key0
Synopsys VHDL Compiler, Version comp202003synp2, Build 182R, Built Oct 29 2020 10:49:53, @

@N|Running in 64-bit mode
@N:"C:\Users\Mau\Documents\Arqui\practicas\Segundo Parcial\key00\topkey00.vhd":7:7:7:14|Top entity is set to topkey00.
File C:\lscc\diamond\3.12\synpbase\lib\cpld\lattice.vhd changed - recompiling
File C:\Users\Mau\Documents\Arqui\practicas\Segundo Parcial\key00\osc00.vhd changed - recompiling
File C:\lscc\diamond\3.12\synpbase\lib\lucent\machxo2.vhd changed - recompiling
File C:\Users\Mau\Documents\Arqui\practicas\Segundo Parcial\key00\packagediv00.vhd changed - recompiling
File C:\Users\Mau\Documents\Arqui\practicas\Segundo Parcial\key00\contring00.vhd changed - recompiling
File C:\Users\Mau\Documents\Arqui\practicas\Segundo Parcial\key00\coder00.vhd changed - recompiling
File C:\Users\Mau\Documents\Arqui\practicas\Segundo Parcial\key00\packagekey00.vhd changed - recompiling
File C:\Users\Mau\Documents\Arqui\practicas\Segundo Parcial\key00\topdiv00.vhd changed - recompiling
File C:\Users\Mau\Documents\Arqui\practicas\Segundo Parcial\key00\topkey00.vhd changed - recompiling
VHDL syntax check successful!

Compiler output is up to date.  No re-compile necessary

@N: CD630 :"C:\Users\Mau\Documents\Arqui\practicas\Segundo Parcial\key00\topkey00.vhd":7:7:7:14|Synthesizing work.topkey00.topkey0.
@N: CD630 :"C:\Users\Mau\Documents\Arqui\practicas\Segundo Parcial\key00\coder00.vhd":6:7:6:13|Synthesizing work.coder00.coder0.
Post processing for work.coder00.coder0
Running optimization stage 1 on coder00 .......
@N: CD630 :"C:\Users\Mau\Documents\Arqui\practicas\Segundo Parcial\key00\contring00.vhd":6:7:6:16|Synthesizing work.contring00.contring0.
Post processing for work.contring00.contring0
Running optimization stage 1 on contring00 .......
@W: CL279 :"C:\Users\Mau\Documents\Arqui\practicas\Segundo Parcial\key00\contring00.vhd":18:4:18:5|Pruning register bits 2 to 0 of soutcr(3 downto 0). If this is not the intended behavior, drive the inputs with valid values, or inputs from the top level.
@N: CD630 :"C:\Users\Mau\Documents\Arqui\practicas\Segundo Parcial\key00\topdiv00.vhd":7:7:7:14|Synthesizing work.topdiv00.topdiv0.
@N: CD630 :"C:\Users\Mau\Documents\Arqui\practicas\Segundo Parcial\key00\div00.vhd":8:7:8:11|Synthesizing work.div00.div0.
Post processing for work.div00.div0
Running optimization stage 1 on div00 .......
@N: CD630 :"C:\Users\Mau\Documents\Arqui\practicas\Segundo Parcial\key00\osc00.vhd":9:7:9:11|Synthesizing work.osc00.osc0.
@W: CD276 :"C:\lscc\diamond\3.12\cae_library\synthesis\vhdl\machxo2.vhd":2297:8:2297:15|Map for port sedstdby of component osch not found
@N: CD630 :"C:\lscc\diamond\3.12\cae_library\synthesis\vhdl\machxo2.vhd":2291:10:2291:13|Synthesizing work.osch.syn_black_box.
Post processing for work.osch.syn_black_box
Post processing for work.osc00.osc0
Running optimization stage 1 on osc00 .......
Post processing for work.topdiv00.topdiv0
Running optimization stage 1 on topdiv00 .......
Post processing for work.topkey00.topkey0
Running optimization stage 1 on topkey00 .......
Running optimization stage 2 on osc00 .......
Running optimization stage 2 on div00 .......
@N: CL189 :"C:\Users\Mau\Documents\Arqui\practicas\Segundo Parcial\key00\div00.vhd":20:2:20:3|Register bit sdiv(21) is always 0.
@N: CL189 :"C:\Users\Mau\Documents\Arqui\practicas\Segundo Parcial\key00\div00.vhd":20:2:20:3|Register bit sdiv(22) is always 0.
@W: CL279 :"C:\Users\Mau\Documents\Arqui\practicas\Segundo Parcial\key00\div00.vhd":20:2:20:3|Pruning register bits 22 to 21 of sdiv(22 downto 0). If this is not the intended behavior, drive the inputs with valid values, or inputs from the top level.
Running optimization stage 2 on topdiv00 .......
Running optimization stage 2 on contring00 .......
Running optimization stage 2 on coder00 .......
Running optimization stage 2 on topkey00 .......

For a summary of runtime and memory usage per design unit, please see file:
==========================================================
@L: C:\Users\Mau\Documents\Arqui\practicas\Segundo Parcial\key00\key0\synwork\layer0.rt.csv


At c_vhdl Exit (Real Time elapsed 0h:00m:00s; CPU Time elapsed 0h:00m:00s; Memory used current: 93MB peak: 94MB)

Process took 0h:00m:01s realtime, 0h:00m:01s cputime

Process completed successfully.
# Thu Apr 14 23:33:10 2022

###########################################################]
###########################################################[

Copyright (C) 1994-2020 Synopsys, Inc.
This Synopsys software and all associated documentation are proprietary to Synopsys, Inc.
and may only be used pursuant to the terms and conditions of a written license agreement
with Synopsys, Inc. All other use, reproduction, modification, or distribution of the
Synopsys software or the associated documentation is strictly prohibited.
Tool: Synplify Pro (R)
Build: Q-2020.03L-SP1
Install: C:\lscc\diamond\3.12\synpbase
OS: Windows 6.2

Hostname: UNKNOWN

Implementation : key0
Synopsys Synopsys Netlist Linker, Version comp202003synp2, Build 182R, Built Oct 29 2020 10:49:53, @

@N|Running in 64-bit mode

Linker output is up to date. No re-linking necessary


At syn_nfilter Exit (Real Time elapsed 0h:00m:00s; CPU Time elapsed 0h:00m:00s; Memory used current: 86MB peak: 86MB)

Process took 0h:00m:01s realtime, 0h:00m:01s cputime

Process completed successfully.
# Thu Apr 14 23:33:10 2022

###########################################################]

For a summary of runtime and memory usage for all design units, please see file:
==========================================================
@L: C:\Users\Mau\Documents\Arqui\practicas\Segundo Parcial\key00\key0\synwork\key00_key0_comp.rt.csv

@END

At c_hdl Exit (Real Time elapsed 0h:00m:00s; CPU Time elapsed 0h:00m:00s; Memory used current: 23MB peak: 23MB)

Process took 0h:00m:01s realtime, 0h:00m:01s cputime

Process completed successfully.
# Thu Apr 14 23:33:10 2022

###########################################################]
###########################################################[

Copyright (C) 1994-2020 Synopsys, Inc.
This Synopsys software and all associated documentation are proprietary to Synopsys, Inc.
and may only be used pursuant to the terms and conditions of a written license agreement
with Synopsys, Inc. All other use, reproduction, modification, or distribution of the
Synopsys software or the associated documentation is strictly prohibited.
Tool: Synplify Pro (R)
Build: Q-2020.03L-SP1
Install: C:\lscc\diamond\3.12\synpbase
OS: Windows 6.2

Hostname: UNKNOWN

Implementation : key0
Synopsys Synopsys Netlist Linker, Version comp202003synp2, Build 182R, Built Oct 29 2020 10:49:53, @

@N|Running in 64-bit mode

Linker output is up to date. No re-linking necessary


At syn_nfilter Exit (Real Time elapsed 0h:00m:00s; CPU Time elapsed 0h:00m:00s; Memory used current: 86MB peak: 86MB)

Process took 0h:00m:01s realtime, 0h:00m:01s cputime

Process completed successfully.
# Thu Apr 14 23:33:10 2022

###########################################################]
Premap Report

# Thu Apr 14 23:33:10 2022


Copyright (C) 1994-2020 Synopsys, Inc.
This Synopsys software and all associated documentation are proprietary to Synopsys, Inc.
and may only be used pursuant to the terms and conditions of a written license agreement
with Synopsys, Inc. All other use, reproduction, modification, or distribution of the
Synopsys software or the associated documentation is strictly prohibited.
Tool: Synplify Pro (R)
Build: Q-2020.03L-SP1
Install: C:\lscc\diamond\3.12\synpbase
OS: Windows 6.2

Hostname: UNKNOWN

Implementation : key0
Synopsys Lattice Technology Pre-mapping, Version map202003lat, Build 172R, Built Nov  2 2020 09:31:45, @


Mapper Startup Complete (Real Time elapsed 0h:00m:00s; CPU Time elapsed 0h:00m:00s; Memory used current: 117MB peak: 117MB)

@A: MF827 |No constraint file specified.
@L: C:\Users\Mau\Documents\Arqui\practicas\Segundo Parcial\key00\key0\key00_key0_scck.rpt 
See clock summary report "C:\Users\Mau\Documents\Arqui\practicas\Segundo Parcial\key00\key0\key00_key0_scck.rpt"
@N: MF916 |Option synthesis_strategy=base is enabled. 
@N: MF248 |Running in 64-bit mode.
@N: MF666 |Clock conversion enabled. (Command "set_option -fix_gated_and_generated_clocks 1" in the project file.)

Design Input Complete (Real Time elapsed 0h:00m:00s; CPU Time elapsed 0h:00m:00s; Memory used current: 124MB peak: 128MB)


Mapper Initialization Complete (Real Time elapsed 0h:00m:00s; CPU Time elapsed 0h:00m:00s; Memory used current: 124MB peak: 128MB)


Start loading timing files (Real Time elapsed 0h:00m:00s; CPU Time elapsed 0h:00m:00s; Memory used current: 137MB peak: 137MB)


Finished loading timing files (Real Time elapsed 0h:00m:00s; CPU Time elapsed 0h:00m:00s; Memory used current: 138MB peak: 139MB)

@N: FX493 |Applying initial value "0" on instance aux0.
@W: FX474 |User-specified initial value defined for some sequential elements which can prevent optimum synthesis results from being achieved. 

Starting clock optimization phase (Real Time elapsed 0h:00m:00s; CPU Time elapsed 0h:00m:00s; Memory used current: 170MB peak: 170MB)


Finished clock optimization phase (Real Time elapsed 0h:00m:00s; CPU Time elapsed 0h:00m:00s; Memory used current: 170MB peak: 170MB)


Starting clock optimization report phase (Real Time elapsed 0h:00m:01s; CPU Time elapsed 0h:00m:00s; Memory used current: 170MB peak: 170MB)


Finished clock optimization report phase (Real Time elapsed 0h:00m:01s; CPU Time elapsed 0h:00m:01s; Memory used current: 170MB peak: 170MB)

@N: FX1184 |Applying syn_allowed_resources blockrams=26 on top level netlist topkey00 

Finished netlist restructuring (Real Time elapsed 0h:00m:01s; CPU Time elapsed 0h:00m:01s; Memory used current: 170MB peak: 170MB)



Clock Summary
******************

          Start                            Requested     Requested     Clock                                           Clock                   Clock
Level     Clock                            Frequency     Period        Type                                            Group                   Load 
----------------------------------------------------------------------------------------------------------------------------------------------------
0 -       osc00|osc_int_inferred_clock     2.1 MHz       480.769       inferred                                        Inferred_clkgroup_0     22   
1 .         div00|outosc_derived_clock     2.1 MHz       480.769       derived (from osc00|osc_int_inferred_clock)     Inferred_clkgroup_0     13   
====================================================================================================================================================



Clock Load Summary
***********************

                                 Clock     Source                         Clock Pin                Non-clock Pin     Non-clock Pin
Clock                            Load      Pin                            Seq Example              Seq Example       Comb Example 
----------------------------------------------------------------------------------------------------------------------------------
osc00|osc_int_inferred_clock     22        K00.D00.OSCInst0.OSC(OSCH)     K00.D01.outosc.C         -                 -            
div00|outosc_derived_clock       13        K00.D01.outosc.Q[0](dffe)      K02.outcoderc[6:0].C     -                 -            
==================================================================================================================================

@W: MT529 :"c:\users\mau\documents\arqui\practicas\segundo parcial\key00\div00.vhd":20:2:20:3|Found inferred clock osc00|osc_int_inferred_clock which controls 22 sequential elements including K00.D01.sdiv[20:0]. This clock has no specified timing constraint which may prevent conversion of gated or generated clocks and may adversely impact design performance. 

ICG Latch Removal Summary:
Number of ICG latches removed: 0
Number of ICG latches not removed:	0


@S |Clock Optimization Summary



#### START OF PREMAP CLOCK OPTIMIZATION REPORT #####[

1 non-gated/non-generated clock tree(s) driving 22 clock pin(s) of sequential element(s)
1 gated/generated clock tree(s) driving 13 clock pin(s) of sequential element(s)
0 instances converted, 13 sequential instances remain driven by gated/generated clocks

=============================== Non-Gated/Non-Generated Clocks ================================
Clock Tree ID     Driving Element          Drive Element Type     Fanout     Sample Instance   
-----------------------------------------------------------------------------------------------
@KP:ckid0_2       K00.D00.OSCInst0.OSC     OSCH                   22         K00.D01.sdiv[20:0]
===============================================================================================
=============================================================== Gated/Generated Clocks ===============================================================
Clock Tree ID     Driving Element         Drive Element Type     Unconverted Fanout     Sample Instance     Explanation                               
------------------------------------------------------------------------------------------------------------------------------------------------------
@KP:ckid0_0       K00.D01.outosc.Q[0]     dffe                   13                     K02.aux0            Derived clock on input (not legal for GCC)
======================================================================================================================================================


##### END OF CLOCK OPTIMIZATION REPORT ######

@N: FX1143 |Skipping assigning INTERNAL_VREF to iobanks, because the table of mapping from pin to iobank is not initialized.
Finished Pre Mapping Phase.

Starting constraint checker (Real Time elapsed 0h:00m:01s; CPU Time elapsed 0h:00m:01s; Memory used current: 170MB peak: 170MB)


Finished constraint checker preprocessing (Real Time elapsed 0h:00m:01s; CPU Time elapsed 0h:00m:01s; Memory used current: 171MB peak: 171MB)


Finished constraint checker (Real Time elapsed 0h:00m:01s; CPU Time elapsed 0h:00m:01s; Memory used current: 171MB peak: 171MB)

Pre-mapping successful!

At Mapper Exit (Real Time elapsed 0h:00m:01s; CPU Time elapsed 0h:00m:01s; Memory used current: 91MB peak: 173MB)

Process took 0h:00m:01s realtime, 0h:00m:01s cputime
# Thu Apr 14 23:33:12 2022

###########################################################]
Map & Optimize Report

# Thu Apr 14 23:33:12 2022


Copyright (C) 1994-2020 Synopsys, Inc.
This Synopsys software and all associated documentation are proprietary to Synopsys, Inc.
and may only be used pursuant to the terms and conditions of a written license agreement
with Synopsys, Inc. All other use, reproduction, modification, or distribution of the
Synopsys software or the associated documentation is strictly prohibited.
Tool: Synplify Pro (R)
Build: Q-2020.03L-SP1
Install: C:\lscc\diamond\3.12\synpbase
OS: Windows 6.2

Hostname: UNKNOWN

Implementation : key0
Synopsys Lattice Technology Mapper, Version map202003lat, Build 172R, Built Nov  2 2020 09:31:45, @


Mapper Startup Complete (Real Time elapsed 0h:00m:00s; CPU Time elapsed 0h:00m:00s; Memory used current: 117MB peak: 117MB)

@N: MF916 |Option synthesis_strategy=base is enabled. 
@N: MF248 |Running in 64-bit mode.
@N: MF666 |Clock conversion enabled. (Command "set_option -fix_gated_and_generated_clocks 1" in the project file.)

Design Input Complete (Real Time elapsed 0h:00m:00s; CPU Time elapsed 0h:00m:00s; Memory used current: 118MB peak: 128MB)


Mapper Initialization Complete (Real Time elapsed 0h:00m:00s; CPU Time elapsed 0h:00m:00s; Memory used current: 119MB peak: 128MB)


Start loading timing files (Real Time elapsed 0h:00m:00s; CPU Time elapsed 0h:00m:00s; Memory used current: 133MB peak: 133MB)


Finished loading timing files (Real Time elapsed 0h:00m:00s; CPU Time elapsed 0h:00m:00s; Memory used current: 134MB peak: 136MB)



Starting Optimization and Mapping (Real Time elapsed 0h:00m:00s; CPU Time elapsed 0h:00m:00s; Memory used current: 166MB peak: 166MB)


Available hyper_sources - for debug and ip models
	None Found


Finished RTL optimizations (Real Time elapsed 0h:00m:00s; CPU Time elapsed 0h:00m:00s; Memory used current: 170MB peak: 170MB)


Starting factoring (Real Time elapsed 0h:00m:01s; CPU Time elapsed 0h:00m:01s; Memory used current: 172MB peak: 172MB)


Finished factoring (Real Time elapsed 0h:00m:01s; CPU Time elapsed 0h:00m:01s; Memory used current: 173MB peak: 173MB)


Finished generic timing optimizations - Pass 1 (Real Time elapsed 0h:00m:01s; CPU Time elapsed 0h:00m:01s; Memory used current: 174MB peak: 174MB)


Starting Early Timing Optimization (Real Time elapsed 0h:00m:01s; CPU Time elapsed 0h:00m:01s; Memory used current: 174MB peak: 174MB)


Finished Early Timing Optimization (Real Time elapsed 0h:00m:01s; CPU Time elapsed 0h:00m:01s; Memory used current: 174MB peak: 175MB)


Finished generic timing optimizations - Pass 2 (Real Time elapsed 0h:00m:01s; CPU Time elapsed 0h:00m:01s; Memory used current: 174MB peak: 175MB)


Finished preparing to map (Real Time elapsed 0h:00m:01s; CPU Time elapsed 0h:00m:01s; Memory used current: 174MB peak: 175MB)


Finished technology mapping (Real Time elapsed 0h:00m:01s; CPU Time elapsed 0h:00m:01s; Memory used current: 178MB peak: 178MB)

Pass		 CPU time		Worst Slack		Luts / Registers
------------------------------------------------------------
   1		0h:00m:01s		   472.68ns		  70 /        35

Finished technology timing optimizations and critical path resynthesis (Real Time elapsed 0h:00m:01s; CPU Time elapsed 0h:00m:01s; Memory used current: 178MB peak: 178MB)

@N: FX164 |The option to pack registers in the IOB has not been specified. Please set syn_useioff attribute.  

Finished restoring hierarchy (Real Time elapsed 0h:00m:01s; CPU Time elapsed 0h:00m:01s; Memory used current: 179MB peak: 179MB)


Start Writing Netlists (Real Time elapsed 0h:00m:02s; CPU Time elapsed 0h:00m:02s; Memory used current: 142MB peak: 179MB)

Writing Analyst data base C:\Users\Mau\Documents\Arqui\practicas\Segundo Parcial\key00\key0\synwork\key00_key0_m.srm

Finished Writing Netlist Databases (Real Time elapsed 0h:00m:02s; CPU Time elapsed 0h:00m:02s; Memory used current: 178MB peak: 179MB)

Writing EDIF Netlist and constraint files
@N: FX1056 |Writing EDF file: C:\Users\Mau\Documents\Arqui\practicas\Segundo Parcial\key00\key0\key00_key0.edi
@N: BW106 |Synplicity Constraint File capacitance units using default value of 1pF 

Finished Writing EDIF Netlist and constraint files (Real Time elapsed 0h:00m:02s; CPU Time elapsed 0h:00m:02s; Memory used current: 183MB peak: 183MB)


Start final timing analysis (Real Time elapsed 0h:00m:03s; CPU Time elapsed 0h:00m:03s; Memory used current: 183MB peak: 184MB)

@W: MT420 |Found inferred clock osc00|osc_int_inferred_clock with period 480.77ns. Please declare a user-defined clock on net K00.D00.sdiv.
@N: MT615 |Found clock div00|outosc_derived_clock with period 480.77ns 


##### START OF TIMING REPORT #####[
# Timing report written on Thu Apr 14 23:33:15 2022
#


Top view:               topkey00
Requested Frequency:    2.1 MHz
Wire load mode:         top
Paths requested:        5
Constraint File(s):    
@N: MT320 |This timing report is an estimate of place and route data. For final timing results, use the FPGA vendor place and route report.

@N: MT322 |Clock constraints include only register-to-register paths associated with each individual clock.



Performance Summary
*******************


Worst slack in design: 472.226

                                 Requested     Estimated     Requested     Estimated                 Clock                                           Clock              
Starting Clock                   Frequency     Frequency     Period        Period        Slack       Type                                            Group              
------------------------------------------------------------------------------------------------------------------------------------------------------------------------
div00|outosc_derived_clock       2.1 MHz       377.7 MHz     480.769       2.647         956.244     derived (from osc00|osc_int_inferred_clock)     Inferred_clkgroup_0
osc00|osc_int_inferred_clock     2.1 MHz       117.0 MHz     480.769       8.543         472.226     inferred                                        Inferred_clkgroup_0
========================================================================================================================================================================





Clock Relationships
*******************

Clocks                                                      |    rise  to  rise     |    fall  to  fall   |    rise  to  fall   |    fall  to  rise 
----------------------------------------------------------------------------------------------------------------------------------------------------
Starting                      Ending                        |  constraint  slack    |  constraint  slack  |  constraint  slack  |  constraint  slack
----------------------------------------------------------------------------------------------------------------------------------------------------
osc00|osc_int_inferred_clock  osc00|osc_int_inferred_clock  |  480.769     472.226  |  No paths    -      |  No paths    -      |  No paths    -    
div00|outosc_derived_clock    div00|outosc_derived_clock    |  480.769     956.244  |  No paths    -      |  No paths    -      |  No paths    -    
====================================================================================================================================================
 Note: 'No paths' indicates there are no paths in the design for that pair of clock edges.
       'Diff grp' indicates that paths exist but the starting clock and ending clock are in different clock groups.



Interface Information 
*********************

No IO constraint found



====================================
Detailed Report for Clock: div00|outosc_derived_clock
====================================



Starting Points with Worst Slack
********************************

                  Starting                                                          Arrival            
Instance          Reference                      Type        Pin     Net            Time        Slack  
                  Clock                                                                                
-------------------------------------------------------------------------------------------------------
K01.outcr[3]      div00|outosc_derived_clock     FD1S3IX     Q       outr0_c[3]     1.252       956.244
K01.outcr[0]      div00|outosc_derived_clock     FD1S3IX     Q       outr0_c[0]     1.228       956.268
K01.outcr[1]      div00|outosc_derived_clock     FD1S3IX     Q       outr0_c[1]     1.252       957.125
K01.outcr[2]      div00|outosc_derived_clock     FD1S3IX     Q       outr0_c[2]     1.244       957.133
K02.aux0          div00|outosc_derived_clock     FD1P3AX     Q       aux0           1.044       959.574
K01.soutcr[3]     div00|outosc_derived_clock     FD1S3JX     Q       soutcr[3]      0.972       960.461
=======================================================================================================


Ending Points with Worst Slack
******************************

                       Starting                                                                            Required            
Instance               Reference                      Type         Pin     Net                             Time         Slack  
                       Clock                                                                                                   
-------------------------------------------------------------------------------------------------------------------------------
K02_outcodercio[0]     div00|outosc_derived_clock     OFS1P3DX     SP      K02.outcoderc_0_sqmuxa_i        961.067      956.244
K02_outcodercio[1]     div00|outosc_derived_clock     OFS1P3DX     SP      K02.outcoderc_0_sqmuxa_i        961.067      956.244
K02_outcodercio[2]     div00|outosc_derived_clock     OFS1P3DX     SP      K02.outcoderc_0_sqmuxa_i        961.067      956.244
K02_outcodercio[3]     div00|outosc_derived_clock     OFS1P3DX     SP      K02.outcoderc_0_sqmuxa_i        961.067      956.244
K02_outcodercio[4]     div00|outosc_derived_clock     OFS1P3DX     SP      K02.outcoderc_0_sqmuxa_i        961.067      956.244
K02_outcodercio[5]     div00|outosc_derived_clock     OFS1P3DX     SP      K02.outcoderc_0_sqmuxa_i        961.067      956.244
K02_outcodercio[6]     div00|outosc_derived_clock     OFS1P3DX     SP      K02.outcoderc_0_sqmuxa_i        961.067      956.244
K02.aux0               div00|outosc_derived_clock     FD1P3AX      D       N_9_i                           961.627      956.636
K02_outcodercio[2]     div00|outosc_derived_clock     OFS1P3DX     D       K02.N_44                        961.433      957.885
K02_outcodercio[3]     div00|outosc_derived_clock     OFS1P3DX     D       K02.pcoder\.outcoderc_38[3]     961.433      958.579
===============================================================================================================================



Worst Path Information
***********************


Path information for path number 1: 
      Requested Period:                      961.538
    - Setup time:                            0.472
    + Clock delay at ending point:           0.000 (ideal)
    = Required time:                         961.067

    - Propagation time:                      4.823
    - Clock delay at starting point:         0.000 (ideal)
    = Slack (non-critical) :                 956.244

    Number of logic level(s):                4
    Starting point:                          K01.outcr[3] / Q
    Ending point:                            K02_outcodercio[0] / SP
    The start point is clocked by            div00|outosc_derived_clock [rising] (rise=0.000 fall=240.385 period=480.769) on pin CK
    The end   point is clocked by            div00|outosc_derived_clock [rising] (rise=0.000 fall=240.385 period=480.769) on pin SCLK
    -Timing constraint applied as multi cycle path with factor 2 (from c:div00|outosc_derived_clock to c:div00|outosc_derived_clock)

Instance / Net                                Pin      Pin               Arrival     No. of    
Name                             Type         Name     Dir     Delay     Time        Fan Out(s)
-----------------------------------------------------------------------------------------------
K01.outcr[3]                     FD1S3IX      Q        Out     1.252     1.252 r     -         
outr0_c[3]                       Net          -        -       -         -           13        
K02.pcoder\.aux0_8_f0_i_a2_6     ORCALUT4     B        In      0.000     1.252 r     -         
K02.pcoder\.aux0_8_f0_i_a2_6     ORCALUT4     Z        Out     1.017     2.269 r     -         
N_53                             Net          -        -       -         -           1         
K02.pcoder\.aux0_8_f0_i_o3_3     ORCALUT4     B        In      0.000     2.269 r     -         
K02.pcoder\.aux0_8_f0_i_o3_3     ORCALUT4     Z        Out     1.017     3.285 r     -         
aux0_8_f0_i_o3_3                 Net          -        -       -         -           1         
K02.pcoder\.aux0_8_f0_i_o3       ORCALUT4     A        In      0.000     3.285 r     -         
K02.pcoder\.aux0_8_f0_i_o3       ORCALUT4     Z        Out     1.089     4.374 r     -         
N_24                             Net          -        -       -         -           2         
K02.outcoderc_0_sqmuxa_i         ORCALUT4     B        In      0.000     4.374 r     -         
K02.outcoderc_0_sqmuxa_i         ORCALUT4     Z        Out     0.449     4.823 f     -         
outcoderc_0_sqmuxa_i             Net          -        -       -         -           7         
K02_outcodercio[0]               OFS1P3DX     SP       In      0.000     4.823 f     -         
===============================================================================================




====================================
Detailed Report for Clock: osc00|osc_int_inferred_clock
====================================



Starting Points with Worst Slack
********************************

                     Starting                                                          Arrival            
Instance             Reference                        Type        Pin     Net          Time        Slack  
                     Clock                                                                                
----------------------------------------------------------------------------------------------------------
K00.D01.sdiv[0]      osc00|osc_int_inferred_clock     FD1S3IX     Q       sdiv[0]      1.044       472.226
K00.D01.sdiv[1]      osc00|osc_int_inferred_clock     FD1S3IX     Q       sdiv[1]      1.044       472.226
K00.D01.sdiv[2]      osc00|osc_int_inferred_clock     FD1S3IX     Q       sdiv[2]      1.044       472.226
K00.D01.sdiv[3]      osc00|osc_int_inferred_clock     FD1S3IX     Q       sdiv[3]      1.044       472.226
K00.D01.sdiv[4]      osc00|osc_int_inferred_clock     FD1S3IX     Q       sdiv[4]      1.044       472.226
K00.D01.sdiv[5]      osc00|osc_int_inferred_clock     FD1S3IX     Q       sdiv[5]      1.044       472.226
K00.D01.sdiv[8]      osc00|osc_int_inferred_clock     FD1S3IX     Q       sdiv[8]      1.044       472.226
K00.D01.sdiv[9]      osc00|osc_int_inferred_clock     FD1S3IX     Q       sdiv[9]      1.044       472.226
K00.D01.sdiv[20]     osc00|osc_int_inferred_clock     FD1S3IX     Q       sdiv[20]     1.188       472.362
K00.D01.sdiv[17]     osc00|osc_int_inferred_clock     FD1S3IX     Q       sdiv[17]     1.180       472.370
==========================================================================================================


Ending Points with Worst Slack
******************************

                    Starting                                                       Required            
Instance            Reference                        Type        Pin     Net       Time         Slack  
                    Clock                                                                              
-------------------------------------------------------------------------------------------------------
K00.D01.sdiv[0]     osc00|osc_int_inferred_clock     FD1S3IX     CD      N_6_i     479.966      472.226
K00.D01.sdiv[1]     osc00|osc_int_inferred_clock     FD1S3IX     CD      N_6_i     479.966      472.226
K00.D01.sdiv[2]     osc00|osc_int_inferred_clock     FD1S3IX     CD      N_6_i     479.966      472.226
K00.D01.sdiv[3]     osc00|osc_int_inferred_clock     FD1S3IX     CD      N_6_i     479.966      472.226
K00.D01.sdiv[4]     osc00|osc_int_inferred_clock     FD1S3IX     CD      N_6_i     479.966      472.226
K00.D01.sdiv[5]     osc00|osc_int_inferred_clock     FD1S3IX     CD      N_6_i     479.966      472.226
K00.D01.sdiv[6]     osc00|osc_int_inferred_clock     FD1S3IX     CD      N_6_i     479.966      472.226
K00.D01.sdiv[7]     osc00|osc_int_inferred_clock     FD1S3IX     CD      N_6_i     479.966      472.226
K00.D01.sdiv[8]     osc00|osc_int_inferred_clock     FD1S3IX     CD      N_6_i     479.966      472.226
K00.D01.sdiv[9]     osc00|osc_int_inferred_clock     FD1S3IX     CD      N_6_i     479.966      472.226
=======================================================================================================



Worst Path Information
***********************


Path information for path number 1: 
      Requested Period:                      480.769
    - Setup time:                            0.803
    + Clock delay at ending point:           0.000 (ideal)
    = Required time:                         479.966

    - Propagation time:                      7.741
    - Clock delay at starting point:         0.000 (ideal)
    = Slack (critical) :                     472.226

    Number of logic level(s):                6
    Starting point:                          K00.D01.sdiv[0] / Q
    Ending point:                            K00.D01.sdiv[0] / CD
    The start point is clocked by            osc00|osc_int_inferred_clock [rising] (rise=0.000 fall=240.385 period=480.769) on pin CK
    The end   point is clocked by            osc00|osc_int_inferred_clock [rising] (rise=0.000 fall=240.385 period=480.769) on pin CK

Instance / Net                                            Pin      Pin               Arrival     No. of    
Name                                         Type         Name     Dir     Delay     Time        Fan Out(s)
-----------------------------------------------------------------------------------------------------------
K00.D01.sdiv[0]                              FD1S3IX      Q        Out     1.044     1.044 r     -         
sdiv[0]                                      Net          -        -       -         -           2         
K00.D01.un1_outosc_0_sqmuxa_i_a3_13_5        ORCALUT4     A        In      0.000     1.044 r     -         
K00.D01.un1_outosc_0_sqmuxa_i_a3_13_5        ORCALUT4     Z        Out     1.017     2.061 f     -         
un1_outosc_0_sqmuxa_i_a3_13_5                Net          -        -       -         -           1         
K00.D01.un1_outosc_0_sqmuxa_i_a3_13          ORCALUT4     C        In      0.000     2.061 f     -         
K00.D01.un1_outosc_0_sqmuxa_i_a3_13          ORCALUT4     Z        Out     1.089     3.149 f     -         
un1_outosc_0_sqmuxa_i_a3_13                  Net          -        -       -         -           2         
K00.D01.un1_outosc_0_sqmuxa_i_a3_4           ORCALUT4     D        In      0.000     3.149 f     -         
K00.D01.un1_outosc_0_sqmuxa_i_a3_4           ORCALUT4     Z        Out     1.225     4.374 f     -         
un1_outosc_0_sqmuxa_i_a3_4                   Net          -        -       -         -           5         
K00.D01.un1_outosc_0_sqmuxa_i_a16_10         ORCALUT4     B        In      0.000     4.374 f     -         
K00.D01.un1_outosc_0_sqmuxa_i_a16_10         ORCALUT4     Z        Out     1.017     5.391 f     -         
un1_outosc_0_sqmuxa_i_a16_10                 Net          -        -       -         -           1         
K00.D01.un1_outosc_0_sqmuxa_i_10             ORCALUT4     B        In      0.000     5.391 f     -         
K00.D01.un1_outosc_0_sqmuxa_i_10             ORCALUT4     Z        Out     1.017     6.408 f     -         
un1_outosc_0_sqmuxa_i_10                     Net          -        -       -         -           1         
K00.D01.un1_outosc_0_sqmuxa_i_10_RNI7N1P     ORCALUT4     D        In      0.000     6.408 f     -         
K00.D01.un1_outosc_0_sqmuxa_i_10_RNI7N1P     ORCALUT4     Z        Out     1.333     7.741 r     -         
N_6_i                                        Net          -        -       -         -           22        
K00.D01.sdiv[0]                              FD1S3IX      CD       In      0.000     7.741 r     -         
===========================================================================================================



##### END OF TIMING REPORT #####]

Timing exceptions that could not be applied

Finished final timing analysis (Real Time elapsed 0h:00m:03s; CPU Time elapsed 0h:00m:03s; Memory used current: 183MB peak: 184MB)


Finished timing report (Real Time elapsed 0h:00m:03s; CPU Time elapsed 0h:00m:03s; Memory used current: 183MB peak: 184MB)

---------------------------------------
Resource Usage Report
Part: lcmxo2_7000he-4

Register bits: 35 of 6864 (1%)
PIC Latch:       0
I/O cells:       30


Details:
CCU2D:          11
FD1P3AX:        1
FD1S3AX:        1
FD1S3IX:        25
FD1S3JX:        1
GSR:            1
IB:             10
INV:            1
OB:             20
OFS1P3DX:       7
ORCALUT4:       64
OSCH:           1
PFUMX:          1
PUR:            1
VHI:            4
VLO:            4
Mapper successful!

At Mapper Exit (Real Time elapsed 0h:00m:03s; CPU Time elapsed 0h:00m:03s; Memory used current: 63MB peak: 184MB)

Process took 0h:00m:03s realtime, 0h:00m:03s cputime
# Thu Apr 14 23:33:16 2022

###########################################################]


Synthesis exit by 0.

edif2ngd  -l "MachXO2" -d LCMXO2-7000HE -path "C:/Users/Mau/Documents/Arqui/practicas/Segundo Parcial/key00/key0" -path "C:/Users/Mau/Documents/Arqui/practicas/Segundo Parcial/key00"   "C:/Users/Mau/Documents/Arqui/practicas/Segundo Parcial/key00/key0/key00_key0.edi" "key00_key0.ngo"   
edif2ngd:  version Diamond (64-bit) 3.12.0.240.2

Copyright (c) 1991-1994 by NeoCAD Inc. All rights reserved.
Copyright (c) 1995 AT&T Corp.   All rights reserved.
Copyright (c) 1995-2001 Lucent Technologies Inc.  All rights reserved.
Copyright (c) 2001 Agere Systems   All rights reserved.
Copyright (c) 2002-2020 Lattice Semiconductor Corporation,  All rights reserved.
Writing the design to key00_key0.ngo...

Total CPU Time: 0 secs  
Total REAL Time: 0 secs  
Peak Memory Usage: 10 MB


ngdbuild  -a "MachXO2" -d LCMXO2-7000HE  -p "C:/lscc/diamond/3.12/ispfpga/xo2c00/data"  -p "C:/Users/Mau/Documents/Arqui/practicas/Segundo Parcial/key00/key0" -p "C:/Users/Mau/Documents/Arqui/practicas/Segundo Parcial/key00"  "key00_key0.ngo" "key00_key0.ngd"  	
ngdbuild:  version Diamond (64-bit) 3.12.0.240.2

Copyright (c) 1991-1994 by NeoCAD Inc. All rights reserved.
Copyright (c) 1995 AT&T Corp.   All rights reserved.
Copyright (c) 1995-2001 Lucent Technologies Inc.  All rights reserved.
Copyright (c) 2001 Agere Systems   All rights reserved.
Copyright (c) 2002-2020 Lattice Semiconductor Corporation,  All rights reserved.
Reading 'key00_key0.ngo' ...
Loading NGL library 'C:/lscc/diamond/3.12/ispfpga/xo2c00a/data/xo2alib.ngl'...
Loading NGL library 'C:/lscc/diamond/3.12/ispfpga/xo2c00/data/xo2clib.ngl'...
Loading NGL library 'C:/lscc/diamond/3.12/ispfpga/mg5g00/data/mg5glib.ngl'...
Loading NGL library 'C:/lscc/diamond/3.12/ispfpga/or5g00/data/orc5glib.ngl'...


Running DRC...

    <postMsg mid="1166052" type="Warning" dynamic="2" navigation="1" arg0="logical" arg1="K00/D00/OSCInst0_SEDSTDBY" arg2="K00/D00/OSCInst0_SEDSTDBY"  />
    <postMsg mid="1163101" type="Warning" dynamic="1" navigation="0" arg0="1"  />

Design Results:
    152 blocks expanded
Complete the first expansion.
Writing 'key00_key0.ngd' ...
Total CPU Time: 0 secs 
Total REAL Time: 0 secs 
Peak Memory Usage: 17 MB


map -a "MachXO2" -p LCMXO2-7000HE -t TQFP144 -s 4 -oc Commercial   "key00_key0.ngd" -o "key00_key0_map.ncd" -pr "key00_key0.prf" -mp "key00_key0.mrp" -lpf "C:/Users/Mau/Documents/Arqui/practicas/Segundo Parcial/key00/key0/key00_key0_synplify.lpf" -lpf "C:/Users/Mau/Documents/Arqui/practicas/Segundo Parcial/key00/key00.lpf"  -c 0           
map:  version Diamond (64-bit) 3.12.0.240.2

Copyright (c) 1991-1994 by NeoCAD Inc. All rights reserved.
Copyright (c) 1995 AT&T Corp.   All rights reserved.
Copyright (c) 1995-2001 Lucent Technologies Inc.  All rights reserved.
Copyright (c) 2001 Agere Systems   All rights reserved.
Copyright (c) 2002-2020 Lattice Semiconductor Corporation,  All rights reserved.
   Process the file: key00_key0.ngd
   Picdevice="LCMXO2-7000HE"

   Pictype="TQFP144"

   Picspeed=4

   Remove unused logic

   Do not produce over sized NCDs.

Part used: LCMXO2-7000HETQFP144, Performance used: 4.

Loading device for application map from file 'xo2c7000.nph' in environment: C:/lscc/diamond/3.12/ispfpga.
Package Status:                     Final          Version 1.39.

Running general design DRC...

Removing unused logic...

Optimizing...




Design Summary:
   Number of registers:     35 out of  7209 (0%)
      PFU registers:           28 out of  6864 (0%)
      PIO registers:            7 out of   345 (2%)
   Number of SLICEs:        45 out of  3432 (1%)
      SLICEs as Logic/ROM:     45 out of  3432 (1%)
      SLICEs as RAM:            0 out of  2574 (0%)
      SLICEs as Carry:         11 out of  3432 (0%)
   Number of LUT4s:         89 out of  6864 (1%)
      Number used as logic LUTs:         67
      Number used as distributed RAM:     0
      Number used as ripple logic:       22
      Number used as shift registers:     0
   Number of PIO sites used: 30 + 4(JTAG) out of 115 (30%)
   Number of block RAMs:  0 out of 26 (0%)
   Number of GSRs:        0 out of 1 (0%)
   EFB used :        No
   JTAG used :       No
   Readback used :   No
   Oscillator used : Yes
   Startup used :    No
   POR :             On
   Bandgap :         On
   Number of Power Controller:  0 out of 1 (0%)
   Number of Dynamic Bank Controller (BCINRD):  0 out of 6 (0%)
   Number of Dynamic Bank Controller (BCLVDSO):  0 out of 1 (0%)
   Number of DCCA:  0 out of 8 (0%)
   Number of DCMA:  0 out of 2 (0%)
   Number of PLLs:  0 out of 2 (0%)
   Number of DQSDLLs:  0 out of 2 (0%)
   Number of CLKDIVC:  0 out of 4 (0%)
   Number of ECLKSYNCA:  0 out of 4 (0%)
   Number of ECLKBRIDGECS:  0 out of 2 (0%)
   Notes:-
      1. Total number of LUT4s = (Number of logic LUT4s) + 2*(Number of distributed RAMs) + 2*(Number of ripple logic)
      2. Number of logic LUT4s does not include count of distributed RAM and ripple logic.
   Number of clocks:  2
     Net clk0_c: 11 loads, 11 rising, 0 falling (Driver: K00/D01/outosc )
     Net K00/sdiv: 12 loads, 12 rising, 0 falling (Driver: K00/D00/OSCInst0 )
   Number of Clock Enables:  2
     Net K02.outcoderc_0_sqmuxa_i: 7 loads, 0 LSLICEs
     Net en0_c: 1 loads, 1 LSLICEs
   Number of LSRs:  3
     Net en0_c: 2 loads, 2 LSLICEs
     Net outr0_c[1]: 1 loads, 1 LSLICEs
     Net K00/D01/N_6_i: 11 loads, 11 LSLICEs
   Number of nets driven by tri-state buffers:  0
   Top 10 highest fanout non-clock nets:
     Net outr0_c[1]: 13 loads
     Net outr0_c[3]: 13 loads
     Net en0_c: 12 loads
     Net K00/D01/N_6_i: 12 loads
     Net outr0_c[2]: 12 loads
     Net inkey0_c[2]: 10 loads
     Net outr0_c[0]: 9 loads
     Net cdiv0_c[3]: 8 loads
     Net inkey0_c[1]: 8 loads
     Net inkey0_c[3]: 8 loads
 

   Number of warnings:  0
   Number of errors:    0



Total CPU Time: 0 secs  
Total REAL Time: 0 secs  
Peak Memory Usage: 58 MB

Dumping design to file key00_key0_map.ncd.

mpartrce -p "key00_key0.p2t" -f "key00_key0.p3t" -tf "key00_key0.pt" "key00_key0_map.ncd" "key00_key0.ncd"

---- MParTrce Tool ----
Removing old design directory at request of -rem command line option to this program.
Running par. Please wait . . .

Lattice Place and Route Report for Design "key00_key0_map.ncd"
Thu Apr 14 23:33:18 2022

PAR: Place And Route Diamond (64-bit) 3.12.0.240.2.
Command Line: par -w -l 5 -i 6 -t 1 -c 0 -e 0 -gui -msgset "C:/Users/Mau/Documents/Arqui/practicas/Segundo Parcial/key00/promote.xml" -exp parUseNBR=1:parCDP=0:parCDR=0:parPathBased=OFF:parASE=1 key00_key0_map.ncd key00_key0.dir/5_1.ncd key00_key0.prf
Preference file: key00_key0.prf.
Placement level-cost: 5-1.
Routing Iterations: 6

Loading design for application par from file key00_key0_map.ncd.
Design name: topkey00
NCD version: 3.3
Vendor:      LATTICE
Device:      LCMXO2-7000HE
Package:     TQFP144
Performance: 4
Loading device for application par from file 'xo2c7000.nph' in environment: C:/lscc/diamond/3.12/ispfpga.
Package Status:                     Final          Version 1.39.
Performance Hardware Data Status:   Final          Version 34.4.
License checked out.


Ignore Preference Error(s):  True
Device utilization summary:

   PIO (prelim)   30+4(JTAG)/336     10% used
                  30+4(JTAG)/115     30% bonded
   IOLOGIC            7/336           2% used

   SLICE             45/3432          1% used

   OSC                1/1           100% used


Number of Signals: 143
Number of Connections: 368

Pin Constraint Summary:
   30 out of 30 pins locked (100% locked).

The following 2 signals are selected to use the primary clock routing resources:
    K00/sdiv (driver: K00/D00/OSCInst0, clk load #: 12)
    clk0_c (driver: K00/D01/SLICE_13, clk load #: 11)


The following 1 signal is selected to use the secondary clock routing resources:
    K00/D01/N_6_i (driver: K00/D01/SLICE_13, clk load #: 0, sr load #: 11, ce load #: 0)

No signal is selected as Global Set/Reset.
Starting Placer Phase 0.

Finished Placer Phase 0.  REAL time: 2 secs 

Starting Placer Phase 1.
...................
Placer score = 45097.
Finished Placer Phase 1.  REAL time: 5 secs 

Starting Placer Phase 2.
.
Placer score =  45079
Finished Placer Phase 2.  REAL time: 5 secs 


------------------ Clock Report ------------------

Global Clock Resources:
  CLK_PIN    : 0 out of 8 (0%)
  PLL        : 0 out of 2 (0%)
  DCM        : 0 out of 2 (0%)
  DCC        : 0 out of 8 (0%)

Global Clocks:
  PRIMARY "K00/sdiv" from OSC on comp "K00/D00/OSCInst0" on site "OSC", clk load = 12
  PRIMARY "clk0_c" from Q0 on comp "K00/D01/SLICE_13" on site "R2C16B", clk load = 11
  SECONDARY "K00/D01/N_6_i" from F1 on comp "K00/D01/SLICE_13" on site "R2C16B", clk load = 0, ce load = 0, sr load = 11

  PRIMARY  : 2 out of 8 (25%)
  SECONDARY: 1 out of 8 (12%)

Edge Clocks:
  No edge clock selected.

--------------- End of Clock Report ---------------


I/O Usage Summary (final):
   30 + 4(JTAG) out of 336 (10.1%) PIO sites used.
   30 + 4(JTAG) out of 115 (29.6%) bonded PIO sites used.
   Number of PIO comps: 30; differential: 0.
   Number of Vref pins used: 0.

I/O Bank Usage Summary:
+----------+----------------+------------+-----------+
| I/O Bank | Usage          | Bank Vccio | Bank Vref |
+----------+----------------+------------+-----------+
| 0        | 0 / 28 (  0%)  | -          | -         |
| 1        | 23 / 29 ( 79%) | 2.5V       | -         |
| 2        | 1 / 29 (  3%)  | 2.5V       | -         |
| 3        | 0 / 9 (  0%)   | -          | -         |
| 4        | 2 / 10 ( 20%)  | 2.5V       | -         |
| 5        | 4 / 10 ( 40%)  | 2.5V       | -         |
+----------+----------------+------------+-----------+

Total placer CPU time: 4 secs 

Dumping design to file key00_key0.dir/5_1.ncd.

0 connections routed; 368 unrouted.
Starting router resource preassignment

Completed router resource preassignment. Real time: 7 secs 

Start NBR router at 23:33:25 04/14/22

*****************************************************************
Info: NBR allows conflicts(one node used by more than one signal)
      in the earlier iterations. In each iteration, it tries to  
      solve the conflicts while keeping the critical connections 
      routed as short as possible. The routing process is said to
      be completed when no conflicts exist and all connections   
      are routed.                                                
Note: NBR uses a different method to calculate timing slacks. The
      worst slack and total negative slack may not be the same as
      that in TRCE report. You should always run TRCE to verify  
      your design.                                               
*****************************************************************

Start NBR special constraint process at 23:33:25 04/14/22

Start NBR section for initial routing at 23:33:25 04/14/22
Level 4, iteration 1
7(0.00%) conflicts; 0(0.00%) untouched conn; 0 (nbr) score; 
Estimated worst slack/total negative slack<setup>: 462.988ns/0.000ns; real time: 8 secs 

Info: Initial congestion level at 75% usage is 0
Info: Initial congestion area  at 75% usage is 0 (0.00%)

Start NBR section for normal routing at 23:33:26 04/14/22
Level 4, iteration 1
5(0.00%) conflicts; 0(0.00%) untouched conn; 0 (nbr) score; 
Estimated worst slack/total negative slack<setup>: 462.988ns/0.000ns; real time: 8 secs 
Level 4, iteration 2
1(0.00%) conflict; 0(0.00%) untouched conn; 0 (nbr) score; 
Estimated worst slack/total negative slack<setup>: 462.982ns/0.000ns; real time: 8 secs 
Level 4, iteration 3
1(0.00%) conflict; 0(0.00%) untouched conn; 0 (nbr) score; 
Estimated worst slack/total negative slack<setup>: 462.982ns/0.000ns; real time: 8 secs 
Level 4, iteration 4
0(0.00%) conflict; 0(0.00%) untouched conn; 0 (nbr) score; 
Estimated worst slack/total negative slack<setup>: 462.982ns/0.000ns; real time: 8 secs 

Start NBR section for setup/hold timing optimization with effort level 3 at 23:33:26 04/14/22

Start NBR section for re-routing at 23:33:26 04/14/22
Level 4, iteration 1
0(0.00%) conflict; 0(0.00%) untouched conn; 0 (nbr) score; 
Estimated worst slack/total negative slack<setup>: 462.982ns/0.000ns; real time: 8 secs 

Start NBR section for post-routing at 23:33:26 04/14/22

End NBR router with 0 unrouted connection

NBR Summary
-----------
  Number of unrouted connections : 0 (0.00%)
  Number of connections with timing violations : 0 (0.00%)
  Estimated worst slack<setup> : 462.982ns
  Timing score<setup> : 0
-----------
Notes: The timing info is calculated for SETUP only and all PAR_ADJs are ignored.



Total CPU time 7 secs 
Total REAL time: 8 secs 
Completely routed.
End of route.  368 routed (100.00%); 0 unrouted.

Hold time timing score: 0, hold timing errors: 0

Timing score: 0 

Dumping design to file key00_key0.dir/5_1.ncd.


PAR_SUMMARY::Run status = Completed
PAR_SUMMARY::Number of unrouted conns = 0
PAR_SUMMARY::Worst  slack<setup/<ns>> = 462.982
PAR_SUMMARY::Timing score<setup/<ns>> = 0.000
PAR_SUMMARY::Worst  slack<hold /<ns>> = 0.379
PAR_SUMMARY::Timing score<hold /<ns>> = 0.000
PAR_SUMMARY::Number of errors = 0

Total CPU  time to completion: 7 secs 
Total REAL time to completion: 8 secs 

par done!

Note: user must run 'Trace' for timing closure signoff.

Copyright (c) 1991-1994 by NeoCAD Inc. All rights reserved.
Copyright (c) 1995 AT&T Corp.   All rights reserved.
Copyright (c) 1995-2001 Lucent Technologies Inc.  All rights reserved.
Copyright (c) 2001 Agere Systems   All rights reserved.
Copyright (c) 2002-2020 Lattice Semiconductor Corporation,  All rights reserved.
Exiting par with exit code 0
Exiting mpartrce with exit code 0

trce -f "key00_key0.pt" -o "key00_key0.twr" "key00_key0.ncd" "key00_key0.prf"
trce:  version Diamond (64-bit) 3.12.0.240.2

Copyright (c) 1991-1994 by NeoCAD Inc. All rights reserved.
Copyright (c) 1995 AT&T Corp.   All rights reserved.
Copyright (c) 1995-2001 Lucent Technologies Inc.  All rights reserved.
Copyright (c) 2001 Agere Systems   All rights reserved.
Copyright (c) 2002-2020 Lattice Semiconductor Corporation,  All rights reserved.

Loading design for application trce from file key00_key0.ncd.
Design name: topkey00
NCD version: 3.3
Vendor:      LATTICE
Device:      LCMXO2-7000HE
Package:     TQFP144
Performance: 4
Loading device for application trce from file 'xo2c7000.nph' in environment: C:/lscc/diamond/3.12/ispfpga.
Package Status:                     Final          Version 1.39.
Performance Hardware Data Status:   Final          Version 34.4.
Setup and Hold Report

--------------------------------------------------------------------------------
Lattice TRACE Report - Setup, Version Diamond (64-bit) 3.12.0.240.2
Thu Apr 14 23:33:27 2022

Copyright (c) 1991-1994 by NeoCAD Inc. All rights reserved.
Copyright (c) 1995 AT&T Corp.   All rights reserved.
Copyright (c) 1995-2001 Lucent Technologies Inc.  All rights reserved.
Copyright (c) 2001 Agere Systems   All rights reserved.
Copyright (c) 2002-2020 Lattice Semiconductor Corporation,  All rights reserved.

Report Information
------------------
Command line:    trce -v 10 -gt -sethld -sp 4 -sphld m -o key00_key0.twr -gui -msgset C:/Users/Mau/Documents/Arqui/practicas/Segundo Parcial/key00/promote.xml key00_key0.ncd key00_key0.prf 
Design file:     key00_key0.ncd
Preference file: key00_key0.prf
Device,speed:    LCMXO2-7000HE,4
Report level:    verbose report, limited to 10 items per preference
--------------------------------------------------------------------------------

BLOCK ASYNCPATHS
BLOCK RESETPATHS
--------------------------------------------------------------------------------



Timing summary (Setup):
---------------

Timing errors: 0  Score: 0
Cumulative negative slack: 0

Constraints cover 2032 paths, 1 nets, and 246 connections (66.85% coverage)

--------------------------------------------------------------------------------
Lattice TRACE Report - Hold, Version Diamond (64-bit) 3.12.0.240.2
Thu Apr 14 23:33:27 2022

Copyright (c) 1991-1994 by NeoCAD Inc. All rights reserved.
Copyright (c) 1995 AT&T Corp.   All rights reserved.
Copyright (c) 1995-2001 Lucent Technologies Inc.  All rights reserved.
Copyright (c) 2001 Agere Systems   All rights reserved.
Copyright (c) 2002-2020 Lattice Semiconductor Corporation,  All rights reserved.

Report Information
------------------
Command line:    trce -v 10 -gt -sethld -sp 4 -sphld m -o key00_key0.twr -gui -msgset C:/Users/Mau/Documents/Arqui/practicas/Segundo Parcial/key00/promote.xml key00_key0.ncd key00_key0.prf 
Design file:     key00_key0.ncd
Preference file: key00_key0.prf
Device,speed:    LCMXO2-7000HE,m
Report level:    verbose report, limited to 10 items per preference
--------------------------------------------------------------------------------

BLOCK ASYNCPATHS
BLOCK RESETPATHS
--------------------------------------------------------------------------------



Timing summary (Hold):
---------------

Timing errors: 0  Score: 0
Cumulative negative slack: 0

Constraints cover 2032 paths, 1 nets, and 246 connections (66.85% coverage)



Timing summary (Setup and Hold):
---------------

Timing errors: 0 (setup), 0 (hold)
Score: 0 (setup), 0 (hold)
Cumulative negative slack: 0 (0+0)
--------------------------------------------------------------------------------

--------------------------------------------------------------------------------

Total CPU Time: 0 secs 
Total REAL Time: 0 secs 
Peak Memory Usage: 66 MB


tmcheck -par "key00_key0.par" 

bitgen -f "key00_key0.t2b" -w "key00_key0.ncd"  -jedec "key00_key0.prf"


BITGEN: Bitstream Generator Diamond (64-bit) 3.12.0.240.2
Copyright (c) 1991-1994 by NeoCAD Inc. All rights reserved.
Copyright (c) 1995 AT&T Corp.   All rights reserved.
Copyright (c) 1995-2001 Lucent Technologies Inc.  All rights reserved.
Copyright (c) 2001 Agere Systems   All rights reserved.
Copyright (c) 2002-2020 Lattice Semiconductor Corporation,  All rights reserved.


Loading design for application Bitgen from file key00_key0.ncd.
Design name: topkey00
NCD version: 3.3
Vendor:      LATTICE
Device:      LCMXO2-7000HE
Package:     TQFP144
Performance: 4
Loading device for application Bitgen from file 'xo2c7000.nph' in environment: C:/lscc/diamond/3.12/ispfpga.
Package Status:                     Final          Version 1.39.
Performance Hardware Data Status:   Final          Version 34.4.

Running DRC.
DRC detected 0 errors and 0 warnings.
Reading Preference File from key00_key0.prf.

Preference Summary:
+---------------------------------+---------------------------------+
|  Preference                     |  Current Setting                |
+---------------------------------+---------------------------------+
|                         RamCfg  |                        Reset**  |
+---------------------------------+---------------------------------+
|                     MCCLK_FREQ  |                         2.08**  |
+---------------------------------+---------------------------------+
|                  CONFIG_SECURE  |                          OFF**  |
+---------------------------------+---------------------------------+
|                          INBUF  |                           ON**  |
+---------------------------------+---------------------------------+
|                      JTAG_PORT  |                       ENABLE**  |
+---------------------------------+---------------------------------+
|                       SDM_PORT  |                      DISABLE**  |
+---------------------------------+---------------------------------+
|                 SLAVE_SPI_PORT  |                      DISABLE**  |
+---------------------------------+---------------------------------+
|                MASTER_SPI_PORT  |                      DISABLE**  |
+---------------------------------+---------------------------------+
|                       I2C_PORT  |                      DISABLE**  |
+---------------------------------+---------------------------------+
|        MUX_CONFIGURATION_PORTS  |                      DISABLE**  |
+---------------------------------+---------------------------------+
|                  CONFIGURATION  |                          CFG**  |
+---------------------------------+---------------------------------+
|                COMPRESS_CONFIG  |                           ON**  |
+---------------------------------+---------------------------------+
|                        MY_ASSP  |                          OFF**  |
+---------------------------------+---------------------------------+
|               ONE_TIME_PROGRAM  |                          OFF**  |
+---------------------------------+---------------------------------+
|                 ENABLE_TRANSFR  |                      DISABLE**  |
+---------------------------------+---------------------------------+
|                  SHAREDEBRINIT  |                      DISABLE**  |
+---------------------------------+---------------------------------+
|            BACKGROUND_RECONFIG  |                          OFF**  |
+---------------------------------+---------------------------------+
 *  Default setting.
 ** The specified setting matches the default setting.


Creating bit map...
 
Bitstream Status: Final           Version 1.95.
 
Saving bit stream in "key00_key0.jed".
 
===========
UFM Summary.
===========
UFM Size:        2046 Pages (128*2046 Bits).
UFM Utilization: General Purpose Flash Memory.
 
Available General Purpose Flash Memory: 2046 Pages (Page 0 to Page 2045).
Initialized UFM Pages:                     0 Page.
 
Total CPU Time: 3 secs 
Total REAL Time: 4 secs 
Peak Memory Usage: 289 MB
