
Copyright (C) 1994-2020 Synopsys, Inc.
This Synopsys software and all associated documentation are proprietary to Synopsys, Inc.
and may only be used pursuant to the terms and conditions of a written license agreement
with Synopsys, Inc. All other use, reproduction, modification, or distribution of the
Synopsys software or the associated documentation is strictly prohibited.
Tool: Synplify Pro (R)
Build: Q-2020.03L-SP1
Install: C:\lscc\diamond\3.12\synpbase
OS: Windows 6.2

Hostname: UNKNOWN

Implementation : key0
Synopsys HDL compiler and linker, Version comp202003synp2, Build 182R, Built Oct 29 2020 10:49:53, @

Modified Files: 1
FID:  path (prevtimestamp, timestamp)
27       C:\Users\Mau\Documents\Arqui\practicas\Segundo Parcial\02-key02\coder00.vhdl (2022-05-20 10:47:59, 2022-05-20 10:52:07)

*******************************************************************
Modules that may have changed as a result of file changes: 1
MID:  lib.cell.view
0        work.coder00.coder0 may have changed because the following files changed:
                        C:\Users\Mau\Documents\Arqui\practicas\Segundo Parcial\02-key02\coder00.vhdl (2022-05-20 10:47:59, 2022-05-20 10:52:07) <-- (architecture and entity definition)

*******************************************************************
Unmodified files: 22
FID:  path (timestamp)
23       C:\Users\Mau\Documents\Arqui\practicas\Segundo Parcial\00-osc00-vhdl\div00.vhdl (2022-04-15 04:42:32)
24       C:\Users\Mau\Documents\Arqui\practicas\Segundo Parcial\00-osc00-vhdl\osc00.vhdl (2022-05-04 00:21:55)
25       C:\Users\Mau\Documents\Arqui\practicas\Segundo Parcial\00-osc00-vhdl\oscint00.vhdl (2022-05-04 00:20:55)
26       C:\Users\Mau\Documents\Arqui\practicas\Segundo Parcial\00-osc00-vhdl\packageosc00.vhdl (2022-05-04 00:20:55)
28       C:\Users\Mau\Documents\Arqui\practicas\Segundo Parcial\02-key02\coder7seg00.vhdl (2022-05-20 10:37:18)
29       C:\Users\Mau\Documents\Arqui\practicas\Segundo Parcial\02-key02\contring00.vhdl (2022-05-18 22:04:20)
30       C:\Users\Mau\Documents\Arqui\practicas\Segundo Parcial\02-key02\contring7seg00.vhdl (2022-05-18 22:04:26)
31       C:\Users\Mau\Documents\Arqui\practicas\Segundo Parcial\02-key02\key02.vhdl (2022-05-18 21:07:25)
32       C:\Users\Mau\Documents\Arqui\practicas\Segundo Parcial\02-key02\lect00.vhdl (2022-05-18 22:07:37)
33       C:\Users\Mau\Documents\Arqui\practicas\Segundo Parcial\02-key02\packagekey0200.vhdl (2022-05-18 21:07:38)
11       C:\lscc\diamond\3.12\cae_library\synthesis\vhdl\machxo2.vhd (2018-11-14 23:32:12)
12       C:\lscc\diamond\3.12\synpbase\lib\cpld\lattice.vhd (2020-10-29 09:20:44)
13       C:\lscc\diamond\3.12\synpbase\lib\lucent\machxo2.vhd (2020-10-29 09:20:54)
14       C:\lscc\diamond\3.12\synpbase\lib\vhd\arith.vhd (2020-10-29 09:23:10)
15       C:\lscc\diamond\3.12\synpbase\lib\vhd\hyperents.vhd (2020-10-29 09:23:10)
16       C:\lscc\diamond\3.12\synpbase\lib\vhd\location.map (2020-11-02 16:26:20)
17       C:\lscc\diamond\3.12\synpbase\lib\vhd\numeric.vhd (2020-10-29 09:23:10)
18       C:\lscc\diamond\3.12\synpbase\lib\vhd\snps_haps_pkg.vhd (2020-10-29 09:23:10)
19       C:\lscc\diamond\3.12\synpbase\lib\vhd\std.vhd (2020-10-29 09:23:10)
20       C:\lscc\diamond\3.12\synpbase\lib\vhd\std1164.vhd (2020-10-29 09:23:10)
21       C:\lscc\diamond\3.12\synpbase\lib\vhd\umr_capim.vhd (2020-10-29 09:23:10)
22       C:\lscc\diamond\3.12\synpbase\lib\vhd\unsigned.vhd (2020-10-29 09:23:10)

*******************************************************************
Unchanged modules: 16
MID:  lib.cell.view
2        work.coder7seg00.coder7seg0
3        work.coder7seg00.vhdl
4        work.contring00.contring0
5        work.contring00.vhdl
6        work.contring7seg00.contring7seg0
7        work.contring7seg00.vhdl
8        work.div00.div0
9        work.div00.vhdl
18       work.key02.key2
19       work.key02.vhdl
12       work.lect00.lect0
13       work.lect00.vhdl
14       work.osc00.osc0
15       work.osc00.vhdl
16       work.oscint00.oscint0
17       work.oscint00.vhdl
