
synpwrap -msg -prj "rom00_rom0_synplify.tcl" -log "rom00_rom0.srf"
Copyright (C) 1992-2020 Lattice Semiconductor Corporation. All rights reserved.
Lattice Diamond Version 3.12.0.240.2
    <postMsg mid="2011000" type="Info"    dynamic="0" navigation="0"  />

==contents of rom00_rom0.srf
#Build: Synplify Pro (R) Q-2020.03L-SP1, Build 182R, Oct 29 2020
#install: C:\lscc\diamond\3.12\synpbase
#OS: Windows 8 6.2
#Hostname: UNKNOWN

# Fri May 13 10:53:46 2022

#Implementation: rom0


Copyright (C) 1994-2020 Synopsys, Inc.
This Synopsys software and all associated documentation are proprietary to Synopsys, Inc.
and may only be used pursuant to the terms and conditions of a written license agreement
with Synopsys, Inc. All other use, reproduction, modification, or distribution of the
Synopsys software or the associated documentation is strictly prohibited.
Tool: Synplify Pro (R)
Build: Q-2020.03L-SP1
Install: C:\lscc\diamond\3.12\synpbase
OS: Windows 6.2

Hostname: UNKNOWN

Implementation : rom0
Synopsys HDL Compiler, Version comp202003synp2, Build 182R, Built Oct 29 2020 10:49:53, @

@N|Running in 64-bit mode
###########################################################[

Copyright (C) 1994-2020 Synopsys, Inc.
This Synopsys software and all associated documentation are proprietary to Synopsys, Inc.
and may only be used pursuant to the terms and conditions of a written license agreement
with Synopsys, Inc. All other use, reproduction, modification, or distribution of the
Synopsys software or the associated documentation is strictly prohibited.
Tool: Synplify Pro (R)
Build: Q-2020.03L-SP1
Install: C:\lscc\diamond\3.12\synpbase
OS: Windows 6.2

Hostname: UNKNOWN

Implementation : rom0
Synopsys VHDL Compiler, Version comp202003synp2, Build 182R, Built Oct 29 2020 10:49:53, @

@N|Running in 64-bit mode
@N:"C:\Users\Mau\Documents\Arqui\practicas\Segundo Parcial\03-rom00\rom00.vhdl":7:7:7:11|Top entity is set to rom00.
File C:\lscc\diamond\3.12\synpbase\lib\cpld\lattice.vhd changed - recompiling
File C:\Users\Mau\Documents\Arqui\practicas\Segundo Parcial\03-rom00\rom0\source\div00.vhdl changed - recompiling
File C:\Users\Mau\Documents\Arqui\practicas\Segundo Parcial\03-rom00\rom0\source\packageosc00.vhdl changed - recompiling
File C:\Users\Mau\Documents\Arqui\practicas\Segundo Parcial\03-rom00\contRead.vhdl changed - recompiling
File C:\Users\Mau\Documents\Arqui\practicas\Segundo Parcial\03-rom00\memrom.vhdl changed - recompiling
File C:\Users\Mau\Documents\Arqui\practicas\Segundo Parcial\03-rom00\packagerom00.vhdl changed - recompiling
File C:\Users\Mau\Documents\Arqui\practicas\Segundo Parcial\03-rom00\rom0\source\osc00.vhdl changed - recompiling
File C:\Users\Mau\Documents\Arqui\practicas\Segundo Parcial\03-rom00\rom00.vhdl changed - recompiling
VHDL syntax check successful!
File C:\Users\Mau\Documents\Arqui\practicas\Segundo Parcial\03-rom00\rom00.vhdl changed - recompiling
@N: CD630 :"C:\Users\Mau\Documents\Arqui\practicas\Segundo Parcial\03-rom00\rom00.vhdl":7:7:7:11|Synthesizing work.rom00.rom0.
@N: CD630 :"C:\Users\Mau\Documents\Arqui\practicas\Segundo Parcial\03-rom00\memrom.vhdl":7:7:7:14|Synthesizing work.memrom00.memrom0.
Post processing for work.memrom00.memrom0
Running optimization stage 1 on memrom00 .......
@N: CD630 :"C:\Users\Mau\Documents\Arqui\practicas\Segundo Parcial\03-rom00\contRead.vhdl":7:7:7:16|Synthesizing work.contread00.contread0.
Post processing for work.contread00.contread0
Running optimization stage 1 on contRead00 .......
@N: CD630 :"C:\Users\Mau\Documents\Arqui\practicas\Segundo Parcial\03-rom00\rom0\source\osc00.vhdl":7:7:7:11|Synthesizing work.osc00.osc0.
@N: CD630 :"C:\Users\Mau\Documents\Arqui\practicas\Segundo Parcial\03-rom00\rom0\source\div00.vhdl":8:7:8:11|Synthesizing work.div00.div0.
@N: CD364 :"C:\Users\Mau\Documents\Arqui\practicas\Segundo Parcial\03-rom00\rom0\source\div00.vhdl":29:6:29:11|Removing redundant assignment.
@N: CD364 :"C:\Users\Mau\Documents\Arqui\practicas\Segundo Parcial\03-rom00\rom0\source\div00.vhdl":37:6:37:11|Removing redundant assignment.
@N: CD364 :"C:\Users\Mau\Documents\Arqui\practicas\Segundo Parcial\03-rom00\rom0\source\div00.vhdl":45:6:45:11|Removing redundant assignment.
@N: CD364 :"C:\Users\Mau\Documents\Arqui\practicas\Segundo Parcial\03-rom00\rom0\source\div00.vhdl":53:6:53:11|Removing redundant assignment.
@N: CD364 :"C:\Users\Mau\Documents\Arqui\practicas\Segundo Parcial\03-rom00\rom0\source\div00.vhdl":61:6:61:11|Removing redundant assignment.
@N: CD364 :"C:\Users\Mau\Documents\Arqui\practicas\Segundo Parcial\03-rom00\rom0\source\div00.vhdl":69:6:69:11|Removing redundant assignment.
@N: CD364 :"C:\Users\Mau\Documents\Arqui\practicas\Segundo Parcial\03-rom00\rom0\source\div00.vhdl":77:6:77:11|Removing redundant assignment.
@N: CD364 :"C:\Users\Mau\Documents\Arqui\practicas\Segundo Parcial\03-rom00\rom0\source\div00.vhdl":85:6:85:11|Removing redundant assignment.
Post processing for work.div00.div0
Running optimization stage 1 on div00 .......
@N: CD630 :"C:\Users\Mau\Documents\Arqui\practicas\Segundo Parcial\03-rom00\rom0\source\oscint00.vhdl":6:7:6:14|Synthesizing work.oscint00.oscint0.
@W: CD326 :"C:\Users\Mau\Documents\Arqui\practicas\Segundo Parcial\03-rom00\rom0\source\oscint00.vhdl":24:0:24:7|Port sedstdby of entity work.osch is unconnected. If a port needs to remain unconnected, use the keyword open.
@N: CD630 :"C:\lscc\diamond\3.12\cae_library\synthesis\vhdl\machxo2.vhd":2291:10:2291:13|Synthesizing work.osch.syn_black_box.
Post processing for work.osch.syn_black_box
Post processing for work.oscint00.oscint0
Running optimization stage 1 on oscint00 .......
Post processing for work.osc00.osc0
Running optimization stage 1 on osc00 .......
Post processing for work.rom00.rom0
Running optimization stage 1 on rom00 .......
Running optimization stage 2 on oscint00 .......
Running optimization stage 2 on div00 .......
Running optimization stage 2 on osc00 .......
Running optimization stage 2 on contRead00 .......
@N: CL189 :"C:\Users\Mau\Documents\Arqui\practicas\Segundo Parcial\03-rom00\contRead.vhdl":21:2:21:3|Register bit outcr(5) is always 0.
@W: CL260 :"C:\Users\Mau\Documents\Arqui\practicas\Segundo Parcial\03-rom00\contRead.vhdl":21:2:21:3|Pruning register bit 5 of outcr(5 downto 0). If this is not the intended behavior, drive the input with valid values, or an input from the top level.
Running optimization stage 2 on memrom00 .......
Running optimization stage 2 on rom00 .......

For a summary of runtime and memory usage per design unit, please see file:
==========================================================
@L: C:\Users\Mau\Documents\Arqui\practicas\Segundo Parcial\03-rom00\rom0\synwork\layer0.rt.csv


At c_vhdl Exit (Real Time elapsed 0h:00m:01s; CPU Time elapsed 0h:00m:01s; Memory used current: 97MB peak: 99MB)

Process took 0h:00m:01s realtime, 0h:00m:01s cputime

Process completed successfully.
# Fri May 13 10:53:47 2022

###########################################################]
###########################################################[

Copyright (C) 1994-2020 Synopsys, Inc.
This Synopsys software and all associated documentation are proprietary to Synopsys, Inc.
and may only be used pursuant to the terms and conditions of a written license agreement
with Synopsys, Inc. All other use, reproduction, modification, or distribution of the
Synopsys software or the associated documentation is strictly prohibited.
Tool: Synplify Pro (R)
Build: Q-2020.03L-SP1
Install: C:\lscc\diamond\3.12\synpbase
OS: Windows 6.2

Hostname: UNKNOWN

Implementation : rom0
Synopsys Synopsys Netlist Linker, Version comp202003synp2, Build 182R, Built Oct 29 2020 10:49:53, @

@N|Running in 64-bit mode
File C:\Users\Mau\Documents\Arqui\practicas\Segundo Parcial\03-rom00\rom0\synwork\layer0.srs changed - recompiling

At syn_nfilter Exit (Real Time elapsed 0h:00m:00s; CPU Time elapsed 0h:00m:00s; Memory used current: 90MB peak: 90MB)

Process took 0h:00m:01s realtime, 0h:00m:01s cputime

Process completed successfully.
# Fri May 13 10:53:47 2022

###########################################################]

For a summary of runtime and memory usage for all design units, please see file:
==========================================================
@L: C:\Users\Mau\Documents\Arqui\practicas\Segundo Parcial\03-rom00\rom0\synwork\rom00_rom0_comp.rt.csv

@END

At c_hdl Exit (Real Time elapsed 0h:00m:01s; CPU Time elapsed 0h:00m:01s; Memory used current: 23MB peak: 23MB)

Process took 0h:00m:01s realtime, 0h:00m:01s cputime

Process completed successfully.
# Fri May 13 10:53:48 2022

###########################################################]
###########################################################[

Copyright (C) 1994-2020 Synopsys, Inc.
This Synopsys software and all associated documentation are proprietary to Synopsys, Inc.
and may only be used pursuant to the terms and conditions of a written license agreement
with Synopsys, Inc. All other use, reproduction, modification, or distribution of the
Synopsys software or the associated documentation is strictly prohibited.
Tool: Synplify Pro (R)
Build: Q-2020.03L-SP1
Install: C:\lscc\diamond\3.12\synpbase
OS: Windows 6.2

Hostname: UNKNOWN

Implementation : rom0
Synopsys Synopsys Netlist Linker, Version comp202003synp2, Build 182R, Built Oct 29 2020 10:49:53, @

@N|Running in 64-bit mode
File C:\Users\Mau\Documents\Arqui\practicas\Segundo Parcial\03-rom00\rom0\synwork\rom00_rom0_comp.srs changed - recompiling

At syn_nfilter Exit (Real Time elapsed 0h:00m:00s; CPU Time elapsed 0h:00m:00s; Memory used current: 90MB peak: 90MB)

Process took 0h:00m:01s realtime, 0h:00m:01s cputime

Process completed successfully.
# Fri May 13 10:53:49 2022

###########################################################]
Premap Report

# Fri May 13 10:53:49 2022


Copyright (C) 1994-2020 Synopsys, Inc.
This Synopsys software and all associated documentation are proprietary to Synopsys, Inc.
and may only be used pursuant to the terms and conditions of a written license agreement
with Synopsys, Inc. All other use, reproduction, modification, or distribution of the
Synopsys software or the associated documentation is strictly prohibited.
Tool: Synplify Pro (R)
Build: Q-2020.03L-SP1
Install: C:\lscc\diamond\3.12\synpbase
OS: Windows 6.2

Hostname: UNKNOWN

Implementation : rom0
Synopsys Lattice Technology Pre-mapping, Version map202003lat, Build 172R, Built Nov  2 2020 09:31:45, @


Mapper Startup Complete (Real Time elapsed 0h:00m:00s; CPU Time elapsed 0h:00m:00s; Memory used current: 117MB peak: 117MB)

@A: MF827 |No constraint file specified.
@L: C:\Users\Mau\Documents\Arqui\practicas\Segundo Parcial\03-rom00\rom0\rom00_rom0_scck.rpt 
See clock summary report "C:\Users\Mau\Documents\Arqui\practicas\Segundo Parcial\03-rom00\rom0\rom00_rom0_scck.rpt"
@N: MF916 |Option synthesis_strategy=base is enabled. 
@N: MF248 |Running in 64-bit mode.
@N: MF666 |Clock conversion enabled. (Command "set_option -fix_gated_and_generated_clocks 1" in the project file.)

Design Input Complete (Real Time elapsed 0h:00m:00s; CPU Time elapsed 0h:00m:00s; Memory used current: 124MB peak: 128MB)


Mapper Initialization Complete (Real Time elapsed 0h:00m:00s; CPU Time elapsed 0h:00m:00s; Memory used current: 124MB peak: 128MB)


Start loading timing files (Real Time elapsed 0h:00m:00s; CPU Time elapsed 0h:00m:00s; Memory used current: 137MB peak: 137MB)


Finished loading timing files (Real Time elapsed 0h:00m:00s; CPU Time elapsed 0h:00m:00s; Memory used current: 137MB peak: 139MB)


Starting clock optimization phase (Real Time elapsed 0h:00m:00s; CPU Time elapsed 0h:00m:00s; Memory used current: 169MB peak: 169MB)


Finished clock optimization phase (Real Time elapsed 0h:00m:00s; CPU Time elapsed 0h:00m:00s; Memory used current: 169MB peak: 169MB)


Starting clock optimization report phase (Real Time elapsed 0h:00m:00s; CPU Time elapsed 0h:00m:00s; Memory used current: 169MB peak: 169MB)


Finished clock optimization report phase (Real Time elapsed 0h:00m:00s; CPU Time elapsed 0h:00m:00s; Memory used current: 169MB peak: 169MB)

@N: FX1184 |Applying syn_allowed_resources blockrams=26 on top level netlist rom00 

Finished netlist restructuring (Real Time elapsed 0h:00m:00s; CPU Time elapsed 0h:00m:00s; Memory used current: 169MB peak: 170MB)



Clock Summary
******************

          Start                               Requested     Requested     Clock                                              Clock                   Clock
Level     Clock                               Frequency     Period        Type                                               Group                   Load 
----------------------------------------------------------------------------------------------------------------------------------------------------------
0 -       oscint00|osc_int_inferred_clock     2.1 MHz       480.769       inferred                                           Inferred_clkgroup_0     22   
1 .         div00|outdiv_derived_clock        2.1 MHz       480.769       derived (from oscint00|osc_int_inferred_clock)     Inferred_clkgroup_0     12   
==========================================================================================================================================================



Clock Load Summary
***********************

                                    Clock     Source                          Clock Pin             Non-clock Pin     Non-clock Pin
Clock                               Load      Pin                             Seq Example           Seq Example       Comb Example 
-----------------------------------------------------------------------------------------------------------------------------------
oscint00|osc_int_inferred_clock     22        RO00.D00.OSCInst0.OSC(OSCH)     RO00.D01.outdiv.C     -                 -            
div00|outdiv_derived_clock          12        RO00.D01.outdiv.Q[0](dffe)      RO02.outro[6:0].C     -                 -            
===================================================================================================================================

@W: MT529 :"c:\users\mau\documents\arqui\practicas\segundo parcial\03-rom00\rom0\source\div00.vhdl":21:2:21:3|Found inferred clock oscint00|osc_int_inferred_clock which controls 22 sequential elements including RO00.D01.sdiv[20:0]. This clock has no specified timing constraint which may prevent conversion of gated or generated clocks and may adversely impact design performance. 

ICG Latch Removal Summary:
Number of ICG latches removed: 0
Number of ICG latches not removed:	0


@S |Clock Optimization Summary



#### START OF PREMAP CLOCK OPTIMIZATION REPORT #####[

1 non-gated/non-generated clock tree(s) driving 22 clock pin(s) of sequential element(s)
1 gated/generated clock tree(s) driving 12 clock pin(s) of sequential element(s)
0 instances converted, 12 sequential instances remain driven by gated/generated clocks

================================ Non-Gated/Non-Generated Clocks =================================
Clock Tree ID     Driving Element           Drive Element Type     Fanout     Sample Instance    
-------------------------------------------------------------------------------------------------
@KP:ckid0_2       RO00.D00.OSCInst0.OSC     OSCH                   22         RO00.D01.sdiv[20:0]
=================================================================================================
=============================================================== Gated/Generated Clocks ================================================================
Clock Tree ID     Driving Element          Drive Element Type     Unconverted Fanout     Sample Instance     Explanation                               
-------------------------------------------------------------------------------------------------------------------------------------------------------
@KP:ckid0_0       RO00.D01.outdiv.Q[0]     dffe                   12                     RO02.outro[6:0]     Derived clock on input (not legal for GCC)
=======================================================================================================================================================


##### END OF CLOCK OPTIMIZATION REPORT ######

@N: FX1143 |Skipping assigning INTERNAL_VREF to iobanks, because the table of mapping from pin to iobank is not initialized.
Finished Pre Mapping Phase.

Starting constraint checker (Real Time elapsed 0h:00m:01s; CPU Time elapsed 0h:00m:01s; Memory used current: 170MB peak: 170MB)


Finished constraint checker preprocessing (Real Time elapsed 0h:00m:01s; CPU Time elapsed 0h:00m:01s; Memory used current: 170MB peak: 170MB)


Finished constraint checker (Real Time elapsed 0h:00m:01s; CPU Time elapsed 0h:00m:01s; Memory used current: 171MB peak: 171MB)

Pre-mapping successful!

At Mapper Exit (Real Time elapsed 0h:00m:01s; CPU Time elapsed 0h:00m:01s; Memory used current: 91MB peak: 172MB)

Process took 0h:00m:01s realtime, 0h:00m:01s cputime
# Fri May 13 10:53:51 2022

###########################################################]
Map & Optimize Report

# Fri May 13 10:53:51 2022


Copyright (C) 1994-2020 Synopsys, Inc.
This Synopsys software and all associated documentation are proprietary to Synopsys, Inc.
and may only be used pursuant to the terms and conditions of a written license agreement
with Synopsys, Inc. All other use, reproduction, modification, or distribution of the
Synopsys software or the associated documentation is strictly prohibited.
Tool: Synplify Pro (R)
Build: Q-2020.03L-SP1
Install: C:\lscc\diamond\3.12\synpbase
OS: Windows 6.2

Hostname: UNKNOWN

Implementation : rom0
Synopsys Lattice Technology Mapper, Version map202003lat, Build 172R, Built Nov  2 2020 09:31:45, @


Mapper Startup Complete (Real Time elapsed 0h:00m:00s; CPU Time elapsed 0h:00m:00s; Memory used current: 117MB peak: 117MB)

@N: MF916 |Option synthesis_strategy=base is enabled. 
@N: MF248 |Running in 64-bit mode.
@N: MF666 |Clock conversion enabled. (Command "set_option -fix_gated_and_generated_clocks 1" in the project file.)

Design Input Complete (Real Time elapsed 0h:00m:00s; CPU Time elapsed 0h:00m:00s; Memory used current: 118MB peak: 128MB)


Mapper Initialization Complete (Real Time elapsed 0h:00m:00s; CPU Time elapsed 0h:00m:00s; Memory used current: 119MB peak: 128MB)


Start loading timing files (Real Time elapsed 0h:00m:00s; CPU Time elapsed 0h:00m:00s; Memory used current: 132MB peak: 132MB)


Finished loading timing files (Real Time elapsed 0h:00m:00s; CPU Time elapsed 0h:00m:00s; Memory used current: 134MB peak: 136MB)



Starting Optimization and Mapping (Real Time elapsed 0h:00m:00s; CPU Time elapsed 0h:00m:00s; Memory used current: 166MB peak: 166MB)


Available hyper_sources - for debug and ip models
	None Found

@W: FA239 :"c:\users\mau\documents\arqui\practicas\segundo parcial\03-rom00\memrom.vhdl":46:12:46:18|ROM prom\.outro_2[6:0] (in view: work.memrom00(memrom0)) mapped in logic. To map to a technology ROM, apply attribute syn_romstyle on this instance.
@N: MO106 :"c:\users\mau\documents\arqui\practicas\segundo parcial\03-rom00\memrom.vhdl":46:12:46:18|Found ROM prom\.outro_2[6:0] (in view: work.memrom00(memrom0)) with 32 words by 7 bits.

Finished RTL optimizations (Real Time elapsed 0h:00m:00s; CPU Time elapsed 0h:00m:00s; Memory used current: 171MB peak: 171MB)


Starting factoring (Real Time elapsed 0h:00m:00s; CPU Time elapsed 0h:00m:00s; Memory used current: 171MB peak: 171MB)


Finished factoring (Real Time elapsed 0h:00m:00s; CPU Time elapsed 0h:00m:01s; Memory used current: 173MB peak: 173MB)


Finished generic timing optimizations - Pass 1 (Real Time elapsed 0h:00m:01s; CPU Time elapsed 0h:00m:01s; Memory used current: 175MB peak: 175MB)


Starting Early Timing Optimization (Real Time elapsed 0h:00m:01s; CPU Time elapsed 0h:00m:01s; Memory used current: 175MB peak: 175MB)


Finished Early Timing Optimization (Real Time elapsed 0h:00m:01s; CPU Time elapsed 0h:00m:01s; Memory used current: 175MB peak: 175MB)


Finished generic timing optimizations - Pass 2 (Real Time elapsed 0h:00m:01s; CPU Time elapsed 0h:00m:01s; Memory used current: 175MB peak: 175MB)


Finished preparing to map (Real Time elapsed 0h:00m:01s; CPU Time elapsed 0h:00m:01s; Memory used current: 175MB peak: 175MB)


Finished technology mapping (Real Time elapsed 0h:00m:01s; CPU Time elapsed 0h:00m:01s; Memory used current: 180MB peak: 180MB)

Pass		 CPU time		Worst Slack		Luts / Registers
------------------------------------------------------------
   1		0h:00m:01s		   468.35ns		  76 /        34

Finished technology timing optimizations and critical path resynthesis (Real Time elapsed 0h:00m:01s; CPU Time elapsed 0h:00m:01s; Memory used current: 180MB peak: 180MB)

@N: FX164 |The option to pack registers in the IOB has not been specified. Please set syn_useioff attribute.  

Finished restoring hierarchy (Real Time elapsed 0h:00m:01s; CPU Time elapsed 0h:00m:01s; Memory used current: 180MB peak: 180MB)


Start Writing Netlists (Real Time elapsed 0h:00m:01s; CPU Time elapsed 0h:00m:01s; Memory used current: 145MB peak: 180MB)

Writing Analyst data base C:\Users\Mau\Documents\Arqui\practicas\Segundo Parcial\03-rom00\rom0\synwork\rom00_rom0_m.srm

Finished Writing Netlist Databases (Real Time elapsed 0h:00m:02s; CPU Time elapsed 0h:00m:02s; Memory used current: 180MB peak: 180MB)

Writing EDIF Netlist and constraint files
@N: FX1056 |Writing EDF file: C:\Users\Mau\Documents\Arqui\practicas\Segundo Parcial\03-rom00\rom0\rom00_rom0.edi
@N: BW106 |Synplicity Constraint File capacitance units using default value of 1pF 

Finished Writing EDIF Netlist and constraint files (Real Time elapsed 0h:00m:02s; CPU Time elapsed 0h:00m:02s; Memory used current: 185MB peak: 185MB)


Start final timing analysis (Real Time elapsed 0h:00m:03s; CPU Time elapsed 0h:00m:03s; Memory used current: 184MB peak: 185MB)

@W: MT420 |Found inferred clock oscint00|osc_int_inferred_clock with period 480.77ns. Please declare a user-defined clock on net RO00.D00.sclk.
@N: MT615 |Found clock div00|outdiv_derived_clock with period 480.77ns 


##### START OF TIMING REPORT #####[
# Timing report written on Fri May 13 10:53:54 2022
#


Top view:               rom00
Requested Frequency:    2.1 MHz
Wire load mode:         top
Paths requested:        5
Constraint File(s):    
@N: MT320 |This timing report is an estimate of place and route data. For final timing results, use the FPGA vendor place and route report.

@N: MT322 |Clock constraints include only register-to-register paths associated with each individual clock.



Performance Summary
*******************


Worst slack in design: 466.579

                                    Requested     Estimated     Requested     Estimated                 Clock                                              Clock              
Starting Clock                      Frequency     Frequency     Period        Period        Slack       Type                                               Group              
------------------------------------------------------------------------------------------------------------------------------------------------------------------------------
div00|outdiv_derived_clock          2.1 MHz       498.0 MHz     480.769       2.008         957.523     derived (from oscint00|osc_int_inferred_clock)     Inferred_clkgroup_0
oscint00|osc_int_inferred_clock     2.1 MHz       70.5 MHz      480.769       14.191        466.579     inferred                                           Inferred_clkgroup_0
==============================================================================================================================================================================





Clock Relationships
*******************

Clocks                                                            |    rise  to  rise     |    fall  to  fall   |    rise  to  fall   |    fall  to  rise 
----------------------------------------------------------------------------------------------------------------------------------------------------------
Starting                         Ending                           |  constraint  slack    |  constraint  slack  |  constraint  slack  |  constraint  slack
----------------------------------------------------------------------------------------------------------------------------------------------------------
oscint00|osc_int_inferred_clock  oscint00|osc_int_inferred_clock  |  480.769     466.579  |  No paths    -      |  No paths    -      |  No paths    -    
div00|outdiv_derived_clock       div00|outdiv_derived_clock       |  480.769     957.523  |  No paths    -      |  No paths    -      |  No paths    -    
==========================================================================================================================================================
 Note: 'No paths' indicates there are no paths in the design for that pair of clock edges.
       'Diff grp' indicates that paths exist but the starting clock and ending clock are in different clock groups.



Interface Information 
*********************

No IO constraint found



====================================
Detailed Report for Clock: div00|outdiv_derived_clock
====================================



Starting Points with Worst Slack
********************************

                    Starting                                                           Arrival            
Instance            Reference                      Type        Pin     Net             Time        Slack  
                    Clock                                                                                 
----------------------------------------------------------------------------------------------------------
RO01.outcr_1[2]     div00|outdiv_derived_clock     FD1S3IX     Q       outcr0_c[2]     1.252       957.523
RO01.outcr_1[3]     div00|outdiv_derived_clock     FD1S3IX     Q       outcr0_c[3]     1.252       957.523
RO01.outcr_1[0]     div00|outdiv_derived_clock     FD1S3IX     Q       outcr0_c[0]     1.268       958.563
RO01.outcr_1[1]     div00|outdiv_derived_clock     FD1S3IX     Q       outcr0_c[1]     1.256       958.575
RO01.outcr_1[4]     div00|outdiv_derived_clock     FD1S3IX     Q       outcr0_c[4]     1.252       958.670
==========================================================================================================


Ending Points with Worst Slack
******************************

                    Starting                                                                   Required            
Instance            Reference                      Type         Pin     Net                    Time         Slack  
                    Clock                                                                                          
-------------------------------------------------------------------------------------------------------------------
RO02_outroio[0]     div00|outdiv_derived_clock     OFS1P3IX     D       RO02.N_10_i            961.433      957.523
RO02_outroio[1]     div00|outdiv_derived_clock     OFS1P3IX     D       RO02.N_12_i            961.433      958.539
RO02_outroio[4]     div00|outdiv_derived_clock     OFS1P3IX     D       RO02.N_18_i            961.433      958.539
RO02_outroio[6]     div00|outdiv_derived_clock     OFS1P3IX     D       RO02.N_22_i            961.433      958.539
RO02_outroio[5]     div00|outdiv_derived_clock     OFS1P3IX     D       RO02.N_20_i            961.433      958.639
RO01.outcr_1[3]     div00|outdiv_derived_clock     FD1S3IX      D       un1_outcr_1_axbxc3     961.627      958.654
RO01.outcr_1[4]     div00|outdiv_derived_clock     FD1S3IX      D       un1_outcr_1_axbxc4     961.627      958.654
RO02_outroio[2]     div00|outdiv_derived_clock     OFS1P3IX     D       RO02.N_14_i            961.433      958.699
RO02_outroio[3]     div00|outdiv_derived_clock     OFS1P3IX     D       RO02.N_16_i            961.433      958.934
RO01.outcr_1[0]     div00|outdiv_derived_clock     FD1S3IX      D       un1_outcr_1_axbxc0     961.627      959.743
===================================================================================================================



Worst Path Information
***********************


Path information for path number 1: 
      Requested Period:                      961.538
    - Setup time:                            0.106
    + Clock delay at ending point:           0.000 (ideal)
    = Required time:                         961.433

    - Propagation time:                      3.910
    - Clock delay at starting point:         0.000 (ideal)
    = Slack (non-critical) :                 957.523

    Number of logic level(s):                3
    Starting point:                          RO01.outcr_1[2] / Q
    Ending point:                            RO02_outroio[0] / D
    The start point is clocked by            div00|outdiv_derived_clock [rising] (rise=0.000 fall=240.385 period=480.769) on pin CK
    The end   point is clocked by            div00|outdiv_derived_clock [rising] (rise=0.000 fall=240.385 period=480.769) on pin SCLK
    -Timing constraint applied as multi cycle path with factor 2 (from c:div00|outdiv_derived_clock to c:div00|outdiv_derived_clock)

Instance / Net                                     Pin      Pin               Arrival     No. of    
Name                                  Type         Name     Dir     Delay     Time        Fan Out(s)
----------------------------------------------------------------------------------------------------
RO01.outcr_1[2]                       FD1S3IX      Q        Out     1.252     1.252 r     -         
outcr0_c[2]                           Net          -        -       -         -           13        
RO02.prom\.outro_2_i_a2[0]            ORCALUT4     A        In      0.000     1.252 r     -         
RO02.prom\.outro_2_i_a2[0]            ORCALUT4     Z        Out     1.193     2.445 r     -         
N_56                                  Net          -        -       -         -           4         
RO02.prom\.outro_2_i_0[0]             ORCALUT4     A        In      0.000     2.445 r     -         
RO02.prom\.outro_2_i_0[0]             ORCALUT4     Z        Out     1.017     3.461 r     -         
outro_2_i_0[0]                        Net          -        -       -         -           1         
RO02.prom\.outro_2_i_0_RNIELUN[0]     ORCALUT4     C        In      0.000     3.461 r     -         
RO02.prom\.outro_2_i_0_RNIELUN[0]     ORCALUT4     Z        Out     0.449     3.910 f     -         
N_10_i                                Net          -        -       -         -           1         
RO02_outroio[0]                       OFS1P3IX     D        In      0.000     3.910 f     -         
====================================================================================================




====================================
Detailed Report for Clock: oscint00|osc_int_inferred_clock
====================================



Starting Points with Worst Slack
********************************

                      Starting                                                             Arrival            
Instance              Reference                           Type        Pin     Net          Time        Slack  
                      Clock                                                                                   
--------------------------------------------------------------------------------------------------------------
RO00.D01.sdiv[0]      oscint00|osc_int_inferred_clock     FD1S3IX     Q       sdiv[0]      1.044       466.579
RO00.D01.sdiv[1]      oscint00|osc_int_inferred_clock     FD1S3IX     Q       sdiv[1]      1.044       466.579
RO00.D01.sdiv[2]      oscint00|osc_int_inferred_clock     FD1S3IX     Q       sdiv[2]      1.044       466.579
RO00.D01.sdiv[3]      oscint00|osc_int_inferred_clock     FD1S3IX     Q       sdiv[3]      1.044       466.579
RO00.D01.sdiv[6]      oscint00|osc_int_inferred_clock     FD1S3IX     Q       sdiv[6]      1.044       466.579
RO00.D01.sdiv[7]      oscint00|osc_int_inferred_clock     FD1S3IX     Q       sdiv[7]      1.044       466.579
RO00.D01.sdiv[8]      oscint00|osc_int_inferred_clock     FD1S3IX     Q       sdiv[8]      1.108       467.563
RO00.D01.sdiv[9]      oscint00|osc_int_inferred_clock     FD1S3IX     Q       sdiv[9]      1.108       467.563
RO00.D01.sdiv[10]     oscint00|osc_int_inferred_clock     FD1S3IX     Q       sdiv[10]     1.108       467.563
RO00.D01.sdiv[11]     oscint00|osc_int_inferred_clock     FD1S3IX     Q       sdiv[11]     1.108       467.563
==============================================================================================================


Ending Points with Worst Slack
******************************

                      Starting                                                                Required            
Instance              Reference                           Type        Pin     Net             Time         Slack  
                      Clock                                                                                       
------------------------------------------------------------------------------------------------------------------
RO00.D01.sdiv[19]     oscint00|osc_int_inferred_clock     FD1S3IX     D       sdiv_11[19]     480.664      466.579
RO00.D01.sdiv[20]     oscint00|osc_int_inferred_clock     FD1S3IX     D       sdiv_11[20]     480.664      466.579
RO00.D01.sdiv[17]     oscint00|osc_int_inferred_clock     FD1S3IX     D       sdiv_11[17]     480.664      466.721
RO00.D01.sdiv[18]     oscint00|osc_int_inferred_clock     FD1S3IX     D       sdiv_11[18]     480.664      466.721
RO00.D01.sdiv[15]     oscint00|osc_int_inferred_clock     FD1S3IX     D       sdiv_11[15]     480.664      466.864
RO00.D01.sdiv[16]     oscint00|osc_int_inferred_clock     FD1S3IX     D       sdiv_11[16]     480.664      466.864
RO00.D01.sdiv[13]     oscint00|osc_int_inferred_clock     FD1S3IX     D       sdiv_11[13]     480.664      467.007
RO00.D01.sdiv[14]     oscint00|osc_int_inferred_clock     FD1S3IX     D       sdiv_11[14]     480.664      467.007
RO00.D01.sdiv[11]     oscint00|osc_int_inferred_clock     FD1S3IX     D       sdiv_11[11]     480.664      467.150
RO00.D01.sdiv[12]     oscint00|osc_int_inferred_clock     FD1S3IX     D       sdiv_11[12]     480.664      467.150
==================================================================================================================



Worst Path Information
***********************


Path information for path number 1: 
      Requested Period:                      480.769
    - Setup time:                            0.106
    + Clock delay at ending point:           0.000 (ideal)
    = Required time:                         480.664

    - Propagation time:                      14.085
    - Clock delay at starting point:         0.000 (ideal)
    = Slack (critical) :                     466.579

    Number of logic level(s):                19
    Starting point:                          RO00.D01.sdiv[0] / Q
    Ending point:                            RO00.D01.sdiv[20] / D
    The start point is clocked by            oscint00|osc_int_inferred_clock [rising] (rise=0.000 fall=240.385 period=480.769) on pin CK
    The end   point is clocked by            oscint00|osc_int_inferred_clock [rising] (rise=0.000 fall=240.385 period=480.769) on pin CK

Instance / Net                                        Pin      Pin               Arrival      No. of    
Name                                     Type         Name     Dir     Delay     Time         Fan Out(s)
--------------------------------------------------------------------------------------------------------
RO00.D01.sdiv[0]                         FD1S3IX      Q        Out     1.044     1.044 r      -         
sdiv[0]                                  Net          -        -       -         -            2         
RO00.D01.pdiv\.sdiv15lto18_i_a2_15_4     ORCALUT4     A        In      0.000     1.044 r      -         
RO00.D01.pdiv\.sdiv15lto18_i_a2_15_4     ORCALUT4     Z        Out     1.017     2.061 f      -         
sdiv15lto18_i_a2_15_4                    Net          -        -       -         -            1         
RO00.D01.pdiv\.sdiv15lto18_i_a2_15       ORCALUT4     B        In      0.000     2.061 f      -         
RO00.D01.pdiv\.sdiv15lto18_i_a2_15       ORCALUT4     Z        Out     1.225     3.285 f      -         
N_24_8                                   Net          -        -       -         -            5         
RO00.D01.pdiv\.sdiv15lto18_i_a2_17       ORCALUT4     B        In      0.000     3.285 f      -         
RO00.D01.pdiv\.sdiv15lto18_i_a2_17       ORCALUT4     Z        Out     1.193     4.478 f      -         
N_3_18                                   Net          -        -       -         -            4         
RO00.D01.pdiv\.sdiv15lto19               ORCALUT4     A        In      0.000     4.478 f      -         
RO00.D01.pdiv\.sdiv15lto19               ORCALUT4     Z        Out     1.017     5.495 r      -         
sdiv15lt20                               Net          -        -       -         -            1         
RO00.D01.outdiv_0_sqmuxa_1               ORCALUT4     A        In      0.000     5.495 r      -         
RO00.D01.outdiv_0_sqmuxa_1               ORCALUT4     Z        Out     1.089     6.584 r      -         
outdiv_0_sqmuxa_1                        Net          -        -       -         -            2         
RO00.D01.un1_sdiv69_3                    ORCALUT4     A        In      0.000     6.584 r      -         
RO00.D01.un1_sdiv69_3                    ORCALUT4     Z        Out     1.017     7.601 r      -         
un1_sdiv69_3                             Net          -        -       -         -            1         
RO00.D01.un1_sdiv69_5                    ORCALUT4     D        In      0.000     7.601 r      -         
RO00.D01.un1_sdiv69_5                    ORCALUT4     Z        Out     1.089     8.689 r      -         
un1_sdiv69_5                             Net          -        -       -         -            2         
RO00.D01.un1_sdiv69_i                    ORCALUT4     B        In      0.000     8.689 r      -         
RO00.D01.un1_sdiv69_i                    ORCALUT4     Z        Out     1.017     9.706 f      -         
un1_sdiv69_i                             Net          -        -       -         -            1         
RO00.D01.un1_sdiv_cry_0_0                CCU2D        B0       In      0.000     9.706 f      -         
RO00.D01.un1_sdiv_cry_0_0                CCU2D        COUT     Out     1.544     11.251 r     -         
un1_sdiv_cry_0                           Net          -        -       -         -            1         
RO00.D01.un1_sdiv_cry_1_0                CCU2D        CIN      In      0.000     11.251 r     -         
RO00.D01.un1_sdiv_cry_1_0                CCU2D        COUT     Out     0.143     11.393 r     -         
un1_sdiv_cry_2                           Net          -        -       -         -            1         
RO00.D01.un1_sdiv_cry_3_0                CCU2D        CIN      In      0.000     11.393 r     -         
RO00.D01.un1_sdiv_cry_3_0                CCU2D        COUT     Out     0.143     11.536 r     -         
un1_sdiv_cry_4                           Net          -        -       -         -            1         
RO00.D01.un1_sdiv_cry_5_0                CCU2D        CIN      In      0.000     11.536 r     -         
RO00.D01.un1_sdiv_cry_5_0                CCU2D        COUT     Out     0.143     11.679 r     -         
un1_sdiv_cry_6                           Net          -        -       -         -            1         
RO00.D01.un1_sdiv_cry_7_0                CCU2D        CIN      In      0.000     11.679 r     -         
RO00.D01.un1_sdiv_cry_7_0                CCU2D        COUT     Out     0.143     11.822 r     -         
un1_sdiv_cry_8                           Net          -        -       -         -            1         
RO00.D01.un1_sdiv_cry_9_0                CCU2D        CIN      In      0.000     11.822 r     -         
RO00.D01.un1_sdiv_cry_9_0                CCU2D        COUT     Out     0.143     11.965 r     -         
un1_sdiv_cry_10                          Net          -        -       -         -            1         
RO00.D01.un1_sdiv_cry_11_0               CCU2D        CIN      In      0.000     11.965 r     -         
RO00.D01.un1_sdiv_cry_11_0               CCU2D        COUT     Out     0.143     12.107 r     -         
un1_sdiv_cry_12                          Net          -        -       -         -            1         
RO00.D01.un1_sdiv_cry_13_0               CCU2D        CIN      In      0.000     12.107 r     -         
RO00.D01.un1_sdiv_cry_13_0               CCU2D        COUT     Out     0.143     12.250 r     -         
un1_sdiv_cry_14                          Net          -        -       -         -            1         
RO00.D01.un1_sdiv_cry_15_0               CCU2D        CIN      In      0.000     12.250 r     -         
RO00.D01.un1_sdiv_cry_15_0               CCU2D        COUT     Out     0.143     12.393 r     -         
un1_sdiv_cry_16                          Net          -        -       -         -            1         
RO00.D01.un1_sdiv_cry_17_0               CCU2D        CIN      In      0.000     12.393 r     -         
RO00.D01.un1_sdiv_cry_17_0               CCU2D        COUT     Out     0.143     12.536 r     -         
un1_sdiv_cry_18                          Net          -        -       -         -            1         
RO00.D01.un1_sdiv_cry_19_0               CCU2D        CIN      In      0.000     12.536 r     -         
RO00.D01.un1_sdiv_cry_19_0               CCU2D        S1       Out     1.549     14.085 r     -         
sdiv_11[20]                              Net          -        -       -         -            1         
RO00.D01.sdiv[20]                        FD1S3IX      D        In      0.000     14.085 r     -         
========================================================================================================



##### END OF TIMING REPORT #####]

Timing exceptions that could not be applied

Finished final timing analysis (Real Time elapsed 0h:00m:03s; CPU Time elapsed 0h:00m:03s; Memory used current: 185MB peak: 185MB)


Finished timing report (Real Time elapsed 0h:00m:03s; CPU Time elapsed 0h:00m:03s; Memory used current: 185MB peak: 185MB)

---------------------------------------
Resource Usage Report
Part: lcmxo2_7000he-5

Register bits: 34 of 6864 (0%)
PIC Latch:       0
I/O cells:       24


Details:
CCU2D:          11
FD1S3AX:        1
FD1S3IX:        26
GSR:            1
IB:             6
INV:            1
OB:             18
OFS1P3IX:       7
ORCALUT4:       73
OSCH:           1
PFUMX:          1
PUR:            1
VHI:            3
VLO:            5
Mapper successful!

At Mapper Exit (Real Time elapsed 0h:00m:03s; CPU Time elapsed 0h:00m:03s; Memory used current: 63MB peak: 185MB)

Process took 0h:00m:03s realtime, 0h:00m:03s cputime
# Fri May 13 10:53:54 2022

###########################################################]


Synthesis exit by 0.

edif2ngd  -l "MachXO2" -d LCMXO2-7000HE -path "C:/Users/Mau/Documents/Arqui/practicas/Segundo Parcial/03-rom00/rom0" -path "C:/Users/Mau/Documents/Arqui/practicas/Segundo Parcial/03-rom00"   "C:/Users/Mau/Documents/Arqui/practicas/Segundo Parcial/03-rom00/rom0/rom00_rom0.edi" "rom00_rom0.ngo"   
edif2ngd:  version Diamond (64-bit) 3.12.0.240.2

Copyright (c) 1991-1994 by NeoCAD Inc. All rights reserved.
Copyright (c) 1995 AT&T Corp.   All rights reserved.
Copyright (c) 1995-2001 Lucent Technologies Inc.  All rights reserved.
Copyright (c) 2001 Agere Systems   All rights reserved.
Copyright (c) 2002-2020 Lattice Semiconductor Corporation,  All rights reserved.
Writing the design to rom00_rom0.ngo...

Total CPU Time: 0 secs  
Total REAL Time: 0 secs  
Peak Memory Usage: 10 MB


ngdbuild  -a "MachXO2" -d LCMXO2-7000HE  -p "C:/lscc/diamond/3.12/ispfpga/xo2c00/data"  -p "C:/Users/Mau/Documents/Arqui/practicas/Segundo Parcial/03-rom00/rom0" -p "C:/Users/Mau/Documents/Arqui/practicas/Segundo Parcial/03-rom00"  "rom00_rom0.ngo" "rom00_rom0.ngd"  	
ngdbuild:  version Diamond (64-bit) 3.12.0.240.2

Copyright (c) 1991-1994 by NeoCAD Inc. All rights reserved.
Copyright (c) 1995 AT&T Corp.   All rights reserved.
Copyright (c) 1995-2001 Lucent Technologies Inc.  All rights reserved.
Copyright (c) 2001 Agere Systems   All rights reserved.
Copyright (c) 2002-2020 Lattice Semiconductor Corporation,  All rights reserved.
Reading 'rom00_rom0.ngo' ...
Loading NGL library 'C:/lscc/diamond/3.12/ispfpga/xo2c00a/data/xo2alib.ngl'...
Loading NGL library 'C:/lscc/diamond/3.12/ispfpga/xo2c00/data/xo2clib.ngl'...
Loading NGL library 'C:/lscc/diamond/3.12/ispfpga/mg5g00/data/mg5glib.ngl'...
Loading NGL library 'C:/lscc/diamond/3.12/ispfpga/or5g00/data/orc5glib.ngl'...


Running DRC...

    <postMsg mid="1166052" type="Warning" dynamic="2" navigation="1" arg0="logical" arg1="RO00/D00/OSCInst0_SEDSTDBY" arg2="RO00/D00/OSCInst0_SEDSTDBY"  />
    <postMsg mid="1163101" type="Warning" dynamic="1" navigation="0" arg0="1"  />

Design Results:
    154 blocks expanded
Complete the first expansion.
Writing 'rom00_rom0.ngd' ...
Total CPU Time: 0 secs 
Total REAL Time: 0 secs 
Peak Memory Usage: 18 MB


map -a "MachXO2" -p LCMXO2-7000HE -t TQFP144 -s 5 -oc Commercial   "rom00_rom0.ngd" -o "rom00_rom0_map.ncd" -pr "rom00_rom0.prf" -mp "rom00_rom0.mrp" -lpf "C:/Users/Mau/Documents/Arqui/practicas/Segundo Parcial/03-rom00/rom0/rom00_rom0_synplify.lpf" -lpf "C:/Users/Mau/Documents/Arqui/practicas/Segundo Parcial/03-rom00/rom00.lpf"  -c 0           
map:  version Diamond (64-bit) 3.12.0.240.2

Copyright (c) 1991-1994 by NeoCAD Inc. All rights reserved.
Copyright (c) 1995 AT&T Corp.   All rights reserved.
Copyright (c) 1995-2001 Lucent Technologies Inc.  All rights reserved.
Copyright (c) 2001 Agere Systems   All rights reserved.
Copyright (c) 2002-2020 Lattice Semiconductor Corporation,  All rights reserved.
   Process the file: rom00_rom0.ngd
   Picdevice="LCMXO2-7000HE"

   Pictype="TQFP144"

   Picspeed=5

   Remove unused logic

   Do not produce over sized NCDs.

Part used: LCMXO2-7000HETQFP144, Performance used: 5.

Loading device for application map from file 'xo2c7000.nph' in environment: C:/lscc/diamond/3.12/ispfpga.
Package Status:                     Final          Version 1.39.

Running general design DRC...

Removing unused logic...

Optimizing...




Design Summary:
   Number of registers:     34 out of  7209 (0%)
      PFU registers:           27 out of  6864 (0%)
      PIO registers:            7 out of   345 (2%)
   Number of SLICEs:        49 out of  3432 (1%)
      SLICEs as Logic/ROM:     49 out of  3432 (1%)
      SLICEs as RAM:            0 out of  2574 (0%)
      SLICEs as Carry:         11 out of  3432 (0%)
   Number of LUT4s:         97 out of  6864 (1%)
      Number used as logic LUTs:         75
      Number used as distributed RAM:     0
      Number used as ripple logic:       22
      Number used as shift registers:     0
   Number of PIO sites used: 24 + 4(JTAG) out of 115 (24%)
   Number of block RAMs:  0 out of 26 (0%)
   Number of GSRs:        0 out of 1 (0%)
   EFB used :        No
   JTAG used :       No
   Readback used :   No
   Oscillator used : Yes
   Startup used :    No
   POR :             On
   Bandgap :         On
   Number of Power Controller:  0 out of 1 (0%)
   Number of Dynamic Bank Controller (BCINRD):  0 out of 6 (0%)
   Number of Dynamic Bank Controller (BCLVDSO):  0 out of 1 (0%)
   Number of DCCA:  0 out of 8 (0%)
   Number of DCMA:  0 out of 2 (0%)
   Number of PLLs:  0 out of 2 (0%)
   Number of DQSDLLs:  0 out of 2 (0%)
   Number of CLKDIVC:  0 out of 4 (0%)
   Number of ECLKSYNCA:  0 out of 4 (0%)
   Number of ECLKBRIDGECS:  0 out of 2 (0%)
   Notes:-
      1. Total number of LUT4s = (Number of logic LUT4s) + 2*(Number of distributed RAMs) + 2*(Number of ripple logic)
      2. Number of logic LUT4s does not include count of distributed RAM and ripple logic.
   Number of clocks:  2
     Net clk0_c: 10 loads, 10 rising, 0 falling (Driver: RO00/D01/outdiv )
     Net RO00/sclk: 12 loads, 12 rising, 0 falling (Driver: RO00/D00/OSCInst0 )
   Number of Clock Enables:  0
   Number of LSRs:  2
     Net RO00/D01/un1_sdiv69_4_RNIO6HR: 11 loads, 11 LSLICEs
     Net en0_c: 10 loads, 3 LSLICEs
   Number of nets driven by tri-state buffers:  0
   Top 10 highest fanout non-clock nets:
     Net outcr0_c[0]: 16 loads
     Net outcr0_c[1]: 14 loads
     Net outcr0_c[2]: 13 loads
     Net outcr0_c[3]: 13 loads
     Net outcr0_c[4]: 13 loads
     Net RO00/D01/un1_sdiv69_4_RNIO6HR: 11 loads
     Net en0_c: 10 loads
     Net RO00/D01/sdiv[18]: 7 loads
     Net RO00/D01/sdiv[20]: 7 loads
     Net RO00/D01/sdiv[16]: 6 loads
 

   Number of warnings:  0
   Number of errors:    0



Total CPU Time: 0 secs  
Total REAL Time: 0 secs  
Peak Memory Usage: 58 MB

Dumping design to file rom00_rom0_map.ncd.

mpartrce -p "rom00_rom0.p2t" -f "rom00_rom0.p3t" -tf "rom00_rom0.pt" "rom00_rom0_map.ncd" "rom00_rom0.ncd"

---- MParTrce Tool ----
Removing old design directory at request of -rem command line option to this program.
Running par. Please wait . . .

Lattice Place and Route Report for Design "rom00_rom0_map.ncd"
Fri May 13 10:53:57 2022

PAR: Place And Route Diamond (64-bit) 3.12.0.240.2.
Command Line: par -w -l 5 -i 6 -t 1 -c 0 -e 0 -gui -msgset "C:/Users/Mau/Documents/Arqui/practicas/Segundo Parcial/03-rom00/promote.xml" -exp parUseNBR=1:parCDP=0:parCDR=0:parPathBased=OFF:parASE=1 rom00_rom0_map.ncd rom00_rom0.dir/5_1.ncd rom00_rom0.prf
Preference file: rom00_rom0.prf.
Placement level-cost: 5-1.
Routing Iterations: 6

Loading design for application par from file rom00_rom0_map.ncd.
Design name: rom00
NCD version: 3.3
Vendor:      LATTICE
Device:      LCMXO2-7000HE
Package:     TQFP144
Performance: 5
Loading device for application par from file 'xo2c7000.nph' in environment: C:/lscc/diamond/3.12/ispfpga.
Package Status:                     Final          Version 1.39.
Performance Hardware Data Status:   Final          Version 34.4.
License checked out.


Ignore Preference Error(s):  True
Device utilization summary:

   PIO (prelim)   24+4(JTAG)/336     8% used
                  24+4(JTAG)/115     24% bonded
   IOLOGIC            7/336           2% used

   SLICE             49/3432          1% used

   OSC                1/1           100% used


Number of Signals: 147
Number of Connections: 380

Pin Constraint Summary:
   24 out of 24 pins locked (100% locked).

The following 2 signals are selected to use the primary clock routing resources:
    RO00/sclk (driver: RO00/D00/OSCInst0, clk load #: 12)
    clk0_c (driver: RO00/D01/SLICE_11, clk load #: 10)


The following 2 signals are selected to use the secondary clock routing resources:
    RO00/D01/un1_sdiv69_4_RNIO6HR (driver: RO00/D01/SLICE_18, clk load #: 0, sr load #: 11, ce load #: 0)
    en0_c (driver: en0, clk load #: 0, sr load #: 10, ce load #: 0)

    <postMsg mid="61061008" type="Warning" dynamic="5" navigation="0" arg0="en0_c" arg1="Secondary" arg2="en0" arg3="1" arg4="Secondary"  />
No signal is selected as Global Set/Reset.
Starting Placer Phase 0.

Finished Placer Phase 0.  REAL time: 0 secs 

Starting Placer Phase 1.
...................
Placer score = 21084.
Finished Placer Phase 1.  REAL time: 5 secs 

Starting Placer Phase 2.
.
Placer score =  21084
Finished Placer Phase 2.  REAL time: 5 secs 


------------------ Clock Report ------------------

Global Clock Resources:
  CLK_PIN    : 0 out of 8 (0%)
  General PIO: 1 out of 336 (0%)
  PLL        : 0 out of 2 (0%)
  DCM        : 0 out of 2 (0%)
  DCC        : 0 out of 8 (0%)

Global Clocks:
  PRIMARY "RO00/sclk" from OSC on comp "RO00/D00/OSCInst0" on site "OSC", clk load = 12
  PRIMARY "clk0_c" from Q0 on comp "RO00/D01/SLICE_11" on site "R2C19B", clk load = 10
  SECONDARY "RO00/D01/un1_sdiv69_4_RNIO6HR" from F0 on comp "RO00/D01/SLICE_18" on site "R14C18C", clk load = 0, ce load = 0, sr load = 11
  SECONDARY "en0_c" from comp "en0" on PIO site "1 (PL3A)", clk load = 0, ce load = 0, sr load = 10

  PRIMARY  : 2 out of 8 (25%)
  SECONDARY: 2 out of 8 (25%)

Edge Clocks:
  No edge clock selected.

--------------- End of Clock Report ---------------


I/O Usage Summary (final):
   24 + 4(JTAG) out of 336 (8.3%) PIO sites used.
   24 + 4(JTAG) out of 115 (24.3%) bonded PIO sites used.
   Number of PIO comps: 24; differential: 0.
   Number of Vref pins used: 0.

I/O Bank Usage Summary:
+----------+----------------+------------+-----------+
| I/O Bank | Usage          | Bank Vccio | Bank Vref |
+----------+----------------+------------+-----------+
| 0        | 0 / 28 (  0%)  | -          | -         |
| 1        | 17 / 29 ( 58%) | 2.5V       | -         |
| 2        | 1 / 29 (  3%)  | 2.5V       | -         |
| 3        | 0 / 9 (  0%)   | -          | -         |
| 4        | 2 / 10 ( 20%)  | 2.5V       | -         |
| 5        | 4 / 10 ( 40%)  | 2.5V       | -         |
+----------+----------------+------------+-----------+

Total placer CPU time: 5 secs 

Dumping design to file rom00_rom0.dir/5_1.ncd.

0 connections routed; 380 unrouted.
Starting router resource preassignment

Completed router resource preassignment. Real time: 6 secs 

Start NBR router at 10:54:03 05/13/22

*****************************************************************
Info: NBR allows conflicts(one node used by more than one signal)
      in the earlier iterations. In each iteration, it tries to  
      solve the conflicts while keeping the critical connections 
      routed as short as possible. The routing process is said to
      be completed when no conflicts exist and all connections   
      are routed.                                                
Note: NBR uses a different method to calculate timing slacks. The
      worst slack and total negative slack may not be the same as
      that in TRCE report. You should always run TRCE to verify  
      your design.                                               
*****************************************************************

Start NBR special constraint process at 10:54:04 05/13/22

Start NBR section for initial routing at 10:54:04 05/13/22
Level 4, iteration 1
6(0.00%) conflicts; 0(0.00%) untouched conn; 0 (nbr) score; 
Estimated worst slack/total negative slack<setup>: 463.135ns/0.000ns; real time: 7 secs 

Info: Initial congestion level at 75% usage is 0
Info: Initial congestion area  at 75% usage is 0 (0.00%)

Start NBR section for normal routing at 10:54:04 05/13/22
Level 4, iteration 1
4(0.00%) conflicts; 0(0.00%) untouched conn; 0 (nbr) score; 
Estimated worst slack/total negative slack<setup>: 463.135ns/0.000ns; real time: 7 secs 
Level 4, iteration 2
2(0.00%) conflicts; 0(0.00%) untouched conn; 0 (nbr) score; 
Estimated worst slack/total negative slack<setup>: 463.135ns/0.000ns; real time: 7 secs 
Level 4, iteration 3
2(0.00%) conflicts; 0(0.00%) untouched conn; 0 (nbr) score; 
Estimated worst slack/total negative slack<setup>: 463.032ns/0.000ns; real time: 7 secs 
Level 4, iteration 4
2(0.00%) conflicts; 0(0.00%) untouched conn; 0 (nbr) score; 
Estimated worst slack/total negative slack<setup>: 463.032ns/0.000ns; real time: 7 secs 
Level 4, iteration 5
0(0.00%) conflict; 0(0.00%) untouched conn; 0 (nbr) score; 
Estimated worst slack/total negative slack<setup>: 463.032ns/0.000ns; real time: 7 secs 

Start NBR section for setup/hold timing optimization with effort level 3 at 10:54:04 05/13/22

Start NBR section for re-routing at 10:54:04 05/13/22
Level 4, iteration 1
0(0.00%) conflict; 0(0.00%) untouched conn; 0 (nbr) score; 
Estimated worst slack/total negative slack<setup>: 463.032ns/0.000ns; real time: 7 secs 

Start NBR section for post-routing at 10:54:04 05/13/22

End NBR router with 0 unrouted connection

NBR Summary
-----------
  Number of unrouted connections : 0 (0.00%)
  Number of connections with timing violations : 0 (0.00%)
  Estimated worst slack<setup> : 463.032ns
  Timing score<setup> : 0
-----------
Notes: The timing info is calculated for SETUP only and all PAR_ADJs are ignored.



Total CPU time 8 secs 
Total REAL time: 8 secs 
Completely routed.
End of route.  380 routed (100.00%); 0 unrouted.

Hold time timing score: 0, hold timing errors: 0

Timing score: 0 

Dumping design to file rom00_rom0.dir/5_1.ncd.


PAR_SUMMARY::Run status = Completed
PAR_SUMMARY::Number of unrouted conns = 0
PAR_SUMMARY::Worst  slack<setup/<ns>> = 463.032
PAR_SUMMARY::Timing score<setup/<ns>> = 0.000
PAR_SUMMARY::Worst  slack<hold /<ns>> = 0.379
PAR_SUMMARY::Timing score<hold /<ns>> = 0.000
PAR_SUMMARY::Number of errors = 0

Total CPU  time to completion: 8 secs 
Total REAL time to completion: 8 secs 

par done!

Note: user must run 'Trace' for timing closure signoff.

Copyright (c) 1991-1994 by NeoCAD Inc. All rights reserved.
Copyright (c) 1995 AT&T Corp.   All rights reserved.
Copyright (c) 1995-2001 Lucent Technologies Inc.  All rights reserved.
Copyright (c) 2001 Agere Systems   All rights reserved.
Copyright (c) 2002-2020 Lattice Semiconductor Corporation,  All rights reserved.
Exiting par with exit code 0
Exiting mpartrce with exit code 0

trce -f "rom00_rom0.pt" -o "rom00_rom0.twr" "rom00_rom0.ncd" "rom00_rom0.prf"
trce:  version Diamond (64-bit) 3.12.0.240.2

Copyright (c) 1991-1994 by NeoCAD Inc. All rights reserved.
Copyright (c) 1995 AT&T Corp.   All rights reserved.
Copyright (c) 1995-2001 Lucent Technologies Inc.  All rights reserved.
Copyright (c) 2001 Agere Systems   All rights reserved.
Copyright (c) 2002-2020 Lattice Semiconductor Corporation,  All rights reserved.

Loading design for application trce from file rom00_rom0.ncd.
Design name: rom00
NCD version: 3.3
Vendor:      LATTICE
Device:      LCMXO2-7000HE
Package:     TQFP144
Performance: 5
Loading device for application trce from file 'xo2c7000.nph' in environment: C:/lscc/diamond/3.12/ispfpga.
Package Status:                     Final          Version 1.39.
Performance Hardware Data Status:   Final          Version 34.4.
Setup and Hold Report

--------------------------------------------------------------------------------
Lattice TRACE Report - Setup, Version Diamond (64-bit) 3.12.0.240.2
Fri May 13 10:54:05 2022

Copyright (c) 1991-1994 by NeoCAD Inc. All rights reserved.
Copyright (c) 1995 AT&T Corp.   All rights reserved.
Copyright (c) 1995-2001 Lucent Technologies Inc.  All rights reserved.
Copyright (c) 2001 Agere Systems   All rights reserved.
Copyright (c) 2002-2020 Lattice Semiconductor Corporation,  All rights reserved.

Report Information
------------------
Command line:    trce -v 10 -gt -sethld -sp 5 -sphld m -o rom00_rom0.twr -gui -msgset C:/Users/Mau/Documents/Arqui/practicas/Segundo Parcial/03-rom00/promote.xml rom00_rom0.ncd rom00_rom0.prf 
Design file:     rom00_rom0.ncd
Preference file: rom00_rom0.prf
Device,speed:    LCMXO2-7000HE,5
Report level:    verbose report, limited to 10 items per preference
--------------------------------------------------------------------------------

BLOCK ASYNCPATHS
BLOCK RESETPATHS
--------------------------------------------------------------------------------



Timing summary (Setup):
---------------

Timing errors: 0  Score: 0
Cumulative negative slack: 0

Constraints cover 5335 paths, 1 nets, and 323 connections (85.00% coverage)

--------------------------------------------------------------------------------
Lattice TRACE Report - Hold, Version Diamond (64-bit) 3.12.0.240.2
Fri May 13 10:54:06 2022

Copyright (c) 1991-1994 by NeoCAD Inc. All rights reserved.
Copyright (c) 1995 AT&T Corp.   All rights reserved.
Copyright (c) 1995-2001 Lucent Technologies Inc.  All rights reserved.
Copyright (c) 2001 Agere Systems   All rights reserved.
Copyright (c) 2002-2020 Lattice Semiconductor Corporation,  All rights reserved.

Report Information
------------------
Command line:    trce -v 10 -gt -sethld -sp 5 -sphld m -o rom00_rom0.twr -gui -msgset C:/Users/Mau/Documents/Arqui/practicas/Segundo Parcial/03-rom00/promote.xml rom00_rom0.ncd rom00_rom0.prf 
Design file:     rom00_rom0.ncd
Preference file: rom00_rom0.prf
Device,speed:    LCMXO2-7000HE,m
Report level:    verbose report, limited to 10 items per preference
--------------------------------------------------------------------------------

BLOCK ASYNCPATHS
BLOCK RESETPATHS
--------------------------------------------------------------------------------



Timing summary (Hold):
---------------

Timing errors: 0  Score: 0
Cumulative negative slack: 0

Constraints cover 5335 paths, 1 nets, and 323 connections (85.00% coverage)



Timing summary (Setup and Hold):
---------------

Timing errors: 0 (setup), 0 (hold)
Score: 0 (setup), 0 (hold)
Cumulative negative slack: 0 (0+0)
--------------------------------------------------------------------------------

--------------------------------------------------------------------------------

Total CPU Time: 0 secs 
Total REAL Time: 0 secs 
Peak Memory Usage: 66 MB


tmcheck -par "rom00_rom0.par" 

bitgen -f "rom00_rom0.t2b" -w "rom00_rom0.ncd"  -jedec "rom00_rom0.prf"


BITGEN: Bitstream Generator Diamond (64-bit) 3.12.0.240.2
Copyright (c) 1991-1994 by NeoCAD Inc. All rights reserved.
Copyright (c) 1995 AT&T Corp.   All rights reserved.
Copyright (c) 1995-2001 Lucent Technologies Inc.  All rights reserved.
Copyright (c) 2001 Agere Systems   All rights reserved.
Copyright (c) 2002-2020 Lattice Semiconductor Corporation,  All rights reserved.


Loading design for application Bitgen from file rom00_rom0.ncd.
Design name: rom00
NCD version: 3.3
Vendor:      LATTICE
Device:      LCMXO2-7000HE
Package:     TQFP144
Performance: 5
Loading device for application Bitgen from file 'xo2c7000.nph' in environment: C:/lscc/diamond/3.12/ispfpga.
Package Status:                     Final          Version 1.39.
Performance Hardware Data Status:   Final          Version 34.4.

Running DRC.
DRC detected 0 errors and 0 warnings.
Reading Preference File from rom00_rom0.prf.

Preference Summary:
+---------------------------------+---------------------------------+
|  Preference                     |  Current Setting                |
+---------------------------------+---------------------------------+
|                         RamCfg  |                        Reset**  |
+---------------------------------+---------------------------------+
|                     MCCLK_FREQ  |                         2.08**  |
+---------------------------------+---------------------------------+
|                  CONFIG_SECURE  |                          OFF**  |
+---------------------------------+---------------------------------+
|                          INBUF  |                           ON**  |
+---------------------------------+---------------------------------+
|                      JTAG_PORT  |                       ENABLE**  |
+---------------------------------+---------------------------------+
|                       SDM_PORT  |                      DISABLE**  |
+---------------------------------+---------------------------------+
|                 SLAVE_SPI_PORT  |                      DISABLE**  |
+---------------------------------+---------------------------------+
|                MASTER_SPI_PORT  |                      DISABLE**  |
+---------------------------------+---------------------------------+
|                       I2C_PORT  |                      DISABLE**  |
+---------------------------------+---------------------------------+
|        MUX_CONFIGURATION_PORTS  |                      DISABLE**  |
+---------------------------------+---------------------------------+
|                  CONFIGURATION  |                          CFG**  |
+---------------------------------+---------------------------------+
|                COMPRESS_CONFIG  |                           ON**  |
+---------------------------------+---------------------------------+
|                        MY_ASSP  |                          OFF**  |
+---------------------------------+---------------------------------+
|               ONE_TIME_PROGRAM  |                          OFF**  |
+---------------------------------+---------------------------------+
|                 ENABLE_TRANSFR  |                      DISABLE**  |
+---------------------------------+---------------------------------+
|                  SHAREDEBRINIT  |                      DISABLE**  |
+---------------------------------+---------------------------------+
|            BACKGROUND_RECONFIG  |                          OFF**  |
+---------------------------------+---------------------------------+
 *  Default setting.
 ** The specified setting matches the default setting.


Creating bit map...
 
Bitstream Status: Final           Version 1.95.
 
Saving bit stream in "rom00_rom0.jed".
 
===========
UFM Summary.
===========
UFM Size:        2046 Pages (128*2046 Bits).
UFM Utilization: General Purpose Flash Memory.
 
Available General Purpose Flash Memory: 2046 Pages (Page 0 to Page 2045).
Initialized UFM Pages:                     0 Page.
 
Total CPU Time: 3 secs 
Total REAL Time: 4 secs 
Peak Memory Usage: 289 MB
