
map -a "MachXO2" -p LCMXO2-7000HE -t TQFP144 -s 5 -oc Commercial   "ramEBR00_ramEBR0.ngd" -o "ramEBR00_ramEBR0_map.ncd" -pr "ramEBR00_ramEBR0.prf" -mp "ramEBR00_ramEBR0.mrp" -lpf "C:/Users/Mau/Documents/Arqui/practicas/TercelParcial/03-ramEBR00/ramEBR0/ramEBR00_ramEBR0_synplify.lpf" -lpf "C:/Users/Mau/Documents/Arqui/practicas/TercelParcial/03-ramEBR00/ramEBR00.lpf"  -c 0           
map:  version Diamond (64-bit) 3.12.0.240.2

Copyright (c) 1991-1994 by NeoCAD Inc. All rights reserved.
Copyright (c) 1995 AT&T Corp.   All rights reserved.
Copyright (c) 1995-2001 Lucent Technologies Inc.  All rights reserved.
Copyright (c) 2001 Agere Systems   All rights reserved.
Copyright (c) 2002-2020 Lattice Semiconductor Corporation,  All rights reserved.
   Process the file: ramEBR00_ramEBR0.ngd
   Picdevice="LCMXO2-7000HE"

   Pictype="TQFP144"

   Picspeed=5

   Remove unused logic

   Do not produce over sized NCDs.

Part used: LCMXO2-7000HETQFP144, Performance used: 5.

Loading device for application map from file 'xo2c7000.nph' in environment: C:/lscc/diamond/3.12/ispfpga.
Package Status:                     Final          Version 1.39.

Running general design DRC...

Removing unused logic...

Optimizing...




Design Summary:
   Number of registers:     28 out of  7209 (0%)
      PFU registers:           28 out of  6864 (0%)
      PIO registers:            0 out of   345 (0%)
   Number of SLICEs:        31 out of  3432 (1%)
      SLICEs as Logic/ROM:     31 out of  3432 (1%)
      SLICEs as RAM:            0 out of  2574 (0%)
      SLICEs as Carry:         15 out of  3432 (0%)
   Number of LUT4s:         62 out of  6864 (1%)
      Number used as logic LUTs:         32
      Number used as distributed RAM:     0
      Number used as ripple logic:       30
      Number used as shift registers:     0
   Number of PIO sites used: 31 + 4(JTAG) out of 115 (30%)
   Number of block RAMs:  1 out of 26 (4%)
   Number of GSRs:        0 out of 1 (0%)
   EFB used :        No
   JTAG used :       No
   Readback used :   No
   Oscillator used : Yes
   Startup used :    No
   POR :             On
   Bandgap :         On
   Number of Power Controller:  0 out of 1 (0%)
   Number of Dynamic Bank Controller (BCINRD):  0 out of 6 (0%)
   Number of Dynamic Bank Controller (BCLVDSO):  0 out of 1 (0%)
   Number of DCCA:  0 out of 8 (0%)
   Number of DCMA:  0 out of 2 (0%)
   Number of PLLs:  0 out of 2 (0%)
   Number of DQSDLLs:  0 out of 2 (0%)
   Number of CLKDIVC:  0 out of 4 (0%)
   Number of ECLKSYNCA:  0 out of 4 (0%)
   Number of ECLKBRIDGECS:  0 out of 2 (0%)
   Notes:-
      1. Total number of LUT4s = (Number of logic LUT4s) + 2*(Number of distributed RAMs) + 2*(Number of ripple logic)
      2. Number of logic LUT4s does not include count of distributed RAM and ripple logic.
   Number of clocks:  2
     Net clk0_c: 5 loads, 5 rising, 0 falling (Driver: RAEBR00/D01/oscout )
     Net RAEBR00/sclk: 12 loads, 12 rising, 0 falling (Driver: RAEBR00/D00/OSCInst0 )
   Number of Clock Enables:  1
     Net en0_c: 2 loads, 0 LSLICEs
   Number of LSRs:  3
     Net re0_c: 1 loads, 0 LSLICEs
     Net RAEBR01/outcontcr12: 4 loads, 4 LSLICEs
     Net RAEBR00/D01/N_6_i: 11 loads, 11 LSLICEs
   Number of nets driven by tri-state buffers:  0
   Top 10 highest fanout non-clock nets:
     Net RAEBR00/D01/N_6_i: 12 loads
     Net cdiv0_c[0]: 6 loads
     Net cdiv0_c[1]: 6 loads
     Net RAEBR00/D01/sdiv[18]: 6 loads
     Net cdiv0_c[4]: 5 loads
     Net RAEBR00/D01/sdiv[14]: 5 loads
     Net RAEBR00/D01/sdiv[15]: 5 loads
     Net RAEBR00/D01/sdiv[16]: 5 loads
     Net RAEBR00/D01/sdiv[19]: 5 loads
     Net RAEBR00/D01/sdiv[20]: 5 loads
 

   Number of warnings:  0
   Number of errors:    0



Total CPU Time: 0 secs  
Total REAL Time: 0 secs  
Peak Memory Usage: 58 MB

Dumping design to file ramEBR00_ramEBR0_map.ncd.

mpartrce -p "ramEBR00_ramEBR0.p2t" -f "ramEBR00_ramEBR0.p3t" -tf "ramEBR00_ramEBR0.pt" "ramEBR00_ramEBR0_map.ncd" "ramEBR00_ramEBR0.ncd"

---- MParTrce Tool ----
Removing old design directory at request of -rem command line option to this program.
Running par. Please wait . . .

Lattice Place and Route Report for Design "ramEBR00_ramEBR0_map.ncd"
Tue Jun 07 11:00:21 2022

PAR: Place And Route Diamond (64-bit) 3.12.0.240.2.
Command Line: par -w -l 5 -i 6 -t 1 -c 0 -e 0 -gui -msgset C:/Users/Mau/Documents/Arqui/practicas/TercelParcial/03-ramEBR00/promote.xml -exp parUseNBR=1:parCDP=0:parCDR=0:parPathBased=OFF:parASE=1 ramEBR00_ramEBR0_map.ncd ramEBR00_ramEBR0.dir/5_1.ncd ramEBR00_ramEBR0.prf
Preference file: ramEBR00_ramEBR0.prf.
Placement level-cost: 5-1.
Routing Iterations: 6

Loading design for application par from file ramEBR00_ramEBR0_map.ncd.
Design name: ramEBR00
NCD version: 3.3
Vendor:      LATTICE
Device:      LCMXO2-7000HE
Package:     TQFP144
Performance: 5
Loading device for application par from file 'xo2c7000.nph' in environment: C:/lscc/diamond/3.12/ispfpga.
Package Status:                     Final          Version 1.39.
Performance Hardware Data Status:   Final          Version 34.4.
License checked out.


Ignore Preference Error(s):  True
Device utilization summary:

   PIO (prelim)   31+4(JTAG)/336     10% used
                  31+4(JTAG)/115     30% bonded

   SLICE             31/3432         <1% used

   OSC                1/1           100% used
   EBR                1/26            3% used


INFO: Design contains pre-loadable EBR during configuration that has a requirement: Since the GSR is disabled for the EBR, make sure write enable and chip enable are inactive during wake-up, so that the pre-loaded initialization values will not be corrupted during wake-up state.
Number of Signals: 125
Number of Connections: 251

Pin Constraint Summary:
   31 out of 31 pins locked (100% locked).

The following 1 signal is selected to use the primary clock routing resources:
    RAEBR00/sclk (driver: RAEBR00/D00/OSCInst0, clk load #: 12)


The following 2 signals are selected to use the secondary clock routing resources:
    RAEBR00/D01/N_6_i (driver: RAEBR00/D01/SLICE_15, clk load #: 0, sr load #: 11, ce load #: 0)
    clk0_c (driver: RAEBR00/D01/SLICE_15, clk load #: 5, sr load #: 0, ce load #: 0)

No signal is selected as Global Set/Reset.
Starting Placer Phase 0.
........
Finished Placer Phase 0.  REAL time: 2 secs 

Starting Placer Phase 1.
...............
Placer score = 41622.
Finished Placer Phase 1.  REAL time: 6 secs 

Starting Placer Phase 2.
.
Placer score =  41098
Finished Placer Phase 2.  REAL time: 6 secs 


------------------ Clock Report ------------------

Global Clock Resources:
  CLK_PIN    : 0 out of 8 (0%)
  PLL        : 0 out of 2 (0%)
  DCM        : 0 out of 2 (0%)
  DCC        : 0 out of 8 (0%)

Global Clocks:
  PRIMARY "RAEBR00/sclk" from OSC on comp "RAEBR00/D00/OSCInst0" on site "OSC", clk load = 12
  SECONDARY "RAEBR00/D01/N_6_i" from F1 on comp "RAEBR00/D01/SLICE_15" on site "R21C18D", clk load = 0, ce load = 0, sr load = 11
  SECONDARY "clk0_c" from Q0 on comp "RAEBR00/D01/SLICE_15" on site "R21C18D", clk load = 5, ce load = 0, sr load = 0

  PRIMARY  : 1 out of 8 (12%)
  SECONDARY: 2 out of 8 (25%)

Edge Clocks:
  No edge clock selected.

--------------- End of Clock Report ---------------


I/O Usage Summary (final):
   31 + 4(JTAG) out of 336 (10.4%) PIO sites used.
   31 + 4(JTAG) out of 115 (30.4%) bonded PIO sites used.
   Number of PIO comps: 31; differential: 0.
   Number of Vref pins used: 0.

I/O Bank Usage Summary:
+----------+----------------+------------+-----------+
| I/O Bank | Usage          | Bank Vccio | Bank Vref |
+----------+----------------+------------+-----------+
| 0        | 2 / 28 (  7%)  | 2.5V       | -         |
| 1        | 12 / 29 ( 41%) | 2.5V       | -         |
| 2        | 3 / 29 ( 10%)  | 2.5V       | -         |
| 3        | 5 / 9 ( 55%)   | 2.5V       | -         |
| 4        | 6 / 10 ( 60%)  | 2.5V       | -         |
| 5        | 3 / 10 ( 30%)  | 2.5V       | -         |
+----------+----------------+------------+-----------+

Total placer CPU time: 5 secs 

Dumping design to file ramEBR00_ramEBR0.dir/5_1.ncd.

0 connections routed; 251 unrouted.
Starting router resource preassignment

Completed router resource preassignment. Real time: 8 secs 

Start NBR router at 11:00:29 06/07/22

*****************************************************************
Info: NBR allows conflicts(one node used by more than one signal)
      in the earlier iterations. In each iteration, it tries to  
      solve the conflicts while keeping the critical connections 
      routed as short as possible. The routing process is said to
      be completed when no conflicts exist and all connections   
      are routed.                                                
Note: NBR uses a different method to calculate timing slacks. The
      worst slack and total negative slack may not be the same as
      that in TRCE report. You should always run TRCE to verify  
      your design.                                               
*****************************************************************

Start NBR special constraint process at 11:00:29 06/07/22

Start NBR section for initial routing at 11:00:29 06/07/22
Level 4, iteration 1
1(0.00%) conflict; 0(0.00%) untouched conn; 0 (nbr) score; 
Estimated worst slack/total negative slack<setup>: 469.781ns/0.000ns; real time: 8 secs 

Info: Initial congestion level at 75% usage is 0
Info: Initial congestion area  at 75% usage is 0 (0.00%)

Start NBR section for normal routing at 11:00:29 06/07/22
Level 4, iteration 1
0(0.00%) conflict; 0(0.00%) untouched conn; 0 (nbr) score; 
Estimated worst slack/total negative slack<setup>: 469.781ns/0.000ns; real time: 8 secs 

Start NBR section for setup/hold timing optimization with effort level 3 at 11:00:29 06/07/22

Start NBR section for re-routing at 11:00:29 06/07/22
Level 4, iteration 1
0(0.00%) conflict; 0(0.00%) untouched conn; 0 (nbr) score; 
Estimated worst slack/total negative slack<setup>: 469.781ns/0.000ns; real time: 8 secs 

Start NBR section for post-routing at 11:00:29 06/07/22

End NBR router with 0 unrouted connection

NBR Summary
-----------
  Number of unrouted connections : 0 (0.00%)
  Number of connections with timing violations : 0 (0.00%)
  Estimated worst slack<setup> : 469.781ns
  Timing score<setup> : 0
-----------
Notes: The timing info is calculated for SETUP only and all PAR_ADJs are ignored.



Total CPU time 8 secs 
Total REAL time: 9 secs 
Completely routed.
End of route.  251 routed (100.00%); 0 unrouted.

Hold time timing score: 0, hold timing errors: 0

Timing score: 0 

Dumping design to file ramEBR00_ramEBR0.dir/5_1.ncd.


PAR_SUMMARY::Run status = Completed
PAR_SUMMARY::Number of unrouted conns = 0
PAR_SUMMARY::Worst  slack<setup/<ns>> = 469.781
PAR_SUMMARY::Timing score<setup/<ns>> = 0.000
PAR_SUMMARY::Worst  slack<hold /<ns>> = 0.379
PAR_SUMMARY::Timing score<hold /<ns>> = 0.000
PAR_SUMMARY::Number of errors = 0

Total CPU  time to completion: 8 secs 
Total REAL time to completion: 9 secs 

par done!

Note: user must run 'Trace' for timing closure signoff.

Copyright (c) 1991-1994 by NeoCAD Inc. All rights reserved.
Copyright (c) 1995 AT&T Corp.   All rights reserved.
Copyright (c) 1995-2001 Lucent Technologies Inc.  All rights reserved.
Copyright (c) 2001 Agere Systems   All rights reserved.
Copyright (c) 2002-2020 Lattice Semiconductor Corporation,  All rights reserved.
Exiting par with exit code 0
Exiting mpartrce with exit code 0

trce -f "ramEBR00_ramEBR0.pt" -o "ramEBR00_ramEBR0.twr" "ramEBR00_ramEBR0.ncd" "ramEBR00_ramEBR0.prf"
trce:  version Diamond (64-bit) 3.12.0.240.2

Copyright (c) 1991-1994 by NeoCAD Inc. All rights reserved.
Copyright (c) 1995 AT&T Corp.   All rights reserved.
Copyright (c) 1995-2001 Lucent Technologies Inc.  All rights reserved.
Copyright (c) 2001 Agere Systems   All rights reserved.
Copyright (c) 2002-2020 Lattice Semiconductor Corporation,  All rights reserved.

Loading design for application trce from file ramebr00_ramebr0.ncd.
Design name: ramEBR00
NCD version: 3.3
Vendor:      LATTICE
Device:      LCMXO2-7000HE
Package:     TQFP144
Performance: 5
Loading device for application trce from file 'xo2c7000.nph' in environment: C:/lscc/diamond/3.12/ispfpga.
Package Status:                     Final          Version 1.39.
Performance Hardware Data Status:   Final          Version 34.4.
Setup and Hold Report

--------------------------------------------------------------------------------
Lattice TRACE Report - Setup, Version Diamond (64-bit) 3.12.0.240.2
Tue Jun 07 11:00:31 2022

Copyright (c) 1991-1994 by NeoCAD Inc. All rights reserved.
Copyright (c) 1995 AT&T Corp.   All rights reserved.
Copyright (c) 1995-2001 Lucent Technologies Inc.  All rights reserved.
Copyright (c) 2001 Agere Systems   All rights reserved.
Copyright (c) 2002-2020 Lattice Semiconductor Corporation,  All rights reserved.

Report Information
------------------
Command line:    trce -v 10 -gt -sethld -sp 5 -sphld m -o ramEBR00_ramEBR0.twr -gui -msgset C:/Users/Mau/Documents/Arqui/practicas/TercelParcial/03-ramEBR00/promote.xml ramEBR00_ramEBR0.ncd ramEBR00_ramEBR0.prf 
Design file:     ramebr00_ramebr0.ncd
Preference file: ramebr00_ramebr0.prf
Device,speed:    LCMXO2-7000HE,5
Report level:    verbose report, limited to 10 items per preference
--------------------------------------------------------------------------------

BLOCK ASYNCPATHS
BLOCK RESETPATHS
--------------------------------------------------------------------------------



Timing summary (Setup):
---------------

Timing errors: 0  Score: 0
Cumulative negative slack: 0

Constraints cover 1240 paths, 1 nets, and 186 connections (74.10% coverage)

--------------------------------------------------------------------------------
Lattice TRACE Report - Hold, Version Diamond (64-bit) 3.12.0.240.2
Tue Jun 07 11:00:31 2022

Copyright (c) 1991-1994 by NeoCAD Inc. All rights reserved.
Copyright (c) 1995 AT&T Corp.   All rights reserved.
Copyright (c) 1995-2001 Lucent Technologies Inc.  All rights reserved.
Copyright (c) 2001 Agere Systems   All rights reserved.
Copyright (c) 2002-2020 Lattice Semiconductor Corporation,  All rights reserved.

Report Information
------------------
Command line:    trce -v 10 -gt -sethld -sp 5 -sphld m -o ramEBR00_ramEBR0.twr -gui -msgset C:/Users/Mau/Documents/Arqui/practicas/TercelParcial/03-ramEBR00/promote.xml ramEBR00_ramEBR0.ncd ramEBR00_ramEBR0.prf 
Design file:     ramebr00_ramebr0.ncd
Preference file: ramebr00_ramebr0.prf
Device,speed:    LCMXO2-7000HE,m
Report level:    verbose report, limited to 10 items per preference
--------------------------------------------------------------------------------

BLOCK ASYNCPATHS
BLOCK RESETPATHS
--------------------------------------------------------------------------------



Timing summary (Hold):
---------------

Timing errors: 0  Score: 0
Cumulative negative slack: 0

Constraints cover 1240 paths, 1 nets, and 186 connections (74.10% coverage)



Timing summary (Setup and Hold):
---------------

Timing errors: 0 (setup), 0 (hold)
Score: 0 (setup), 0 (hold)
Cumulative negative slack: 0 (0+0)
--------------------------------------------------------------------------------

--------------------------------------------------------------------------------

Total CPU Time: 0 secs 
Total REAL Time: 0 secs 
Peak Memory Usage: 66 MB


tmcheck -par "ramEBR00_ramEBR0.par" 

bitgen -f "ramEBR00_ramEBR0.t2b" -w "ramEBR00_ramEBR0.ncd"  -jedec "ramEBR00_ramEBR0.prf"


BITGEN: Bitstream Generator Diamond (64-bit) 3.12.0.240.2
Copyright (c) 1991-1994 by NeoCAD Inc. All rights reserved.
Copyright (c) 1995 AT&T Corp.   All rights reserved.
Copyright (c) 1995-2001 Lucent Technologies Inc.  All rights reserved.
Copyright (c) 2001 Agere Systems   All rights reserved.
Copyright (c) 2002-2020 Lattice Semiconductor Corporation,  All rights reserved.


Loading design for application Bitgen from file ramEBR00_ramEBR0.ncd.
Design name: ramEBR00
NCD version: 3.3
Vendor:      LATTICE
Device:      LCMXO2-7000HE
Package:     TQFP144
Performance: 5
Loading device for application Bitgen from file 'xo2c7000.nph' in environment: C:/lscc/diamond/3.12/ispfpga.
Package Status:                     Final          Version 1.39.
Performance Hardware Data Status:   Final          Version 34.4.

Running DRC.
INFO: Design contains pre-loadable EBR during configuration that has a requirement: Since the GSR is disabled for the EBR, make sure write enable and chip enable are inactive during wake-up, so that the pre-loaded initialization values will not be corrupted during wake-up state.
DRC detected 0 errors and 0 warnings.
Reading Preference File from ramEBR00_ramEBR0.prf.

Preference Summary:
+---------------------------------+---------------------------------+
|  Preference                     |  Current Setting                |
+---------------------------------+---------------------------------+
|                         RamCfg  |                        Reset**  |
+---------------------------------+---------------------------------+
|                     MCCLK_FREQ  |                         2.08**  |
+---------------------------------+---------------------------------+
|                  CONFIG_SECURE  |                          OFF**  |
+---------------------------------+---------------------------------+
|                          INBUF  |                           ON**  |
+---------------------------------+---------------------------------+
|                      JTAG_PORT  |                       ENABLE**  |
+---------------------------------+---------------------------------+
|                       SDM_PORT  |                      DISABLE**  |
+---------------------------------+---------------------------------+
|                 SLAVE_SPI_PORT  |                      DISABLE**  |
+---------------------------------+---------------------------------+
|                MASTER_SPI_PORT  |                      DISABLE**  |
+---------------------------------+---------------------------------+
|                       I2C_PORT  |                      DISABLE**  |
+---------------------------------+---------------------------------+
|        MUX_CONFIGURATION_PORTS  |                      DISABLE**  |
+---------------------------------+---------------------------------+
|                  CONFIGURATION  |                          CFG**  |
+---------------------------------+---------------------------------+
|                COMPRESS_CONFIG  |                           ON**  |
+---------------------------------+---------------------------------+
|                        MY_ASSP  |                          OFF**  |
+---------------------------------+---------------------------------+
|               ONE_TIME_PROGRAM  |                          OFF**  |
+---------------------------------+---------------------------------+
|                 ENABLE_TRANSFR  |                      DISABLE**  |
+---------------------------------+---------------------------------+
|                  SHAREDEBRINIT  |                      DISABLE**  |
+---------------------------------+---------------------------------+
|            BACKGROUND_RECONFIG  |                          OFF**  |
+---------------------------------+---------------------------------+
 *  Default setting.
 ** The specified setting matches the default setting.


Creating bit map...
 
Bitstream Status: Final           Version 1.95.
 
Saving bit stream in "ramEBR00_ramEBR0.jed".
 
===========
UFM Summary.
===========
UFM Size:        2046 Pages (128*2046 Bits).
UFM Utilization: General Purpose Flash Memory.
 
Available General Purpose Flash Memory: 2046 Pages (Page 0 to Page 2045).
Initialized UFM Pages:                     0 Page.
 
Total CPU Time: 4 secs 
Total REAL Time: 5 secs 
Peak Memory Usage: 289 MB
