
          Lattice Mapping Report File for Design Module 'mult8bit00'


Design Information
------------------

Command line:   map -a MachXO2 -p LCMXO2-7000HE -t TQFP144 -s 5 -oc Commercial
     mult8bit00_mult8bit0.ngd -o mult8bit00_mult8bit0_map.ncd -pr
     mult8bit00_mult8bit0.prf -mp mult8bit00_mult8bit0.mrp -lpf C:/Users/Mau/Doc
     uments/Arqui/practicas/07-mult8bit00/mult8bit0/mult8bit00_mult8bit0_synplif
     y.lpf -lpf
     C:/Users/Mau/Documents/Arqui/practicas/07-mult8bit00/mult8bit00.lpf -c 0
     -gui 
Target Vendor:  LATTICE
Target Device:  LCMXO2-7000HETQFP144
Target Performance:   5
Mapper:  xo2c00,  version:  Diamond (64-bit) 3.12.1.454
Mapped on:  03/01/22  22:14:07

Design Summary
--------------

   Number of registers:      0 out of  7209 (0%)
      PFU registers:            0 out of  6864 (0%)
      PIO registers:            0 out of   345 (0%)
   Number of SLICEs:        65 out of  3432 (2%)
      SLICEs as Logic/ROM:     65 out of  3432 (2%)
      SLICEs as RAM:            0 out of  2574 (0%)
      SLICEs as Carry:          0 out of  3432 (0%)
   Number of LUT4s:        129 out of  6864 (2%)
      Number used as logic LUTs:        129
      Number used as distributed RAM:     0
      Number used as ripple logic:        0
      Number used as shift registers:     0
   Number of PIO sites used: 32 + 4(JTAG) out of 115 (31%)
   Number of block RAMs:  0 out of 26 (0%)
   Number of GSRs:        0 out of 1 (0%)
   EFB used :        No
   JTAG used :       No
   Readback used :   No
   Oscillator used : No
   Startup used :    No
   POR :             On
   Bandgap :         On
   Number of Power Controller:  0 out of 1 (0%)
   Number of Dynamic Bank Controller (BCINRD):  0 out of 6 (0%)
   Number of Dynamic Bank Controller (BCLVDSO):  0 out of 1 (0%)
   Number of DCCA:  0 out of 8 (0%)
   Number of DCMA:  0 out of 2 (0%)
   Number of PLLs:  0 out of 2 (0%)
   Number of DQSDLLs:  0 out of 2 (0%)
   Number of CLKDIVC:  0 out of 4 (0%)
   Number of ECLKSYNCA:  0 out of 4 (0%)
   Number of ECLKBRIDGECS:  0 out of 2 (0%)
   Notes:-
      1. Total number of LUT4s = (Number of logic LUT4s) + 2*(Number of
     distributed RAMs) + 2*(Number of ripple logic)
      2. Number of logic LUT4s does not include count of distributed RAM and
     ripple logic.
   Number of clocks:  0
   Number of Clock Enables:  0

                                    Page 1




Design:  mult8bit00                                    Date:  03/01/22  22:14:07

Design Summary (cont)
---------------------
   Number of LSRs:  0
   Number of nets driven by tri-state buffers:  0
   Top 10 highest fanout non-clock nets:
     Net Bi_c[3]: 17 loads
     Net Ai_c[1]: 16 loads
     Net Bi_c[2]: 16 loads
     Net Bi_c[4]: 16 loads
     Net Bi_c[5]: 16 loads
     Net Bi_c[6]: 16 loads
     Net Bi_c[7]: 16 loads
     Net Ai_c[0]: 15 loads
     Net Ai_c[2]: 15 loads
     Net Ai_c[4]: 15 loads




   Number of warnings:  0
   Number of errors:    0
     

Design Errors/Warnings
----------------------

   No errors or warnings present.

IO (PIO) Attributes
-------------------

+---------------------+-----------+-----------+------------+
| IO Name             | Direction | Levelmode | IO         |
|                     |           |  IO_TYPE  | Register   |
+---------------------+-----------+-----------+------------+
| R[0]                | OUTPUT    | LVCMOS25  |            |
+---------------------+-----------+-----------+------------+
| Ai[0]               | INPUT     | LVCMOS25  |            |
+---------------------+-----------+-----------+------------+
| R[15]               | OUTPUT    | LVCMOS25  |            |
+---------------------+-----------+-----------+------------+
| R[14]               | OUTPUT    | LVCMOS25  |            |
+---------------------+-----------+-----------+------------+
| R[13]               | OUTPUT    | LVCMOS25  |            |
+---------------------+-----------+-----------+------------+
| R[12]               | OUTPUT    | LVCMOS25  |            |
+---------------------+-----------+-----------+------------+
| R[11]               | OUTPUT    | LVCMOS25  |            |
+---------------------+-----------+-----------+------------+
| R[10]               | OUTPUT    | LVCMOS25  |            |
+---------------------+-----------+-----------+------------+
| R[9]                | OUTPUT    | LVCMOS25  |            |
+---------------------+-----------+-----------+------------+
| R[8]                | OUTPUT    | LVCMOS25  |            |
+---------------------+-----------+-----------+------------+
| R[7]                | OUTPUT    | LVCMOS25  |            |
+---------------------+-----------+-----------+------------+
| R[6]                | OUTPUT    | LVCMOS25  |            |

                                    Page 2




Design:  mult8bit00                                    Date:  03/01/22  22:14:07

IO (PIO) Attributes (cont)
--------------------------
+---------------------+-----------+-----------+------------+
| R[5]                | OUTPUT    | LVCMOS25  |            |
+---------------------+-----------+-----------+------------+
| R[4]                | OUTPUT    | LVCMOS25  |            |
+---------------------+-----------+-----------+------------+
| R[3]                | OUTPUT    | LVCMOS25  |            |
+---------------------+-----------+-----------+------------+
| R[2]                | OUTPUT    | LVCMOS25  |            |
+---------------------+-----------+-----------+------------+
| R[1]                | OUTPUT    | LVCMOS25  |            |
+---------------------+-----------+-----------+------------+
| Bi[7]               | INPUT     | LVCMOS25  |            |
+---------------------+-----------+-----------+------------+
| Bi[6]               | INPUT     | LVCMOS25  |            |
+---------------------+-----------+-----------+------------+
| Bi[5]               | INPUT     | LVCMOS25  |            |
+---------------------+-----------+-----------+------------+
| Bi[4]               | INPUT     | LVCMOS25  |            |
+---------------------+-----------+-----------+------------+
| Bi[3]               | INPUT     | LVCMOS25  |            |
+---------------------+-----------+-----------+------------+
| Bi[2]               | INPUT     | LVCMOS25  |            |
+---------------------+-----------+-----------+------------+
| Bi[1]               | INPUT     | LVCMOS25  |            |
+---------------------+-----------+-----------+------------+
| Bi[0]               | INPUT     | LVCMOS25  |            |
+---------------------+-----------+-----------+------------+
| Ai[7]               | INPUT     | LVCMOS25  |            |
+---------------------+-----------+-----------+------------+
| Ai[6]               | INPUT     | LVCMOS25  |            |
+---------------------+-----------+-----------+------------+
| Ai[5]               | INPUT     | LVCMOS25  |            |
+---------------------+-----------+-----------+------------+
| Ai[4]               | INPUT     | LVCMOS25  |            |
+---------------------+-----------+-----------+------------+
| Ai[3]               | INPUT     | LVCMOS25  |            |
+---------------------+-----------+-----------+------------+
| Ai[2]               | INPUT     | LVCMOS25  |            |
+---------------------+-----------+-----------+------------+
| Ai[1]               | INPUT     | LVCMOS25  |            |
+---------------------+-----------+-----------+------------+

Removed logic
-------------

Block VCC undriven or does not drive anything - clipped.
Block GSR_INST undriven or does not drive anything - clipped.
Block GND undriven or does not drive anything - clipped.
Block M00/VCC undriven or does not drive anything - clipped.
Block M00/GND undriven or does not drive anything - clipped.
Block M02/VCC undriven or does not drive anything - clipped.
Block M02/GND undriven or does not drive anything - clipped.
Block M03/VCC undriven or does not drive anything - clipped.
Block M03/GND undriven or does not drive anything - clipped.
Block M11/VCC undriven or does not drive anything - clipped.
Block M11/GND undriven or does not drive anything - clipped.

                                    Page 3




Design:  mult8bit00                                    Date:  03/01/22  22:14:07

Removed logic (cont)
--------------------
Block M12/VCC undriven or does not drive anything - clipped.
Block M12/GND undriven or does not drive anything - clipped.
Block M13/VCC undriven or does not drive anything - clipped.
Block M13/GND undriven or does not drive anything - clipped.
Block M14/VCC undriven or does not drive anything - clipped.
Block M14/GND undriven or does not drive anything - clipped.
Block M16/GND undriven or does not drive anything - clipped.
Block M16/VCC undriven or does not drive anything - clipped.
Block M16/F00/GND undriven or does not drive anything - clipped.
Block M16/F00/VCC undriven or does not drive anything - clipped.
Block M16/F00/H0/GND undriven or does not drive anything - clipped.
Block M16/F00/H0/VCC undriven or does not drive anything - clipped.
Block M16/F00/H1/GND undriven or does not drive anything - clipped.
Block M16/F00/H1/VCC undriven or does not drive anything - clipped.
Block M17/GND undriven or does not drive anything - clipped.
Block M17/VCC undriven or does not drive anything - clipped.
Block M17/F01/GND undriven or does not drive anything - clipped.
Block M17/F01/VCC undriven or does not drive anything - clipped.
Block M17/F01/H0/GND undriven or does not drive anything - clipped.
Block M17/F01/H0/VCC undriven or does not drive anything - clipped.
Block M17/F02/GND undriven or does not drive anything - clipped.
Block M17/F02/VCC undriven or does not drive anything - clipped.
Block M18/GND undriven or does not drive anything - clipped.
Block M18/VCC undriven or does not drive anything - clipped.
Block M18/F01/GND undriven or does not drive anything - clipped.
Block M18/F01/VCC undriven or does not drive anything - clipped.
Block M18/F01/H0/GND undriven or does not drive anything - clipped.
Block M18/F01/H0/VCC undriven or does not drive anything - clipped.
Block M18/F02/GND undriven or does not drive anything - clipped.
Block M18/F02/VCC undriven or does not drive anything - clipped.
Block M19/GND undriven or does not drive anything - clipped.
Block M19/VCC undriven or does not drive anything - clipped.
Block M19/F01/GND undriven or does not drive anything - clipped.
Block M19/F01/VCC undriven or does not drive anything - clipped.
Block M19/F01/H0/GND undriven or does not drive anything - clipped.
Block M19/F01/H0/VCC undriven or does not drive anything - clipped.
Block M19/F02/GND undriven or does not drive anything - clipped.
Block M19/F02/VCC undriven or does not drive anything - clipped.
Block M20/GND undriven or does not drive anything - clipped.
Block M20/VCC undriven or does not drive anything - clipped.
Block M20/F01/GND undriven or does not drive anything - clipped.
Block M20/F01/VCC undriven or does not drive anything - clipped.
Block M20/F01/H0/GND undriven or does not drive anything - clipped.
Block M20/F01/H0/VCC undriven or does not drive anything - clipped.
Block M20/F02/GND undriven or does not drive anything - clipped.
Block M20/F02/VCC undriven or does not drive anything - clipped.
Block M21/GND undriven or does not drive anything - clipped.
Block M21/VCC undriven or does not drive anything - clipped.
Block M21/F01/GND undriven or does not drive anything - clipped.
Block M21/F01/VCC undriven or does not drive anything - clipped.
Block M21/F01/H0/GND undriven or does not drive anything - clipped.
Block M21/F01/H0/VCC undriven or does not drive anything - clipped.
Block M21/F02/GND undriven or does not drive anything - clipped.
Block M21/F02/VCC undriven or does not drive anything - clipped.
Block M22/GND undriven or does not drive anything - clipped.
Block M22/VCC undriven or does not drive anything - clipped.

                                    Page 4




Design:  mult8bit00                                    Date:  03/01/22  22:14:07

Removed logic (cont)
--------------------
Block M22/F01/GND undriven or does not drive anything - clipped.
Block M22/F01/VCC undriven or does not drive anything - clipped.
Block M22/F01/H0/GND undriven or does not drive anything - clipped.
Block M22/F01/H0/VCC undriven or does not drive anything - clipped.
Block M22/F02/GND undriven or does not drive anything - clipped.
Block M22/F02/VCC undriven or does not drive anything - clipped.
Block M23/GND undriven or does not drive anything - clipped.
Block M23/VCC undriven or does not drive anything - clipped.
Block M23/F01/GND undriven or does not drive anything - clipped.
Block M23/F01/VCC undriven or does not drive anything - clipped.
Block M23/F01/H1/VCC undriven or does not drive anything - clipped.
Block M23/F01/H1/GND undriven or does not drive anything - clipped.
Block M32/GND undriven or does not drive anything - clipped.
Block M32/VCC undriven or does not drive anything - clipped.
Block M32/F00/GND undriven or does not drive anything - clipped.
Block M32/F00/VCC undriven or does not drive anything - clipped.
Block M32/F00/H0/VCC undriven or does not drive anything - clipped.
Block M32/F00/H0/GND undriven or does not drive anything - clipped.
Block M32/F00/H1/VCC undriven or does not drive anything - clipped.
Block M32/F00/H1/GND undriven or does not drive anything - clipped.
Block M33/GND undriven or does not drive anything - clipped.
Block M33/VCC undriven or does not drive anything - clipped.
Block M33/F00/GND undriven or does not drive anything - clipped.
Block M33/F00/VCC undriven or does not drive anything - clipped.
Block M33/F00/H0/VCC undriven or does not drive anything - clipped.
Block M33/F00/H0/GND undriven or does not drive anything - clipped.
Block M33/F02/GND undriven or does not drive anything - clipped.
Block M33/F02/VCC undriven or does not drive anything - clipped.
Block M34/GND undriven or does not drive anything - clipped.
Block M34/VCC undriven or does not drive anything - clipped.
Block M34/F01/GND undriven or does not drive anything - clipped.
Block M34/F01/VCC undriven or does not drive anything - clipped.
Block M34/F01/H0/GND undriven or does not drive anything - clipped.
Block M34/F01/H0/VCC undriven or does not drive anything - clipped.
Block M34/F02/GND undriven or does not drive anything - clipped.
Block M34/F02/VCC undriven or does not drive anything - clipped.
Block M35/GND undriven or does not drive anything - clipped.
Block M35/VCC undriven or does not drive anything - clipped.
Block M35/F01/GND undriven or does not drive anything - clipped.
Block M35/F01/VCC undriven or does not drive anything - clipped.
Block M35/F01/H0/GND undriven or does not drive anything - clipped.
Block M35/F01/H0/VCC undriven or does not drive anything - clipped.
Block M35/F02/GND undriven or does not drive anything - clipped.
Block M35/F02/VCC undriven or does not drive anything - clipped.
Block M36/GND undriven or does not drive anything - clipped.
Block M36/VCC undriven or does not drive anything - clipped.
Block M36/F01/GND undriven or does not drive anything - clipped.
Block M36/F01/VCC undriven or does not drive anything - clipped.
Block M36/F01/H0/GND undriven or does not drive anything - clipped.
Block M36/F01/H0/VCC undriven or does not drive anything - clipped.
Block M36/F02/GND undriven or does not drive anything - clipped.
Block M36/F02/VCC undriven or does not drive anything - clipped.
Block M37/GND undriven or does not drive anything - clipped.
Block M37/VCC undriven or does not drive anything - clipped.
Block M37/F01/GND undriven or does not drive anything - clipped.
Block M37/F01/VCC undriven or does not drive anything - clipped.

                                    Page 5




Design:  mult8bit00                                    Date:  03/01/22  22:14:07

Removed logic (cont)
--------------------
Block M37/F01/H0/GND undriven or does not drive anything - clipped.
Block M37/F01/H0/VCC undriven or does not drive anything - clipped.
Block M37/F02/GND undriven or does not drive anything - clipped.
Block M37/F02/VCC undriven or does not drive anything - clipped.
Block M38/GND undriven or does not drive anything - clipped.
Block M38/VCC undriven or does not drive anything - clipped.
Block M38/F01/GND undriven or does not drive anything - clipped.
Block M38/F01/VCC undriven or does not drive anything - clipped.
Block M38/F01/H0/GND undriven or does not drive anything - clipped.
Block M38/F01/H0/VCC undriven or does not drive anything - clipped.
Block M38/F02/GND undriven or does not drive anything - clipped.
Block M38/F02/VCC undriven or does not drive anything - clipped.
Block M39/GND undriven or does not drive anything - clipped.
Block M39/VCC undriven or does not drive anything - clipped.
Block M39/F01/GND undriven or does not drive anything - clipped.
Block M39/F01/VCC undriven or does not drive anything - clipped.
Block M39/F01/H0/GND undriven or does not drive anything - clipped.
Block M39/F01/H0/VCC undriven or does not drive anything - clipped.
Block M39/F02/GND undriven or does not drive anything - clipped.
Block M39/F02/VCC undriven or does not drive anything - clipped.
Block M48/GND undriven or does not drive anything - clipped.
Block M48/VCC undriven or does not drive anything - clipped.
Block M48/F00/GND undriven or does not drive anything - clipped.
Block M48/F00/VCC undriven or does not drive anything - clipped.
Block M48/F00/H0/GND undriven or does not drive anything - clipped.
Block M48/F00/H0/VCC undriven or does not drive anything - clipped.
Block M48/F00/H1/GND undriven or does not drive anything - clipped.
Block M48/F00/H1/VCC undriven or does not drive anything - clipped.
Block M49/GND undriven or does not drive anything - clipped.
Block M49/VCC undriven or does not drive anything - clipped.
Block M49/F01/GND undriven or does not drive anything - clipped.
Block M49/F01/VCC undriven or does not drive anything - clipped.
Block M49/F01/H0/GND undriven or does not drive anything - clipped.
Block M49/F01/H0/VCC undriven or does not drive anything - clipped.
Block M49/F02/GND undriven or does not drive anything - clipped.
Block M49/F02/VCC undriven or does not drive anything - clipped.
Block M50/GND undriven or does not drive anything - clipped.
Block M50/VCC undriven or does not drive anything - clipped.
Block M50/F00/GND undriven or does not drive anything - clipped.
Block M50/F00/VCC undriven or does not drive anything - clipped.
Block M50/F00/H0/VCC undriven or does not drive anything - clipped.
Block M50/F00/H0/GND undriven or does not drive anything - clipped.
Block M50/F02/GND undriven or does not drive anything - clipped.
Block M50/F02/VCC undriven or does not drive anything - clipped.
Block M51/GND undriven or does not drive anything - clipped.
Block M51/VCC undriven or does not drive anything - clipped.
Block M51/F00/GND undriven or does not drive anything - clipped.
Block M51/F00/VCC undriven or does not drive anything - clipped.
Block M51/F00/H0/VCC undriven or does not drive anything - clipped.
Block M51/F00/H0/GND undriven or does not drive anything - clipped.
Block M51/F02/GND undriven or does not drive anything - clipped.
Block M51/F02/VCC undriven or does not drive anything - clipped.
Block M52/GND undriven or does not drive anything - clipped.
Block M52/VCC undriven or does not drive anything - clipped.
Block M52/F00/GND undriven or does not drive anything - clipped.
Block M52/F00/VCC undriven or does not drive anything - clipped.

                                    Page 6




Design:  mult8bit00                                    Date:  03/01/22  22:14:07

Removed logic (cont)
--------------------
Block M52/F00/H0/VCC undriven or does not drive anything - clipped.
Block M52/F00/H0/GND undriven or does not drive anything - clipped.
Block M52/F02/GND undriven or does not drive anything - clipped.
Block M52/F02/VCC undriven or does not drive anything - clipped.
Block M53/GND undriven or does not drive anything - clipped.
Block M53/VCC undriven or does not drive anything - clipped.
Block M53/F01/GND undriven or does not drive anything - clipped.
Block M53/F01/VCC undriven or does not drive anything - clipped.
Block M53/F01/H0/GND undriven or does not drive anything - clipped.
Block M53/F01/H0/VCC undriven or does not drive anything - clipped.
Block M53/F02/GND undriven or does not drive anything - clipped.
Block M53/F02/VCC undriven or does not drive anything - clipped.
Block M54/GND undriven or does not drive anything - clipped.
Block M54/VCC undriven or does not drive anything - clipped.
Block M54/F01/GND undriven or does not drive anything - clipped.
Block M54/F01/VCC undriven or does not drive anything - clipped.
Block M54/F01/H0/GND undriven or does not drive anything - clipped.
Block M54/F01/H0/VCC undriven or does not drive anything - clipped.
Block M54/F02/GND undriven or does not drive anything - clipped.
Block M54/F02/VCC undriven or does not drive anything - clipped.
Block M55/GND undriven or does not drive anything - clipped.
Block M55/VCC undriven or does not drive anything - clipped.
Block M55/F00/GND undriven or does not drive anything - clipped.
Block M55/F00/VCC undriven or does not drive anything - clipped.
Block M55/F00/H1/VCC undriven or does not drive anything - clipped.
Block M55/F00/H1/GND undriven or does not drive anything - clipped.
Block M55/F01/GND undriven or does not drive anything - clipped.
Block M55/F01/VCC undriven or does not drive anything - clipped.
Block M55/F01/H0/GND undriven or does not drive anything - clipped.
Block M55/F01/H0/VCC undriven or does not drive anything - clipped.
Block M55/F01/H1/GND undriven or does not drive anything - clipped.
Block M55/F01/H1/VCC undriven or does not drive anything - clipped.
Block M57/VCC undriven or does not drive anything - clipped.
Block M57/GND undriven or does not drive anything - clipped.
Block M58/VCC undriven or does not drive anything - clipped.
Block M58/GND undriven or does not drive anything - clipped.
Block M59/VCC undriven or does not drive anything - clipped.
Block M59/GND undriven or does not drive anything - clipped.
Block M64/GND undriven or does not drive anything - clipped.
Block M64/VCC undriven or does not drive anything - clipped.
Block M64/F00/GND undriven or does not drive anything - clipped.
Block M64/F00/VCC undriven or does not drive anything - clipped.
Block M64/F00/H0/VCC undriven or does not drive anything - clipped.
Block M64/F00/H0/GND undriven or does not drive anything - clipped.
Block M64/F00/H1/VCC undriven or does not drive anything - clipped.
Block M64/F00/H1/GND undriven or does not drive anything - clipped.
Block M65/GND undriven or does not drive anything - clipped.
Block M65/VCC undriven or does not drive anything - clipped.
Block M65/F00/GND undriven or does not drive anything - clipped.
Block M65/F00/VCC undriven or does not drive anything - clipped.
Block M65/F00/H0/GND undriven or does not drive anything - clipped.
Block M65/F00/H0/VCC undriven or does not drive anything - clipped.
Block M65/F02/GND undriven or does not drive anything - clipped.
Block M65/F02/VCC undriven or does not drive anything - clipped.
Block M66/GND undriven or does not drive anything - clipped.
Block M66/VCC undriven or does not drive anything - clipped.

                                    Page 7




Design:  mult8bit00                                    Date:  03/01/22  22:14:07

Removed logic (cont)
--------------------
Block M66/F00/GND undriven or does not drive anything - clipped.
Block M66/F00/VCC undriven or does not drive anything - clipped.
Block M66/F00/H0/GND undriven or does not drive anything - clipped.
Block M66/F00/H0/VCC undriven or does not drive anything - clipped.
Block M66/F02/GND undriven or does not drive anything - clipped.
Block M66/F02/VCC undriven or does not drive anything - clipped.
Block M67/GND undriven or does not drive anything - clipped.
Block M67/VCC undriven or does not drive anything - clipped.
Block M67/F02/GND undriven or does not drive anything - clipped.
Block M67/F02/VCC undriven or does not drive anything - clipped.
Block M68/GND undriven or does not drive anything - clipped.
Block M68/VCC undriven or does not drive anything - clipped.
Block M68/F02/GND undriven or does not drive anything - clipped.
Block M68/F02/VCC undriven or does not drive anything - clipped.
Block M69/GND undriven or does not drive anything - clipped.
Block M69/VCC undriven or does not drive anything - clipped.
Block M69/F01/GND undriven or does not drive anything - clipped.
Block M69/F01/VCC undriven or does not drive anything - clipped.
Block M69/F01/H0/GND undriven or does not drive anything - clipped.
Block M69/F01/H0/VCC undriven or does not drive anything - clipped.
Block M69/F02/GND undriven or does not drive anything - clipped.
Block M69/F02/VCC undriven or does not drive anything - clipped.
Block M70/GND undriven or does not drive anything - clipped.
Block M70/VCC undriven or does not drive anything - clipped.
Block M70/F01/GND undriven or does not drive anything - clipped.
Block M70/F01/VCC undriven or does not drive anything - clipped.
Block M70/F01/H0/GND undriven or does not drive anything - clipped.
Block M70/F01/H0/VCC undriven or does not drive anything - clipped.
Block M70/F02/GND undriven or does not drive anything - clipped.
Block M70/F02/VCC undriven or does not drive anything - clipped.
Block M71/GND undriven or does not drive anything - clipped.
Block M71/VCC undriven or does not drive anything - clipped.
Block M71/F01/GND undriven or does not drive anything - clipped.
Block M71/F01/VCC undriven or does not drive anything - clipped.
Block M71/F01/H0/VCC undriven or does not drive anything - clipped.
Block M71/F01/H0/GND undriven or does not drive anything - clipped.
Block M71/F01/H1/VCC undriven or does not drive anything - clipped.
Block M71/F01/H1/GND undriven or does not drive anything - clipped.
Block M71/F02/GND undriven or does not drive anything - clipped.
Block M71/F02/VCC undriven or does not drive anything - clipped.
Block M73/VCC undriven or does not drive anything - clipped.
Block M73/GND undriven or does not drive anything - clipped.
Block M74/VCC undriven or does not drive anything - clipped.
Block M74/GND undriven or does not drive anything - clipped.
Block M80/GND undriven or does not drive anything - clipped.
Block M80/VCC undriven or does not drive anything - clipped.
Block M80/F00/GND undriven or does not drive anything - clipped.
Block M80/F00/VCC undriven or does not drive anything - clipped.
Block M80/F00/H0/GND undriven or does not drive anything - clipped.
Block M80/F00/H0/VCC undriven or does not drive anything - clipped.
Block M80/F00/H1/GND undriven or does not drive anything - clipped.
Block M80/F00/H1/VCC undriven or does not drive anything - clipped.
Block M81/GND undriven or does not drive anything - clipped.
Block M81/VCC undriven or does not drive anything - clipped.
Block M81/F00/GND undriven or does not drive anything - clipped.
Block M81/F00/VCC undriven or does not drive anything - clipped.

                                    Page 8




Design:  mult8bit00                                    Date:  03/01/22  22:14:07

Removed logic (cont)
--------------------
Block M81/F00/H0/GND undriven or does not drive anything - clipped.
Block M81/F00/H0/VCC undriven or does not drive anything - clipped.
Block M81/F02/GND undriven or does not drive anything - clipped.
Block M81/F02/VCC undriven or does not drive anything - clipped.
Block M82/GND undriven or does not drive anything - clipped.
Block M82/VCC undriven or does not drive anything - clipped.
Block M82/F00/GND undriven or does not drive anything - clipped.
Block M82/F00/VCC undriven or does not drive anything - clipped.
Block M82/F00/H0/GND undriven or does not drive anything - clipped.
Block M82/F00/H0/VCC undriven or does not drive anything - clipped.
Block M82/F02/GND undriven or does not drive anything - clipped.
Block M82/F02/VCC undriven or does not drive anything - clipped.
Block M83/GND undriven or does not drive anything - clipped.
Block M83/VCC undriven or does not drive anything - clipped.
Block M83/F01/GND undriven or does not drive anything - clipped.
Block M83/F01/VCC undriven or does not drive anything - clipped.
Block M83/F01/H0/GND undriven or does not drive anything - clipped.
Block M83/F01/H0/VCC undriven or does not drive anything - clipped.
Block M83/F02/GND undriven or does not drive anything - clipped.
Block M83/F02/VCC undriven or does not drive anything - clipped.
Block M84/GND undriven or does not drive anything - clipped.
Block M84/VCC undriven or does not drive anything - clipped.
Block M84/F01/GND undriven or does not drive anything - clipped.
Block M84/F01/VCC undriven or does not drive anything - clipped.
Block M84/F01/H0/GND undriven or does not drive anything - clipped.
Block M84/F01/H0/VCC undriven or does not drive anything - clipped.
Block M84/F02/GND undriven or does not drive anything - clipped.
Block M84/F02/VCC undriven or does not drive anything - clipped.
Block M85/GND undriven or does not drive anything - clipped.
Block M85/VCC undriven or does not drive anything - clipped.
Block M85/F01/GND undriven or does not drive anything - clipped.
Block M85/F01/VCC undriven or does not drive anything - clipped.
Block M85/F01/H0/GND undriven or does not drive anything - clipped.
Block M85/F01/H0/VCC undriven or does not drive anything - clipped.
Block M85/F02/GND undriven or does not drive anything - clipped.
Block M85/F02/VCC undriven or does not drive anything - clipped.
Block M86/GND undriven or does not drive anything - clipped.
Block M86/VCC undriven or does not drive anything - clipped.
Block M86/F01/GND undriven or does not drive anything - clipped.
Block M86/F01/VCC undriven or does not drive anything - clipped.
Block M86/F01/H0/GND undriven or does not drive anything - clipped.
Block M86/F01/H0/VCC undriven or does not drive anything - clipped.
Block M86/F02/GND undriven or does not drive anything - clipped.
Block M86/F02/VCC undriven or does not drive anything - clipped.
Block M87/GND undriven or does not drive anything - clipped.
Block M87/VCC undriven or does not drive anything - clipped.
Block M87/F01/GND undriven or does not drive anything - clipped.
Block M87/F01/VCC undriven or does not drive anything - clipped.
Block M87/F01/H0/GND undriven or does not drive anything - clipped.
Block M87/F01/H0/VCC undriven or does not drive anything - clipped.
Block M87/F02/GND undriven or does not drive anything - clipped.
Block M87/F02/VCC undriven or does not drive anything - clipped.
Block M89/VCC undriven or does not drive anything - clipped.
Block M89/GND undriven or does not drive anything - clipped.
Block M96/GND undriven or does not drive anything - clipped.
Block M96/VCC undriven or does not drive anything - clipped.

                                    Page 9




Design:  mult8bit00                                    Date:  03/01/22  22:14:07

Removed logic (cont)
--------------------
Block M96/F00/GND undriven or does not drive anything - clipped.
Block M96/F00/VCC undriven or does not drive anything - clipped.
Block M96/F00/H0/GND undriven or does not drive anything - clipped.
Block M96/F00/H0/VCC undriven or does not drive anything - clipped.
Block M96/F00/H1/GND undriven or does not drive anything - clipped.
Block M96/F00/H1/VCC undriven or does not drive anything - clipped.
Block M97/GND undriven or does not drive anything - clipped.
Block M97/VCC undriven or does not drive anything - clipped.
Block M97/F00/GND undriven or does not drive anything - clipped.
Block M97/F00/VCC undriven or does not drive anything - clipped.
Block M97/F00/H0/GND undriven or does not drive anything - clipped.
Block M97/F00/H0/VCC undriven or does not drive anything - clipped.
Block M97/F02/GND undriven or does not drive anything - clipped.
Block M97/F02/VCC undriven or does not drive anything - clipped.
Block M98/GND undriven or does not drive anything - clipped.
Block M98/VCC undriven or does not drive anything - clipped.
Block M98/F01/GND undriven or does not drive anything - clipped.
Block M98/F01/VCC undriven or does not drive anything - clipped.
Block M98/F01/H0/GND undriven or does not drive anything - clipped.
Block M98/F01/H0/VCC undriven or does not drive anything - clipped.
Block M98/F02/GND undriven or does not drive anything - clipped.
Block M98/F02/VCC undriven or does not drive anything - clipped.
Block M99/GND undriven or does not drive anything - clipped.
Block M99/VCC undriven or does not drive anything - clipped.
Block M99/F01/GND undriven or does not drive anything - clipped.
Block M99/F01/VCC undriven or does not drive anything - clipped.
Block M99/F01/H0/GND undriven or does not drive anything - clipped.
Block M99/F01/H0/VCC undriven or does not drive anything - clipped.
Block M99/F02/GND undriven or does not drive anything - clipped.
Block M99/F02/VCC undriven or does not drive anything - clipped.
Block M100/GND undriven or does not drive anything - clipped.
Block M100/VCC undriven or does not drive anything - clipped.
Block M100/F01/GND undriven or does not drive anything - clipped.
Block M100/F01/VCC undriven or does not drive anything - clipped.
Block M100/F01/H0/GND undriven or does not drive anything - clipped.
Block M100/F01/H0/VCC undriven or does not drive anything - clipped.
Block M100/F02/GND undriven or does not drive anything - clipped.
Block M100/F02/VCC undriven or does not drive anything - clipped.
Block M101/GND undriven or does not drive anything - clipped.
Block M101/VCC undriven or does not drive anything - clipped.
Block M101/F00/GND undriven or does not drive anything - clipped.
Block M101/F00/VCC undriven or does not drive anything - clipped.
Block M101/F00/H0/GND undriven or does not drive anything - clipped.
Block M101/F00/H0/VCC undriven or does not drive anything - clipped.
Block M101/F01/GND undriven or does not drive anything - clipped.
Block M101/F01/VCC undriven or does not drive anything - clipped.
Block M101/F01/H0/GND undriven or does not drive anything - clipped.
Block M101/F01/H0/VCC undriven or does not drive anything - clipped.
Block M101/F02/GND undriven or does not drive anything - clipped.
Block M101/F02/VCC undriven or does not drive anything - clipped.
Block M102/GND undriven or does not drive anything - clipped.
Block M102/VCC undriven or does not drive anything - clipped.
Block M102/F01/GND undriven or does not drive anything - clipped.
Block M102/F01/VCC undriven or does not drive anything - clipped.
Block M102/F01/H0/GND undriven or does not drive anything - clipped.
Block M102/F01/H0/VCC undriven or does not drive anything - clipped.

                                   Page 10




Design:  mult8bit00                                    Date:  03/01/22  22:14:07

Removed logic (cont)
--------------------
Block M102/F02/GND undriven or does not drive anything - clipped.
Block M102/F02/VCC undriven or does not drive anything - clipped.
Block M103/GND undriven or does not drive anything - clipped.
Block M103/VCC undriven or does not drive anything - clipped.
Block M103/F00/GND undriven or does not drive anything - clipped.
Block M103/F00/VCC undriven or does not drive anything - clipped.
Block M103/F00/H0/VCC undriven or does not drive anything - clipped.
Block M103/F00/H0/GND undriven or does not drive anything - clipped.
Block M103/F02/GND undriven or does not drive anything - clipped.
Block M103/F02/VCC undriven or does not drive anything - clipped.
Block M112/GND undriven or does not drive anything - clipped.
Block M112/VCC undriven or does not drive anything - clipped.
Block M112/F00/GND undriven or does not drive anything - clipped.
Block M112/F00/VCC undriven or does not drive anything - clipped.
Block M112/F00/H0/GND undriven or does not drive anything - clipped.
Block M112/F00/H0/VCC undriven or does not drive anything - clipped.
Block M112/F00/H1/GND undriven or does not drive anything - clipped.
Block M112/F00/H1/VCC undriven or does not drive anything - clipped.
Block M113/GND undriven or does not drive anything - clipped.
Block M113/VCC undriven or does not drive anything - clipped.
Block M113/F00/GND undriven or does not drive anything - clipped.
Block M113/F00/VCC undriven or does not drive anything - clipped.
Block M113/F00/H0/VCC undriven or does not drive anything - clipped.
Block M113/F00/H0/GND undriven or does not drive anything - clipped.
Block M113/F01/GND undriven or does not drive anything - clipped.
Block M113/F01/VCC undriven or does not drive anything - clipped.
Block M113/F01/H0/GND undriven or does not drive anything - clipped.
Block M113/F01/H0/VCC undriven or does not drive anything - clipped.
Block M113/F02/GND undriven or does not drive anything - clipped.
Block M113/F02/VCC undriven or does not drive anything - clipped.
Block M114/GND undriven or does not drive anything - clipped.
Block M114/VCC undriven or does not drive anything - clipped.
Block M114/F01/GND undriven or does not drive anything - clipped.
Block M114/F01/VCC undriven or does not drive anything - clipped.
Block M114/F01/H0/GND undriven or does not drive anything - clipped.
Block M114/F01/H0/VCC undriven or does not drive anything - clipped.
Block M114/F02/GND undriven or does not drive anything - clipped.
Block M114/F02/VCC undriven or does not drive anything - clipped.
Block M115/GND undriven or does not drive anything - clipped.
Block M115/VCC undriven or does not drive anything - clipped.
Block M115/F01/GND undriven or does not drive anything - clipped.
Block M115/F01/VCC undriven or does not drive anything - clipped.
Block M115/F01/H0/GND undriven or does not drive anything - clipped.
Block M115/F01/H0/VCC undriven or does not drive anything - clipped.
Block M115/F02/GND undriven or does not drive anything - clipped.
Block M115/F02/VCC undriven or does not drive anything - clipped.
Block M116/GND undriven or does not drive anything - clipped.
Block M116/VCC undriven or does not drive anything - clipped.
Block M116/F01/GND undriven or does not drive anything - clipped.
Block M116/F01/VCC undriven or does not drive anything - clipped.
Block M116/F01/H0/GND undriven or does not drive anything - clipped.
Block M116/F01/H0/VCC undriven or does not drive anything - clipped.
Block M116/F02/GND undriven or does not drive anything - clipped.
Block M116/F02/VCC undriven or does not drive anything - clipped.
Block M117/GND undriven or does not drive anything - clipped.
Block M117/VCC undriven or does not drive anything - clipped.

                                   Page 11




Design:  mult8bit00                                    Date:  03/01/22  22:14:07

Removed logic (cont)
--------------------
Block M117/F01/GND undriven or does not drive anything - clipped.
Block M117/F01/VCC undriven or does not drive anything - clipped.
Block M117/F01/H0/GND undriven or does not drive anything - clipped.
Block M117/F01/H0/VCC undriven or does not drive anything - clipped.
Block M117/F02/GND undriven or does not drive anything - clipped.
Block M117/F02/VCC undriven or does not drive anything - clipped.
Block M118/GND undriven or does not drive anything - clipped.
Block M118/VCC undriven or does not drive anything - clipped.
Block M118/F00/GND undriven or does not drive anything - clipped.
Block M118/F00/VCC undriven or does not drive anything - clipped.
Block M118/F00/H0/GND undriven or does not drive anything - clipped.
Block M118/F00/H0/VCC undriven or does not drive anything - clipped.
Block M118/F01/GND undriven or does not drive anything - clipped.
Block M118/F01/VCC undriven or does not drive anything - clipped.
Block M118/F01/H0/VCC undriven or does not drive anything - clipped.
Block M118/F01/H0/GND undriven or does not drive anything - clipped.
Block M118/F02/GND undriven or does not drive anything - clipped.
Block M118/F02/VCC undriven or does not drive anything - clipped.
Block M119/GND undriven or does not drive anything - clipped.
Block M119/VCC undriven or does not drive anything - clipped.
Block M119/F01/GND undriven or does not drive anything - clipped.
Block M119/F01/VCC undriven or does not drive anything - clipped.
Block M119/F01/H0/GND undriven or does not drive anything - clipped.
Block M119/F01/H0/VCC undriven or does not drive anything - clipped.
Block M119/F02/GND undriven or does not drive anything - clipped.
Block M119/F02/VCC undriven or does not drive anything - clipped.
Signal VCC undriven or does not drive anything - clipped.

     

Run Time and Memory Usage
-------------------------

   Total CPU Time: 0 secs  
   Total REAL Time: 0 secs  
   Peak Memory Usage: 59 MB
        




















                                   Page 12


Copyright (c) 1991-1994 by NeoCAD Inc. All rights reserved.
     Copyright (c) 1995 AT&T Corp.   All rights reserved.
     Copyright (c) 1995-2001 Lucent Technologies Inc.  All rights reserved.
     Copyright (c) 2001 Agere Systems   All rights reserved.
     Copyright (c) 2002-2020 Lattice Semiconductor Corporation,  All rights
     reserved.
