
Copyright (C) 1994-2020 Synopsys, Inc.
This Synopsys software and all associated documentation are proprietary to Synopsys, Inc.
and may only be used pursuant to the terms and conditions of a written license agreement
with Synopsys, Inc. All other use, reproduction, modification, or distribution of the
Synopsys software or the associated documentation is strictly prohibited.
Tool: Synplify Pro (R)
Build: Q-2020.03L-SP1
Install: C:\lscc\diamond\3.12\synpbase
OS: Windows 6.2

Hostname: UNKNOWN

Implementation : key0
Synopsys HDL compiler and linker, Version comp202003synp2, Build 182R, Built Oct 29 2020 10:49:53, @

Modified Files: 1
FID:  path (prevtimestamp, timestamp)
19       C:\Users\Mau\Documents\Arqui\practicas\Segundo Parcial\01-key00\coder00.vhdl (2022-04-14 23:25:21, 2022-04-14 23:28:03)

*******************************************************************
Modules that may have changed as a result of file changes: 1
MID:  lib.cell.view
0        work.coder00.coder0 may have changed because the following files changed:
                        C:\Users\Mau\Documents\Arqui\practicas\Segundo Parcial\01-key00\coder00.vhdl (2022-04-14 23:25:21, 2022-04-14 23:28:03) <-- (architecture and entity definition)

*******************************************************************
Unmodified files: 18
FID:  path (timestamp)
20       C:\Users\Mau\Documents\Arqui\practicas\Segundo Parcial\01-key00\contring00.vhdl (2022-04-14 23:00:33)
21       C:\Users\Mau\Documents\Arqui\practicas\Segundo Parcial\01-key00\key00.vhdl (2022-04-14 22:56:36)
22       C:\Users\Mau\Documents\Arqui\practicas\Segundo Parcial\01-key00\key0\source\div00.vhdl (2022-03-09 11:03:46)
23       C:\Users\Mau\Documents\Arqui\practicas\Segundo Parcial\01-key00\key0\source\osc00.vhdl (2022-03-04 13:09:45)
24       C:\Users\Mau\Documents\Arqui\practicas\Segundo Parcial\01-key00\key0\source\oscint00.vhdl (2022-03-04 11:05:10)
25       C:\Users\Mau\Documents\Arqui\practicas\Segundo Parcial\01-key00\key0\source\packageosc00.vhdl (2022-03-04 11:36:05)
26       C:\Users\Mau\Documents\Arqui\practicas\Segundo Parcial\01-key00\packagekey00.vhdl (2022-04-13 11:10:55)
8        C:\lscc\diamond\3.12\cae_library\synthesis\vhdl\machxo2.vhd (2018-11-15 00:32:12)
9        C:\lscc\diamond\3.12\synpbase\lib\cpld\lattice.vhd (2020-10-29 10:20:44)
10       C:\lscc\diamond\3.12\synpbase\lib\vhd\arith.vhd (2020-10-29 10:23:10)
11       C:\lscc\diamond\3.12\synpbase\lib\vhd\hyperents.vhd (2020-10-29 10:23:10)
12       C:\lscc\diamond\3.12\synpbase\lib\vhd\location.map (2020-11-02 17:26:20)
13       C:\lscc\diamond\3.12\synpbase\lib\vhd\numeric.vhd (2020-10-29 10:23:10)
14       C:\lscc\diamond\3.12\synpbase\lib\vhd\snps_haps_pkg.vhd (2020-10-29 10:23:10)
15       C:\lscc\diamond\3.12\synpbase\lib\vhd\std.vhd (2020-10-29 10:23:10)
16       C:\lscc\diamond\3.12\synpbase\lib\vhd\std1164.vhd (2020-10-29 10:23:10)
17       C:\lscc\diamond\3.12\synpbase\lib\vhd\umr_capim.vhd (2020-10-29 10:23:10)
18       C:\lscc\diamond\3.12\synpbase\lib\vhd\unsigned.vhd (2020-10-29 10:23:10)

*******************************************************************
Unchanged modules: 10
MID:  lib.cell.view
2        work.contring00.contring0
3        work.contring00.vhdl
4        work.div00.div0
5        work.div00.vhdl
6        work.key00.key0
7        work.key00.vhdl
8        work.osc00.osc0
9        work.osc00.vhdl
10       work.oscint00.oscint0
11       work.oscint00.vhdl
