
map -a "MachXO2" -p LCMXO2-7000HE -t TQFP144 -s 5 -oc Commercial   "fsmmoore00_fsmmoore0.ngd" -o "fsmmoore00_fsmmoore0_map.ncd" -pr "fsmmoore00_fsmmoore0.prf" -mp "fsmmoore00_fsmmoore0.mrp" -lpf "C:/Users/Mau/Documents/Arqui/practicas/TercelParcial/04-fsmmoore00/fsmmoore0/fsmmoore00_fsmmoore0_synplify.lpf" -lpf "C:/Users/Mau/Documents/Arqui/practicas/TercelParcial/04-fsmmoore00/fsmmoore00.lpf"  -c 0           
map:  version Diamond (64-bit) 3.12.0.240.2

Copyright (c) 1991-1994 by NeoCAD Inc. All rights reserved.
Copyright (c) 1995 AT&T Corp.   All rights reserved.
Copyright (c) 1995-2001 Lucent Technologies Inc.  All rights reserved.
Copyright (c) 2001 Agere Systems   All rights reserved.
Copyright (c) 2002-2020 Lattice Semiconductor Corporation,  All rights reserved.
   Process the file: fsmmoore00_fsmmoore0.ngd
   Picdevice="LCMXO2-7000HE"

   Pictype="TQFP144"

   Picspeed=5

   Remove unused logic

   Do not produce over sized NCDs.

Part used: LCMXO2-7000HETQFP144, Performance used: 5.

Loading device for application map from file 'xo2c7000.nph' in environment: C:/lscc/diamond/3.12/ispfpga.
Package Status:                     Final          Version 1.39.

Running general design DRC...

Removing unused logic...

Optimizing...

    <postMsg mid="51001030" type="Warning" dynamic="1" navigation="0" arg0="en0_c"  />



Design Summary:
   Number of registers:     48 out of  7209 (1%)
      PFU registers:           47 out of  6864 (1%)
      PIO registers:            1 out of   345 (0%)
   Number of SLICEs:        63 out of  3432 (2%)
      SLICEs as Logic/ROM:     63 out of  3432 (2%)
      SLICEs as RAM:            0 out of  2574 (0%)
      SLICEs as Carry:         12 out of  3432 (0%)
   Number of LUT4s:        125 out of  6864 (2%)
      Number used as logic LUTs:        101
      Number used as distributed RAM:     0
      Number used as ripple logic:       24
      Number used as shift registers:     0
   Number of PIO sites used: 22 + 4(JTAG) out of 115 (23%)
   Number of block RAMs:  0 out of 26 (0%)
   Number of GSRs:        1 out of 1 (100%)
   EFB used :        No
   JTAG used :       No
   Readback used :   No
   Oscillator used : Yes
   Startup used :    No
   POR :             On
   Bandgap :         On
   Number of Power Controller:  0 out of 1 (0%)
   Number of Dynamic Bank Controller (BCINRD):  0 out of 6 (0%)
   Number of Dynamic Bank Controller (BCLVDSO):  0 out of 1 (0%)
   Number of DCCA:  0 out of 8 (0%)
   Number of DCMA:  0 out of 2 (0%)
   Number of PLLs:  0 out of 2 (0%)
   Number of DQSDLLs:  0 out of 2 (0%)
   Number of CLKDIVC:  0 out of 4 (0%)
   Number of ECLKSYNCA:  0 out of 4 (0%)
   Number of ECLKBRIDGECS:  0 out of 2 (0%)
   Notes:-
      1. Total number of LUT4s = (Number of logic LUT4s) + 2*(Number of distributed RAMs) + 2*(Number of ripple logic)
      2. Number of logic LUT4s does not include count of distributed RAM and ripple logic.
   Number of clocks:  4
     Net clk0_c: 8 loads, 8 rising, 0 falling (Driver: FS00/O01/oscout )
     Net FS03/un1_enfsm_2_uclk_i: 4 loads, 4 rising, 0 falling (Driver: FS03/E_act_derived_clock_RNIIOML[0] )
     Net FS03/E_act[0]: 2 loads, 0 rising, 2 falling (Driver: FS03/E_act[0] )
     Net FS00/sclk: 13 loads, 13 rising, 0 falling (Driver: FS00/O00/OSCInst0 )
   Number of Clock Enables:  1
     Net FS03.var0: 4 loads, 4 LSLICEs
   Number of local set/reset loads for net en0_c merged into GSR:  3
   Number of LSRs:  3
     Net en0_c: 4 loads, 4 LSLICEs
     Net FS01/outcontcr_0_sqmuxa_i: 3 loads, 3 LSLICEs
     Net FS00/O01/un1_oscout50_RNI5IP01: 12 loads, 12 LSLICEs
   Number of nets driven by tri-state buffers:  0
   Top 10 highest fanout non-clock nets:
     Net address0_c[1]: 25 loads
     Net address0_c[0]: 22 loads
     Net address0_c[3]: 17 loads
     Net address0_c[2]: 16 loads
     Net address0_c[4]: 15 loads
     Net FS00/O01/un1_oscout50_RNI5IP01: 12 loads
     Net N_138: 9 loads
     Net en0_c: 8 loads
     Net FS00/O01/sdiv[16]: 7 loads
     Net FS00/O01/sdiv[17]: 7 loads
 

   Number of warnings:  1
   Number of errors:    0



Total CPU Time: 0 secs  
Total REAL Time: 0 secs  
Peak Memory Usage: 58 MB

Dumping design to file fsmmoore00_fsmmoore0_map.ncd.

mpartrce -p "fsmmoore00_fsmmoore0.p2t" -f "fsmmoore00_fsmmoore0.p3t" -tf "fsmmoore00_fsmmoore0.pt" "fsmmoore00_fsmmoore0_map.ncd" "fsmmoore00_fsmmoore0.ncd"

---- MParTrce Tool ----
Removing old design directory at request of -rem command line option to this program.
Running par. Please wait . . .

Lattice Place and Route Report for Design "fsmmoore00_fsmmoore0_map.ncd"
Thu Jun 09 19:45:59 2022

PAR: Place And Route Diamond (64-bit) 3.12.0.240.2.
Command Line: par -w -l 5 -i 6 -t 1 -c 0 -e 0 -gui -msgset C:/Users/Mau/Documents/Arqui/practicas/TercelParcial/04-fsmmoore00/promote.xml -exp parUseNBR=1:parCDP=0:parCDR=0:parPathBased=OFF:parASE=1 fsmmoore00_fsmmoore0_map.ncd fsmmoore00_fsmmoore0.dir/5_1.ncd fsmmoore00_fsmmoore0.prf
Preference file: fsmmoore00_fsmmoore0.prf.
Placement level-cost: 5-1.
Routing Iterations: 6

Loading design for application par from file fsmmoore00_fsmmoore0_map.ncd.
Design name: fsmmoore00
NCD version: 3.3
Vendor:      LATTICE
Device:      LCMXO2-7000HE
Package:     TQFP144
Performance: 5
Loading device for application par from file 'xo2c7000.nph' in environment: C:/lscc/diamond/3.12/ispfpga.
Package Status:                     Final          Version 1.39.
Performance Hardware Data Status:   Final          Version 34.4.
License checked out.


Ignore Preference Error(s):  True
Device utilization summary:

   PIO (prelim)   22+4(JTAG)/336     8% used
                  22+4(JTAG)/115     23% bonded
   IOLOGIC            1/336          <1% used

   SLICE             63/3432          1% used

   GSR                1/1           100% used
   OSC                1/1           100% used


Number of Signals: 189
Number of Connections: 495

Pin Constraint Summary:
   22 out of 22 pins locked (100% locked).

The following 1 signal is selected to use the primary clock routing resources:
    FS00/sclk (driver: FS00/O00/OSCInst0, clk load #: 13)


The following 2 signals are selected to use the secondary clock routing resources:
    clk0_c (driver: FS00/O01/SLICE_23, clk load #: 8, sr load #: 0, ce load #: 0)
    FS00/O01/un1_oscout50_RNI5IP01 (driver: FS00/O01/SLICE_36, clk load #: 0, sr load #: 12, ce load #: 0)

Signal en0_c is selected as Global Set/Reset.
Starting Placer Phase 0.

Finished Placer Phase 0.  REAL time: 2 secs 

Starting Placer Phase 1.
....................
Placer score = 39348.
Finished Placer Phase 1.  REAL time: 7 secs 

Starting Placer Phase 2.
.
Placer score =  39342
Finished Placer Phase 2.  REAL time: 7 secs 


------------------ Clock Report ------------------

Global Clock Resources:
  CLK_PIN    : 0 out of 8 (0%)
  PLL        : 0 out of 2 (0%)
  DCM        : 0 out of 2 (0%)
  DCC        : 0 out of 8 (0%)

Global Clocks:
  PRIMARY "FS00/sclk" from OSC on comp "FS00/O00/OSCInst0" on site "OSC", clk load = 13
  SECONDARY "clk0_c" from Q0 on comp "FS00/O01/SLICE_23" on site "R21C20D", clk load = 8, ce load = 0, sr load = 0
  SECONDARY "FS00/O01/un1_oscout50_RNI5IP01" from F0 on comp "FS00/O01/SLICE_36" on site "R21C20B", clk load = 0, ce load = 0, sr load = 12

  PRIMARY  : 1 out of 8 (12%)
  SECONDARY: 2 out of 8 (25%)

Edge Clocks:
  No edge clock selected.

--------------- End of Clock Report ---------------


I/O Usage Summary (final):
   22 + 4(JTAG) out of 336 (7.7%) PIO sites used.
   22 + 4(JTAG) out of 115 (22.6%) bonded PIO sites used.
   Number of PIO comps: 22; differential: 0.
   Number of Vref pins used: 0.

I/O Bank Usage Summary:
+----------+----------------+------------+-----------+
| I/O Bank | Usage          | Bank Vccio | Bank Vref |
+----------+----------------+------------+-----------+
| 0        | 0 / 28 (  0%)  | -          | -         |
| 1        | 12 / 29 ( 41%) | 2.5V       | -         |
| 2        | 4 / 29 ( 13%)  | 2.5V       | -         |
| 3        | 5 / 9 ( 55%)   | 2.5V       | -         |
| 4        | 0 / 10 (  0%)  | -          | -         |
| 5        | 1 / 10 ( 10%)  | 2.5V       | -         |
+----------+----------------+------------+-----------+

Total placer CPU time: 6 secs 

Dumping design to file fsmmoore00_fsmmoore0.dir/5_1.ncd.

0 connections routed; 495 unrouted.
Starting router resource preassignment

    <postMsg mid="66011008" type="Warning" dynamic="1" navigation="0" arg0="&#xA;   Signal=FS03/un1_enfsm_2_uclk_i loads=4 clock_loads=4&#xA;   Signal=FS03/E_act[0] loads=3 clock_loads=2"  />

Completed router resource preassignment. Real time: 9 secs 

Start NBR router at 19:46:09 06/09/22

*****************************************************************
Info: NBR allows conflicts(one node used by more than one signal)
      in the earlier iterations. In each iteration, it tries to  
      solve the conflicts while keeping the critical connections 
      routed as short as possible. The routing process is said to
      be completed when no conflicts exist and all connections   
      are routed.                                                
Note: NBR uses a different method to calculate timing slacks. The
      worst slack and total negative slack may not be the same as
      that in TRCE report. You should always run TRCE to verify  
      your design.                                               
*****************************************************************

Start NBR special constraint process at 19:46:09 06/09/22

Start NBR section for initial routing at 19:46:09 06/09/22
Level 4, iteration 1
19(0.01%) conflicts; 0(0.00%) untouched conn; 0 (nbr) score; 
Estimated worst slack/total negative slack<setup>: 462.338ns/0.000ns; real time: 11 secs 

Info: Initial congestion level at 75% usage is 0
Info: Initial congestion area  at 75% usage is 0 (0.00%)

Start NBR section for normal routing at 19:46:10 06/09/22
Level 4, iteration 1
12(0.00%) conflicts; 0(0.00%) untouched conn; 0 (nbr) score; 
Estimated worst slack/total negative slack<setup>: 462.338ns/0.000ns; real time: 11 secs 
Level 4, iteration 2
4(0.00%) conflicts; 0(0.00%) untouched conn; 0 (nbr) score; 
Estimated worst slack/total negative slack<setup>: 461.760ns/0.000ns; real time: 11 secs 
Level 4, iteration 3
2(0.00%) conflicts; 0(0.00%) untouched conn; 0 (nbr) score; 
Estimated worst slack/total negative slack<setup>: 461.760ns/0.000ns; real time: 11 secs 
Level 4, iteration 4
2(0.00%) conflicts; 0(0.00%) untouched conn; 0 (nbr) score; 
Estimated worst slack/total negative slack<setup>: 461.760ns/0.000ns; real time: 11 secs 
Level 4, iteration 5
1(0.00%) conflict; 0(0.00%) untouched conn; 0 (nbr) score; 
Estimated worst slack/total negative slack<setup>: 461.760ns/0.000ns; real time: 11 secs 
Level 4, iteration 6
1(0.00%) conflict; 0(0.00%) untouched conn; 0 (nbr) score; 
Estimated worst slack/total negative slack<setup>: 461.760ns/0.000ns; real time: 11 secs 
Level 4, iteration 7
1(0.00%) conflict; 0(0.00%) untouched conn; 0 (nbr) score; 
Estimated worst slack/total negative slack<setup>: 461.760ns/0.000ns; real time: 11 secs 
Level 4, iteration 8
0(0.00%) conflict; 0(0.00%) untouched conn; 0 (nbr) score; 
Estimated worst slack/total negative slack<setup>: 461.760ns/0.000ns; real time: 11 secs 

Start NBR section for setup/hold timing optimization with effort level 3 at 19:46:10 06/09/22

Start NBR section for re-routing at 19:46:11 06/09/22
Level 4, iteration 1
0(0.00%) conflict; 0(0.00%) untouched conn; 0 (nbr) score; 
Estimated worst slack/total negative slack<setup>: 461.760ns/0.000ns; real time: 12 secs 

Start NBR section for post-routing at 19:46:11 06/09/22

End NBR router with 0 unrouted connection

NBR Summary
-----------
  Number of unrouted connections : 0 (0.00%)
  Number of connections with timing violations : 0 (0.00%)
  Estimated worst slack<setup> : 461.760ns
  Timing score<setup> : 0
-----------
Notes: The timing info is calculated for SETUP only and all PAR_ADJs are ignored.



    <postMsg mid="66011008" type="Warning" dynamic="1" navigation="0" arg0="&#xA;   Signal=FS03/un1_enfsm_2_uclk_i loads=4 clock_loads=4&#xA;   Signal=FS03/E_act[0] loads=3 clock_loads=2"  />

Total CPU time 10 secs 
Total REAL time: 12 secs 
Completely routed.
End of route.  495 routed (100.00%); 0 unrouted.

Hold time timing score: 0, hold timing errors: 0

Timing score: 0 

Dumping design to file fsmmoore00_fsmmoore0.dir/5_1.ncd.


PAR_SUMMARY::Run status = Completed
PAR_SUMMARY::Number of unrouted conns = 0
PAR_SUMMARY::Worst  slack<setup/<ns>> = 461.760
PAR_SUMMARY::Timing score<setup/<ns>> = 0.000
PAR_SUMMARY::Worst  slack<hold /<ns>> = 0.379
PAR_SUMMARY::Timing score<hold /<ns>> = 0.000
PAR_SUMMARY::Number of errors = 0

Total CPU  time to completion: 10 secs 
Total REAL time to completion: 12 secs 

par done!

Note: user must run 'Trace' for timing closure signoff.

Copyright (c) 1991-1994 by NeoCAD Inc. All rights reserved.
Copyright (c) 1995 AT&T Corp.   All rights reserved.
Copyright (c) 1995-2001 Lucent Technologies Inc.  All rights reserved.
Copyright (c) 2001 Agere Systems   All rights reserved.
Copyright (c) 2002-2020 Lattice Semiconductor Corporation,  All rights reserved.
Exiting par with exit code 0
Exiting mpartrce with exit code 0

trce -f "fsmmoore00_fsmmoore0.pt" -o "fsmmoore00_fsmmoore0.twr" "fsmmoore00_fsmmoore0.ncd" "fsmmoore00_fsmmoore0.prf"
trce:  version Diamond (64-bit) 3.12.0.240.2

Copyright (c) 1991-1994 by NeoCAD Inc. All rights reserved.
Copyright (c) 1995 AT&T Corp.   All rights reserved.
Copyright (c) 1995-2001 Lucent Technologies Inc.  All rights reserved.
Copyright (c) 2001 Agere Systems   All rights reserved.
Copyright (c) 2002-2020 Lattice Semiconductor Corporation,  All rights reserved.

Loading design for application trce from file fsmmoore00_fsmmoore0.ncd.
Design name: fsmmoore00
NCD version: 3.3
Vendor:      LATTICE
Device:      LCMXO2-7000HE
Package:     TQFP144
Performance: 5
Loading device for application trce from file 'xo2c7000.nph' in environment: C:/lscc/diamond/3.12/ispfpga.
Package Status:                     Final          Version 1.39.
Performance Hardware Data Status:   Final          Version 34.4.
Setup and Hold Report

--------------------------------------------------------------------------------
Lattice TRACE Report - Setup, Version Diamond (64-bit) 3.12.0.240.2
Thu Jun 09 19:46:12 2022

Copyright (c) 1991-1994 by NeoCAD Inc. All rights reserved.
Copyright (c) 1995 AT&T Corp.   All rights reserved.
Copyright (c) 1995-2001 Lucent Technologies Inc.  All rights reserved.
Copyright (c) 2001 Agere Systems   All rights reserved.
Copyright (c) 2002-2020 Lattice Semiconductor Corporation,  All rights reserved.

Report Information
------------------
Command line:    trce -v 10 -gt -sethld -sp 5 -sphld m -o fsmmoore00_fsmmoore0.twr -gui -msgset C:/Users/Mau/Documents/Arqui/practicas/TercelParcial/04-fsmmoore00/promote.xml fsmmoore00_fsmmoore0.ncd fsmmoore00_fsmmoore0.prf 
Design file:     fsmmoore00_fsmmoore0.ncd
Preference file: fsmmoore00_fsmmoore0.prf
Device,speed:    LCMXO2-7000HE,5
Report level:    verbose report, limited to 10 items per preference
--------------------------------------------------------------------------------

BLOCK ASYNCPATHS
BLOCK RESETPATHS
--------------------------------------------------------------------------------



Timing summary (Setup):
---------------

Timing errors: 0  Score: 0
Cumulative negative slack: 0

Constraints cover 5930 paths, 1 nets, and 421 connections (85.05% coverage)

--------------------------------------------------------------------------------
Lattice TRACE Report - Hold, Version Diamond (64-bit) 3.12.0.240.2
Thu Jun 09 19:46:12 2022

Copyright (c) 1991-1994 by NeoCAD Inc. All rights reserved.
Copyright (c) 1995 AT&T Corp.   All rights reserved.
Copyright (c) 1995-2001 Lucent Technologies Inc.  All rights reserved.
Copyright (c) 2001 Agere Systems   All rights reserved.
Copyright (c) 2002-2020 Lattice Semiconductor Corporation,  All rights reserved.

Report Information
------------------
Command line:    trce -v 10 -gt -sethld -sp 5 -sphld m -o fsmmoore00_fsmmoore0.twr -gui -msgset C:/Users/Mau/Documents/Arqui/practicas/TercelParcial/04-fsmmoore00/promote.xml fsmmoore00_fsmmoore0.ncd fsmmoore00_fsmmoore0.prf 
Design file:     fsmmoore00_fsmmoore0.ncd
Preference file: fsmmoore00_fsmmoore0.prf
Device,speed:    LCMXO2-7000HE,m
Report level:    verbose report, limited to 10 items per preference
--------------------------------------------------------------------------------

BLOCK ASYNCPATHS
BLOCK RESETPATHS
--------------------------------------------------------------------------------



Timing summary (Hold):
---------------

Timing errors: 0  Score: 0
Cumulative negative slack: 0

Constraints cover 5930 paths, 1 nets, and 421 connections (85.05% coverage)



Timing summary (Setup and Hold):
---------------

Timing errors: 0 (setup), 0 (hold)
Score: 0 (setup), 0 (hold)
Cumulative negative slack: 0 (0+0)
--------------------------------------------------------------------------------

--------------------------------------------------------------------------------

Total CPU Time: 0 secs 
Total REAL Time: 0 secs 
Peak Memory Usage: 67 MB


tmcheck -par "fsmmoore00_fsmmoore0.par" 

bitgen -f "fsmmoore00_fsmmoore0.t2b" -w "fsmmoore00_fsmmoore0.ncd"  -jedec "fsmmoore00_fsmmoore0.prf"


BITGEN: Bitstream Generator Diamond (64-bit) 3.12.0.240.2
Copyright (c) 1991-1994 by NeoCAD Inc. All rights reserved.
Copyright (c) 1995 AT&T Corp.   All rights reserved.
Copyright (c) 1995-2001 Lucent Technologies Inc.  All rights reserved.
Copyright (c) 2001 Agere Systems   All rights reserved.
Copyright (c) 2002-2020 Lattice Semiconductor Corporation,  All rights reserved.


Loading design for application Bitgen from file fsmmoore00_fsmmoore0.ncd.
Design name: fsmmoore00
NCD version: 3.3
Vendor:      LATTICE
Device:      LCMXO2-7000HE
Package:     TQFP144
Performance: 5
Loading device for application Bitgen from file 'xo2c7000.nph' in environment: C:/lscc/diamond/3.12/ispfpga.
Package Status:                     Final          Version 1.39.
Performance Hardware Data Status:   Final          Version 34.4.

Running DRC.
DRC detected 0 errors and 0 warnings.
Reading Preference File from fsmmoore00_fsmmoore0.prf.

Preference Summary:
+---------------------------------+---------------------------------+
|  Preference                     |  Current Setting                |
+---------------------------------+---------------------------------+
|                         RamCfg  |                        Reset**  |
+---------------------------------+---------------------------------+
|                     MCCLK_FREQ  |                         2.08**  |
+---------------------------------+---------------------------------+
|                  CONFIG_SECURE  |                          OFF**  |
+---------------------------------+---------------------------------+
|                          INBUF  |                           ON**  |
+---------------------------------+---------------------------------+
|                      JTAG_PORT  |                       ENABLE**  |
+---------------------------------+---------------------------------+
|                       SDM_PORT  |                      DISABLE**  |
+---------------------------------+---------------------------------+
|                 SLAVE_SPI_PORT  |                      DISABLE**  |
+---------------------------------+---------------------------------+
|                MASTER_SPI_PORT  |                      DISABLE**  |
+---------------------------------+---------------------------------+
|                       I2C_PORT  |                      DISABLE**  |
+---------------------------------+---------------------------------+
|        MUX_CONFIGURATION_PORTS  |                      DISABLE**  |
+---------------------------------+---------------------------------+
|                  CONFIGURATION  |                          CFG**  |
+---------------------------------+---------------------------------+
|                COMPRESS_CONFIG  |                           ON**  |
+---------------------------------+---------------------------------+
|                        MY_ASSP  |                          OFF**  |
+---------------------------------+---------------------------------+
|               ONE_TIME_PROGRAM  |                          OFF**  |
+---------------------------------+---------------------------------+
|                 ENABLE_TRANSFR  |                      DISABLE**  |
+---------------------------------+---------------------------------+
|                  SHAREDEBRINIT  |                      DISABLE**  |
+---------------------------------+---------------------------------+
|            BACKGROUND_RECONFIG  |                          OFF**  |
+---------------------------------+---------------------------------+
 *  Default setting.
 ** The specified setting matches the default setting.


Creating bit map...
 
Bitstream Status: Final           Version 1.95.
 
Saving bit stream in "fsmmoore00_fsmmoore0.jed".
 
===========
UFM Summary.
===========
UFM Size:        2046 Pages (128*2046 Bits).
UFM Utilization: General Purpose Flash Memory.
 
Available General Purpose Flash Memory: 2046 Pages (Page 0 to Page 2045).
Initialized UFM Pages:                     0 Page.
 
Total CPU Time: 4 secs 
Total REAL Time: 5 secs 
Peak Memory Usage: 289 MB
