###########################################################[

Copyright (C) 1994-2021 Synopsys, Inc.
This Synopsys software and all associated documentation are proprietary to Synopsys, Inc.
and may only be used pursuant to the terms and conditions of a written license agreement
with Synopsys, Inc. All other use, reproduction, modification, or distribution of the
Synopsys software or the associated documentation is strictly prohibited.
Tool: Synplify Pro (R)
Build: R-2021.03L-SP1
Install: C:\lscc\diamond\3.12\synpbase
OS: Windows 6.2

Hostname: DESKTOP-EM0A4AG

Implementation : oscint0
Synopsys VHDL Compiler, Version comp202103synp2, Build 093R, Built Aug 10 2021 09:15:36, @

@N|Running in 64-bit mode
@N:"C:\Users\Mau\Documents\Arqui\practicas\08-oscint00\oscint00.vhdl":6:7:6:14|Top entity is set to oscint00.
@N: CD140 :	| Using the VHDL 1993 Standard for file 'C:/lscc/diamond/3.12/cae_library/synthesis/vhdl/machxo2.vhd'.
@N: CD140 :	| Using the VHDL 1993 Standard for file 'C:/Users/Mau/Documents/Arqui/practicas/08-oscint00/oscint00.vhdl'.
@W: CD645 :"C:/Users/Mau/Documents/Arqui/practicas/08-oscint00/oscint00.vhdl":3:8:3:14|Ignoring undefined library lattice
@W: CD642 :"C:/Users/Mau/Documents/Arqui/practicas/08-oscint00/oscint00.vhdl":4:15:4:15|Ignoring use clause - library lattice not found ...

At c_vhdl Exit (Real Time elapsed 0h:00m:00s; CPU Time elapsed 0h:00m:00s; Memory used current: 87MB peak: 88MB)

Process took 0h:00m:01s realtime, 0h:00m:01s cputime

Process completed successfully.
# Wed Mar  2 11:25:31 2022

###########################################################]
